{"total": {"lines":{"total":10931,"covered":2646,"skipped":0,"pct":24.2},"statements":{"total":10931,"covered":2646,"skipped":0,"pct":24.2},"functions":{"total":218,"covered":102,"skipped":0,"pct":46.78},"branches":{"total":639,"covered":416,"skipped":0,"pct":65.1},"branchesTrue":{"total":0,"covered":0,"skipped":0,"pct":100}}
,"D:\\Cursor project\\fullstack-next-cloudflare-main\\src\\app\\(admin)\\admin\\access\\[token]\\route.ts": {"lines":{"total":52,"covered":0,"skipped":0,"pct":0},"functions":{"total":1,"covered":0,"skipped":0,"pct":0},"statements":{"total":52,"covered":0,"skipped":0,"pct":0},"branches":{"total":1,"covered":0,"skipped":0,"pct":0}}
,"D:\\Cursor project\\fullstack-next-cloudflare-main\\src\\app\\api\\admin\\audit-logs\\route.ts": {"lines":{"total":17,"covered":0,"skipped":0,"pct":0},"functions":{"total":1,"covered":0,"skipped":0,"pct":0},"statements":{"total":17,"covered":0,"skipped":0,"pct":0},"branches":{"total":1,"covered":0,"skipped":0,"pct":0}}
,"D:\\Cursor project\\fullstack-next-cloudflare-main\\src\\app\\api\\admin\\categories\\route.ts": {"lines":{"total":18,"covered":0,"skipped":0,"pct":0},"functions":{"total":1,"covered":0,"skipped":0,"pct":0},"statements":{"total":18,"covered":0,"skipped":0,"pct":0},"branches":{"total":1,"covered":0,"skipped":0,"pct":0}}
,"D:\\Cursor project\\fullstack-next-cloudflare-main\\src\\app\\api\\admin\\content-pages\\route.ts": {"lines":{"total":31,"covered":0,"skipped":0,"pct":0},"functions":{"total":1,"covered":0,"skipped":0,"pct":0},"statements":{"total":31,"covered":0,"skipped":0,"pct":0},"branches":{"total":1,"covered":0,"skipped":0,"pct":0}}
,"D:\\Cursor project\\fullstack-next-cloudflare-main\\src\\app\\api\\admin\\content-pages\\[id]\\route.ts": {"lines":{"total":64,"covered":0,"skipped":0,"pct":0},"functions":{"total":1,"covered":0,"skipped":0,"pct":0},"statements":{"total":64,"covered":0,"skipped":0,"pct":0},"branches":{"total":1,"covered":0,"skipped":0,"pct":0}}
,"D:\\Cursor project\\fullstack-next-cloudflare-main\\src\\app\\api\\admin\\coupons\\route.ts": {"lines":{"total":31,"covered":0,"skipped":0,"pct":0},"functions":{"total":1,"covered":0,"skipped":0,"pct":0},"statements":{"total":31,"covered":0,"skipped":0,"pct":0},"branches":{"total":1,"covered":0,"skipped":0,"pct":0}}
,"D:\\Cursor project\\fullstack-next-cloudflare-main\\src\\app\\api\\admin\\coupons\\[id]\\route.ts": {"lines":{"total":64,"covered":0,"skipped":0,"pct":0},"functions":{"total":1,"covered":0,"skipped":0,"pct":0},"statements":{"total":64,"covered":0,"skipped":0,"pct":0},"branches":{"total":1,"covered":0,"skipped":0,"pct":0}}
,"D:\\Cursor project\\fullstack-next-cloudflare-main\\src\\app\\api\\admin\\credits-history\\route.ts": {"lines":{"total":22,"covered":0,"skipped":0,"pct":0},"functions":{"total":1,"covered":0,"skipped":0,"pct":0},"statements":{"total":22,"covered":0,"skipped":0,"pct":0},"branches":{"total":1,"covered":0,"skipped":0,"pct":0}}
,"D:\\Cursor project\\fullstack-next-cloudflare-main\\src\\app\\api\\admin\\dashboard\\route.ts": {"lines":{"total":20,"covered":0,"skipped":0,"pct":0},"functions":{"total":1,"covered":0,"skipped":0,"pct":0},"statements":{"total":20,"covered":0,"skipped":0,"pct":0},"branches":{"total":1,"covered":0,"skipped":0,"pct":0}}
,"D:\\Cursor project\\fullstack-next-cloudflare-main\\src\\app\\api\\admin\\orders\\route.ts": {"lines":{"total":22,"covered":0,"skipped":0,"pct":0},"functions":{"total":1,"covered":0,"skipped":0,"pct":0},"statements":{"total":22,"covered":0,"skipped":0,"pct":0},"branches":{"total":1,"covered":0,"skipped":0,"pct":0}}
,"D:\\Cursor project\\fullstack-next-cloudflare-main\\src\\app\\api\\admin\\orders\\[id]\\route.ts": {"lines":{"total":26,"covered":0,"skipped":0,"pct":0},"functions":{"total":1,"covered":0,"skipped":0,"pct":0},"statements":{"total":26,"covered":0,"skipped":0,"pct":0},"branches":{"total":1,"covered":0,"skipped":0,"pct":0}}
,"D:\\Cursor project\\fullstack-next-cloudflare-main\\src\\app\\api\\admin\\products\\route.ts": {"lines":{"total":31,"covered":0,"skipped":0,"pct":0},"functions":{"total":1,"covered":0,"skipped":0,"pct":0},"statements":{"total":31,"covered":0,"skipped":0,"pct":0},"branches":{"total":1,"covered":0,"skipped":0,"pct":0}}
,"D:\\Cursor project\\fullstack-next-cloudflare-main\\src\\app\\api\\admin\\products\\[id]\\route.ts": {"lines":{"total":64,"covered":0,"skipped":0,"pct":0},"functions":{"total":1,"covered":0,"skipped":0,"pct":0},"statements":{"total":64,"covered":0,"skipped":0,"pct":0},"branches":{"total":1,"covered":0,"skipped":0,"pct":0}}
,"D:\\Cursor project\\fullstack-next-cloudflare-main\\src\\app\\api\\admin\\reports\\route.ts": {"lines":{"total":35,"covered":0,"skipped":0,"pct":0},"functions":{"total":1,"covered":0,"skipped":0,"pct":0},"statements":{"total":35,"covered":0,"skipped":0,"pct":0},"branches":{"total":1,"covered":0,"skipped":0,"pct":0}}
,"D:\\Cursor project\\fullstack-next-cloudflare-main\\src\\app\\api\\admin\\session\\route.ts": {"lines":{"total":22,"covered":0,"skipped":0,"pct":0},"functions":{"total":1,"covered":0,"skipped":0,"pct":0},"statements":{"total":22,"covered":0,"skipped":0,"pct":0},"branches":{"total":1,"covered":0,"skipped":0,"pct":0}}
,"D:\\Cursor project\\fullstack-next-cloudflare-main\\src\\app\\api\\admin\\site-settings\\route.ts": {"lines":{"total":34,"covered":0,"skipped":0,"pct":0},"functions":{"total":1,"covered":0,"skipped":0,"pct":0},"statements":{"total":34,"covered":0,"skipped":0,"pct":0},"branches":{"total":1,"covered":0,"skipped":0,"pct":0}}
,"D:\\Cursor project\\fullstack-next-cloudflare-main\\src\\app\\api\\admin\\tenants\\route.ts": {"lines":{"total":22,"covered":0,"skipped":0,"pct":0},"functions":{"total":1,"covered":0,"skipped":0,"pct":0},"statements":{"total":22,"covered":0,"skipped":0,"pct":0},"branches":{"total":1,"covered":0,"skipped":0,"pct":0}}
,"D:\\Cursor project\\fullstack-next-cloudflare-main\\src\\app\\api\\admin\\tenants\\[id]\\route.ts": {"lines":{"total":26,"covered":0,"skipped":0,"pct":0},"functions":{"total":1,"covered":0,"skipped":0,"pct":0},"statements":{"total":26,"covered":0,"skipped":0,"pct":0},"branches":{"total":1,"covered":0,"skipped":0,"pct":0}}
,"D:\\Cursor project\\fullstack-next-cloudflare-main\\src\\app\\api\\admin\\todos\\route.ts": {"lines":{"total":74,"covered":0,"skipped":0,"pct":0},"functions":{"total":1,"covered":0,"skipped":0,"pct":0},"statements":{"total":74,"covered":0,"skipped":0,"pct":0},"branches":{"total":1,"covered":0,"skipped":0,"pct":0}}
,"D:\\Cursor project\\fullstack-next-cloudflare-main\\src\\app\\api\\admin\\todos\\[id]\\route.ts": {"lines":{"total":116,"covered":0,"skipped":0,"pct":0},"functions":{"total":1,"covered":0,"skipped":0,"pct":0},"statements":{"total":116,"covered":0,"skipped":0,"pct":0},"branches":{"total":1,"covered":0,"skipped":0,"pct":0}}
,"D:\\Cursor project\\fullstack-next-cloudflare-main\\src\\app\\api\\admin\\usage\\route.ts": {"lines":{"total":24,"covered":0,"skipped":0,"pct":0},"functions":{"total":1,"covered":0,"skipped":0,"pct":0},"statements":{"total":24,"covered":0,"skipped":0,"pct":0},"branches":{"total":1,"covered":0,"skipped":0,"pct":0}}
,"D:\\Cursor project\\fullstack-next-cloudflare-main\\src\\app\\api\\auth\\[...all]\\route.ts": {"lines":{"total":19,"covered":0,"skipped":0,"pct":0},"functions":{"total":1,"covered":0,"skipped":0,"pct":0},"statements":{"total":19,"covered":0,"skipped":0,"pct":0},"branches":{"total":1,"covered":0,"skipped":0,"pct":0}}
,"D:\\Cursor project\\fullstack-next-cloudflare-main\\src\\app\\api\\creem\\create-checkout\\route.ts": {"lines":{"total":433,"covered":0,"skipped":0,"pct":0},"functions":{"total":1,"covered":0,"skipped":0,"pct":0},"statements":{"total":433,"covered":0,"skipped":0,"pct":0},"branches":{"total":1,"covered":0,"skipped":0,"pct":0}}
,"D:\\Cursor project\\fullstack-next-cloudflare-main\\src\\app\\api\\creem\\customer-portal\\route.ts": {"lines":{"total":201,"covered":0,"skipped":0,"pct":0},"functions":{"total":1,"covered":0,"skipped":0,"pct":0},"statements":{"total":201,"covered":0,"skipped":0,"pct":0},"branches":{"total":1,"covered":0,"skipped":0,"pct":0}}
,"D:\\Cursor project\\fullstack-next-cloudflare-main\\src\\app\\api\\health\\route.ts": {"lines":{"total":289,"covered":190,"skipped":0,"pct":65.74},"functions":{"total":8,"covered":8,"skipped":0,"pct":100},"statements":{"total":289,"covered":190,"skipped":0,"pct":65.74},"branches":{"total":75,"covered":41,"skipped":0,"pct":54.66}}
,"D:\\Cursor project\\fullstack-next-cloudflare-main\\src\\app\\api\\summarize\\route.ts": {"lines":{"total":77,"covered":0,"skipped":0,"pct":0},"functions":{"total":1,"covered":0,"skipped":0,"pct":0},"statements":{"total":77,"covered":0,"skipped":0,"pct":0},"branches":{"total":1,"covered":0,"skipped":0,"pct":0}}
,"D:\\Cursor project\\fullstack-next-cloudflare-main\\src\\app\\api\\webhooks\\creem\\route.ts": {"lines":{"total":183,"covered":0,"skipped":0,"pct":0},"functions":{"total":1,"covered":0,"skipped":0,"pct":0},"statements":{"total":183,"covered":0,"skipped":0,"pct":0},"branches":{"total":1,"covered":0,"skipped":0,"pct":0}}
,"D:\\Cursor project\\fullstack-next-cloudflare-main\\src\\lib\\api-error.ts": {"lines":{"total":41,"covered":41,"skipped":0,"pct":100},"functions":{"total":1,"covered":1,"skipped":0,"pct":100},"statements":{"total":41,"covered":41,"skipped":0,"pct":100},"branches":{"total":7,"covered":7,"skipped":0,"pct":100}}
,"D:\\Cursor project\\fullstack-next-cloudflare-main\\src\\lib\\auth.ts": {"lines":{"total":57,"covered":0,"skipped":0,"pct":0},"functions":{"total":1,"covered":0,"skipped":0,"pct":0},"statements":{"total":57,"covered":0,"skipped":0,"pct":0},"branches":{"total":1,"covered":0,"skipped":0,"pct":0}}
,"D:\\Cursor project\\fullstack-next-cloudflare-main\\src\\lib\\http.ts": {"lines":{"total":6,"covered":0,"skipped":0,"pct":0},"functions":{"total":1,"covered":0,"skipped":0,"pct":0},"statements":{"total":6,"covered":0,"skipped":0,"pct":0},"branches":{"total":1,"covered":0,"skipped":0,"pct":0}}
,"D:\\Cursor project\\fullstack-next-cloudflare-main\\src\\lib\\r2.ts": {"lines":{"total":215,"covered":182,"skipped":0,"pct":84.65},"functions":{"total":9,"covered":8,"skipped":0,"pct":88.88},"statements":{"total":215,"covered":182,"skipped":0,"pct":84.65},"branches":{"total":58,"covered":38,"skipped":0,"pct":65.51}}
,"D:\\Cursor project\\fullstack-next-cloudflare-main\\src\\lib\\rate-limit.ts": {"lines":{"total":94,"covered":0,"skipped":0,"pct":0},"functions":{"total":1,"covered":0,"skipped":0,"pct":0},"statements":{"total":94,"covered":0,"skipped":0,"pct":0},"branches":{"total":1,"covered":0,"skipped":0,"pct":0}}
,"D:\\Cursor project\\fullstack-next-cloudflare-main\\src\\lib\\seo-metadata.ts": {"lines":{"total":263,"covered":0,"skipped":0,"pct":0},"functions":{"total":1,"covered":0,"skipped":0,"pct":0},"statements":{"total":263,"covered":0,"skipped":0,"pct":0},"branches":{"total":1,"covered":0,"skipped":0,"pct":0}}
,"D:\\Cursor project\\fullstack-next-cloudflare-main\\src\\lib\\seo.ts": {"lines":{"total":450,"covered":294,"skipped":0,"pct":65.33},"functions":{"total":18,"covered":11,"skipped":0,"pct":61.11},"statements":{"total":450,"covered":294,"skipped":0,"pct":65.33},"branches":{"total":114,"covered":94,"skipped":0,"pct":82.45}}
,"D:\\Cursor project\\fullstack-next-cloudflare-main\\src\\lib\\sitemap.ts": {"lines":{"total":38,"covered":0,"skipped":0,"pct":0},"functions":{"total":1,"covered":0,"skipped":0,"pct":0},"statements":{"total":38,"covered":0,"skipped":0,"pct":0},"branches":{"total":1,"covered":0,"skipped":0,"pct":0}}
,"D:\\Cursor project\\fullstack-next-cloudflare-main\\src\\lib\\utils.ts": {"lines":{"total":5,"covered":5,"skipped":0,"pct":100},"functions":{"total":1,"covered":1,"skipped":0,"pct":100},"statements":{"total":5,"covered":5,"skipped":0,"pct":100},"branches":{"total":1,"covered":1,"skipped":0,"pct":100}}
,"D:\\Cursor project\\fullstack-next-cloudflare-main\\src\\modules\\admin\\metadata.ts": {"lines":{"total":36,"covered":0,"skipped":0,"pct":0},"functions":{"total":1,"covered":0,"skipped":0,"pct":0},"statements":{"total":36,"covered":0,"skipped":0,"pct":0},"branches":{"total":1,"covered":0,"skipped":0,"pct":0}}
,"D:\\Cursor project\\fullstack-next-cloudflare-main\\src\\modules\\admin\\catalog\\components\\content-page-form.tsx": {"lines":{"total":187,"covered":0,"skipped":0,"pct":0},"functions":{"total":1,"covered":0,"skipped":0,"pct":0},"statements":{"total":187,"covered":0,"skipped":0,"pct":0},"branches":{"total":1,"covered":0,"skipped":0,"pct":0}}
,"D:\\Cursor project\\fullstack-next-cloudflare-main\\src\\modules\\admin\\catalog\\components\\coupon-form.tsx": {"lines":{"total":206,"covered":0,"skipped":0,"pct":0},"functions":{"total":1,"covered":0,"skipped":0,"pct":0},"statements":{"total":206,"covered":0,"skipped":0,"pct":0},"branches":{"total":1,"covered":0,"skipped":0,"pct":0}}
,"D:\\Cursor project\\fullstack-next-cloudflare-main\\src\\modules\\admin\\catalog\\components\\product-form.tsx": {"lines":{"total":203,"covered":0,"skipped":0,"pct":0},"functions":{"total":1,"covered":0,"skipped":0,"pct":0},"statements":{"total":203,"covered":0,"skipped":0,"pct":0},"branches":{"total":1,"covered":0,"skipped":0,"pct":0}}
,"D:\\Cursor project\\fullstack-next-cloudflare-main\\src\\modules\\admin\\components\\admin-refine-app.tsx": {"lines":{"total":157,"covered":0,"skipped":0,"pct":0},"functions":{"total":1,"covered":0,"skipped":0,"pct":0},"statements":{"total":157,"covered":0,"skipped":0,"pct":0},"branches":{"total":1,"covered":0,"skipped":0,"pct":0}}
,"D:\\Cursor project\\fullstack-next-cloudflare-main\\src\\modules\\admin\\components\\admin-shell.tsx": {"lines":{"total":110,"covered":0,"skipped":0,"pct":0},"functions":{"total":1,"covered":0,"skipped":0,"pct":0},"statements":{"total":110,"covered":0,"skipped":0,"pct":0},"branches":{"total":1,"covered":0,"skipped":0,"pct":0}}
,"D:\\Cursor project\\fullstack-next-cloudflare-main\\src\\modules\\admin\\dashboard\\components\\usage-sparkline.tsx": {"lines":{"total":49,"covered":0,"skipped":0,"pct":0},"functions":{"total":1,"covered":0,"skipped":0,"pct":0},"statements":{"total":49,"covered":0,"skipped":0,"pct":0},"branches":{"total":1,"covered":0,"skipped":0,"pct":0}}
,"D:\\Cursor project\\fullstack-next-cloudflare-main\\src\\modules\\admin\\providers\\auth-provider.ts": {"lines":{"total":58,"covered":56,"skipped":0,"pct":96.55},"functions":{"total":7,"covered":6,"skipped":0,"pct":85.71},"statements":{"total":58,"covered":56,"skipped":0,"pct":96.55},"branches":{"total":14,"covered":12,"skipped":0,"pct":85.71}}
,"D:\\Cursor project\\fullstack-next-cloudflare-main\\src\\modules\\admin\\providers\\data-provider.ts": {"lines":{"total":176,"covered":169,"skipped":0,"pct":96.02},"functions":{"total":9,"covered":8,"skipped":0,"pct":88.88},"statements":{"total":176,"covered":169,"skipped":0,"pct":96.02},"branches":{"total":39,"covered":23,"skipped":0,"pct":58.97}}
,"D:\\Cursor project\\fullstack-next-cloudflare-main\\src\\modules\\admin\\providers\\notification-provider.tsx": {"lines":{"total":33,"covered":0,"skipped":0,"pct":0},"functions":{"total":1,"covered":0,"skipped":0,"pct":0},"statements":{"total":33,"covered":0,"skipped":0,"pct":0},"branches":{"total":1,"covered":0,"skipped":0,"pct":0}}
,"D:\\Cursor project\\fullstack-next-cloudflare-main\\src\\modules\\admin\\routes\\admin.routes.ts": {"lines":{"total":37,"covered":37,"skipped":0,"pct":100},"functions":{"total":2,"covered":2,"skipped":0,"pct":100},"statements":{"total":37,"covered":37,"skipped":0,"pct":100},"branches":{"total":2,"covered":2,"skipped":0,"pct":100}}
,"D:\\Cursor project\\fullstack-next-cloudflare-main\\src\\modules\\admin\\schemas\\catalog.schema.ts": {"lines":{"total":60,"covered":52,"skipped":0,"pct":86.66},"functions":{"total":0,"covered":0,"skipped":0,"pct":100},"statements":{"total":60,"covered":52,"skipped":0,"pct":86.66},"branches":{"total":0,"covered":0,"skipped":0,"pct":100}}
,"D:\\Cursor project\\fullstack-next-cloudflare-main\\src\\modules\\admin\\schemas\\orders.schema.ts": {"lines":{"total":14,"covered":14,"skipped":0,"pct":100},"functions":{"total":1,"covered":0,"skipped":0,"pct":0},"statements":{"total":14,"covered":14,"skipped":0,"pct":100},"branches":{"total":0,"covered":0,"skipped":0,"pct":100}}
,"D:\\Cursor project\\fullstack-next-cloudflare-main\\src\\modules\\admin\\schemas\\reporting.schema.ts": {"lines":{"total":19,"covered":19,"skipped":0,"pct":100},"functions":{"total":0,"covered":0,"skipped":0,"pct":100},"statements":{"total":19,"covered":19,"skipped":0,"pct":100},"branches":{"total":0,"covered":0,"skipped":0,"pct":100}}
,"D:\\Cursor project\\fullstack-next-cloudflare-main\\src\\modules\\admin\\schemas\\site-settings.schema.ts": {"lines":{"total":24,"covered":24,"skipped":0,"pct":100},"functions":{"total":0,"covered":0,"skipped":0,"pct":100},"statements":{"total":24,"covered":24,"skipped":0,"pct":100},"branches":{"total":0,"covered":0,"skipped":0,"pct":100}}
,"D:\\Cursor project\\fullstack-next-cloudflare-main\\src\\modules\\admin\\services\\analytics.service.ts": {"lines":{"total":203,"covered":0,"skipped":0,"pct":0},"functions":{"total":1,"covered":0,"skipped":0,"pct":0},"statements":{"total":203,"covered":0,"skipped":0,"pct":0},"branches":{"total":1,"covered":0,"skipped":0,"pct":0}}
,"D:\\Cursor project\\fullstack-next-cloudflare-main\\src\\modules\\admin\\services\\billing.service.ts": {"lines":{"total":121,"covered":0,"skipped":0,"pct":0},"functions":{"total":1,"covered":0,"skipped":0,"pct":0},"statements":{"total":121,"covered":0,"skipped":0,"pct":0},"branches":{"total":1,"covered":0,"skipped":0,"pct":0}}
,"D:\\Cursor project\\fullstack-next-cloudflare-main\\src\\modules\\admin\\services\\catalog.service.ts": {"lines":{"total":307,"covered":0,"skipped":0,"pct":0},"functions":{"total":1,"covered":0,"skipped":0,"pct":0},"statements":{"total":307,"covered":0,"skipped":0,"pct":0},"branches":{"total":1,"covered":0,"skipped":0,"pct":0}}
,"D:\\Cursor project\\fullstack-next-cloudflare-main\\src\\modules\\admin\\services\\report.service.ts": {"lines":{"total":214,"covered":0,"skipped":0,"pct":0},"functions":{"total":1,"covered":0,"skipped":0,"pct":0},"statements":{"total":214,"covered":0,"skipped":0,"pct":0},"branches":{"total":1,"covered":0,"skipped":0,"pct":0}}
,"D:\\Cursor project\\fullstack-next-cloudflare-main\\src\\modules\\admin\\services\\site-settings-cache.ts": {"lines":{"total":30,"covered":0,"skipped":0,"pct":0},"functions":{"total":1,"covered":0,"skipped":0,"pct":0},"statements":{"total":30,"covered":0,"skipped":0,"pct":0},"branches":{"total":1,"covered":0,"skipped":0,"pct":0}}
,"D:\\Cursor project\\fullstack-next-cloudflare-main\\src\\modules\\admin\\services\\site-settings.service.ts": {"lines":{"total":290,"covered":0,"skipped":0,"pct":0},"functions":{"total":1,"covered":0,"skipped":0,"pct":0},"statements":{"total":290,"covered":0,"skipped":0,"pct":0},"branches":{"total":1,"covered":0,"skipped":0,"pct":0}}
,"D:\\Cursor project\\fullstack-next-cloudflare-main\\src\\modules\\admin\\services\\system-audit.service.ts": {"lines":{"total":54,"covered":0,"skipped":0,"pct":0},"functions":{"total":1,"covered":0,"skipped":0,"pct":0},"statements":{"total":54,"covered":0,"skipped":0,"pct":0},"branches":{"total":1,"covered":0,"skipped":0,"pct":0}}
,"D:\\Cursor project\\fullstack-next-cloudflare-main\\src\\modules\\admin\\services\\tenant.service.ts": {"lines":{"total":197,"covered":0,"skipped":0,"pct":0},"functions":{"total":1,"covered":0,"skipped":0,"pct":0},"statements":{"total":197,"covered":0,"skipped":0,"pct":0},"branches":{"total":1,"covered":0,"skipped":0,"pct":0}}
,"D:\\Cursor project\\fullstack-next-cloudflare-main\\src\\modules\\admin\\services\\usage-overview.service.ts": {"lines":{"total":72,"covered":0,"skipped":0,"pct":0},"functions":{"total":1,"covered":0,"skipped":0,"pct":0},"statements":{"total":72,"covered":0,"skipped":0,"pct":0},"branches":{"total":1,"covered":0,"skipped":0,"pct":0}}
,"D:\\Cursor project\\fullstack-next-cloudflare-main\\src\\modules\\admin\\todos\\components\\todo-form.tsx": {"lines":{"total":411,"covered":0,"skipped":0,"pct":0},"functions":{"total":1,"covered":0,"skipped":0,"pct":0},"statements":{"total":411,"covered":0,"skipped":0,"pct":0},"branches":{"total":1,"covered":0,"skipped":0,"pct":0}}
,"D:\\Cursor project\\fullstack-next-cloudflare-main\\src\\modules\\admin\\types\\resource.types.ts": {"lines":{"total":112,"covered":0,"skipped":0,"pct":0},"functions":{"total":1,"covered":0,"skipped":0,"pct":0},"statements":{"total":112,"covered":0,"skipped":0,"pct":0},"branches":{"total":1,"covered":0,"skipped":0,"pct":0}}
,"D:\\Cursor project\\fullstack-next-cloudflare-main\\src\\modules\\admin\\utils\\admin-access.ts": {"lines":{"total":135,"covered":117,"skipped":0,"pct":86.66},"functions":{"total":10,"covered":10,"skipped":0,"pct":100},"statements":{"total":135,"covered":117,"skipped":0,"pct":86.66},"branches":{"total":39,"covered":29,"skipped":0,"pct":74.35}}
,"D:\\Cursor project\\fullstack-next-cloudflare-main\\src\\modules\\admin\\utils\\api-guard.ts": {"lines":{"total":38,"covered":0,"skipped":0,"pct":0},"functions":{"total":1,"covered":0,"skipped":0,"pct":0},"statements":{"total":38,"covered":0,"skipped":0,"pct":0},"branches":{"total":1,"covered":0,"skipped":0,"pct":0}}
,"D:\\Cursor project\\fullstack-next-cloudflare-main\\src\\modules\\admin\\utils\\pagination.ts": {"lines":{"total":32,"covered":32,"skipped":0,"pct":100},"functions":{"total":2,"covered":2,"skipped":0,"pct":100},"statements":{"total":32,"covered":32,"skipped":0,"pct":100},"branches":{"total":14,"covered":14,"skipped":0,"pct":100}}
,"D:\\Cursor project\\fullstack-next-cloudflare-main\\src\\modules\\auth\\auth.route.ts": {"lines":{"total":5,"covered":5,"skipped":0,"pct":100},"functions":{"total":0,"covered":0,"skipped":0,"pct":100},"statements":{"total":5,"covered":5,"skipped":0,"pct":100},"branches":{"total":0,"covered":0,"skipped":0,"pct":100}}
,"D:\\Cursor project\\fullstack-next-cloudflare-main\\src\\modules\\auth\\actions\\auth.action.ts": {"lines":{"total":95,"covered":0,"skipped":0,"pct":0},"functions":{"total":1,"covered":0,"skipped":0,"pct":0},"statements":{"total":95,"covered":0,"skipped":0,"pct":0},"branches":{"total":1,"covered":0,"skipped":0,"pct":0}}
,"D:\\Cursor project\\fullstack-next-cloudflare-main\\src\\modules\\auth\\components\\login-form.tsx": {"lines":{"total":189,"covered":174,"skipped":0,"pct":92.06},"functions":{"total":6,"covered":5,"skipped":0,"pct":83.33},"statements":{"total":189,"covered":174,"skipped":0,"pct":92.06},"branches":{"total":7,"covered":5,"skipped":0,"pct":71.42}}
,"D:\\Cursor project\\fullstack-next-cloudflare-main\\src\\modules\\auth\\components\\logout-button.tsx": {"lines":{"total":30,"covered":28,"skipped":0,"pct":93.33},"functions":{"total":2,"covered":2,"skipped":0,"pct":100},"statements":{"total":30,"covered":28,"skipped":0,"pct":93.33},"branches":{"total":3,"covered":2,"skipped":0,"pct":66.66}}
,"D:\\Cursor project\\fullstack-next-cloudflare-main\\src\\modules\\auth\\components\\signup-form.tsx": {"lines":{"total":200,"covered":185,"skipped":0,"pct":92.5},"functions":{"total":6,"covered":5,"skipped":0,"pct":83.33},"statements":{"total":200,"covered":185,"skipped":0,"pct":92.5},"branches":{"total":7,"covered":5,"skipped":0,"pct":71.42}}
,"D:\\Cursor project\\fullstack-next-cloudflare-main\\src\\modules\\auth\\models\\auth.model.ts": {"lines":{"total":24,"covered":24,"skipped":0,"pct":100},"functions":{"total":3,"covered":3,"skipped":0,"pct":100},"statements":{"total":24,"covered":24,"skipped":0,"pct":100},"branches":{"total":3,"covered":3,"skipped":0,"pct":100}}
,"D:\\Cursor project\\fullstack-next-cloudflare-main\\src\\modules\\auth\\models\\user.model.ts": {"lines":{"total":5,"covered":0,"skipped":0,"pct":0},"functions":{"total":1,"covered":0,"skipped":0,"pct":0},"statements":{"total":5,"covered":0,"skipped":0,"pct":0},"branches":{"total":1,"covered":0,"skipped":0,"pct":0}}
,"D:\\Cursor project\\fullstack-next-cloudflare-main\\src\\modules\\auth\\schemas\\auth.schema.ts": {"lines":{"total":71,"covered":71,"skipped":0,"pct":100},"functions":{"total":2,"covered":0,"skipped":0,"pct":0},"statements":{"total":71,"covered":71,"skipped":0,"pct":100},"branches":{"total":0,"covered":0,"skipped":0,"pct":100}}
,"D:\\Cursor project\\fullstack-next-cloudflare-main\\src\\modules\\auth\\utils\\auth-client.ts": {"lines":{"total":9,"covered":7,"skipped":0,"pct":77.77},"functions":{"total":0,"covered":0,"skipped":0,"pct":100},"statements":{"total":9,"covered":7,"skipped":0,"pct":77.77},"branches":{"total":2,"covered":0,"skipped":0,"pct":0}}
,"D:\\Cursor project\\fullstack-next-cloudflare-main\\src\\modules\\auth\\utils\\auth-utils.ts": {"lines":{"total":91,"covered":87,"skipped":0,"pct":95.6},"functions":{"total":6,"covered":6,"skipped":0,"pct":100},"statements":{"total":91,"covered":87,"skipped":0,"pct":95.6},"branches":{"total":23,"covered":22,"skipped":0,"pct":95.65}}
,"D:\\Cursor project\\fullstack-next-cloudflare-main\\src\\modules\\auth\\utils\\guards.ts": {"lines":{"total":15,"covered":0,"skipped":0,"pct":0},"functions":{"total":1,"covered":0,"skipped":0,"pct":0},"statements":{"total":15,"covered":0,"skipped":0,"pct":0},"branches":{"total":1,"covered":0,"skipped":0,"pct":0}}
,"D:\\Cursor project\\fullstack-next-cloudflare-main\\src\\modules\\creem\\components\\billing-actions.tsx": {"lines":{"total":120,"covered":0,"skipped":0,"pct":0},"functions":{"total":1,"covered":0,"skipped":0,"pct":0},"statements":{"total":120,"covered":0,"skipped":0,"pct":0},"branches":{"total":1,"covered":0,"skipped":0,"pct":0}}
,"D:\\Cursor project\\fullstack-next-cloudflare-main\\src\\modules\\creem\\components\\pricing-grid.tsx": {"lines":{"total":225,"covered":0,"skipped":0,"pct":0},"functions":{"total":1,"covered":0,"skipped":0,"pct":0},"statements":{"total":225,"covered":0,"skipped":0,"pct":0},"branches":{"total":1,"covered":0,"skipped":0,"pct":0}}
,"D:\\Cursor project\\fullstack-next-cloudflare-main\\src\\modules\\creem\\config\\subscriptions.ts": {"lines":{"total":116,"covered":0,"skipped":0,"pct":0},"functions":{"total":1,"covered":0,"skipped":0,"pct":0},"statements":{"total":116,"covered":0,"skipped":0,"pct":0},"branches":{"total":1,"covered":0,"skipped":0,"pct":0}}
,"D:\\Cursor project\\fullstack-next-cloudflare-main\\src\\modules\\creem\\models\\creem.types.ts": {"lines":{"total":38,"covered":0,"skipped":0,"pct":0},"functions":{"total":1,"covered":0,"skipped":0,"pct":0},"statements":{"total":38,"covered":0,"skipped":0,"pct":0},"branches":{"total":1,"covered":0,"skipped":0,"pct":0}}
,"D:\\Cursor project\\fullstack-next-cloudflare-main\\src\\modules\\creem\\schemas\\billing.schema.ts": {"lines":{"total":68,"covered":53,"skipped":0,"pct":77.94},"functions":{"total":3,"covered":0,"skipped":0,"pct":0},"statements":{"total":68,"covered":53,"skipped":0,"pct":77.94},"branches":{"total":0,"covered":0,"skipped":0,"pct":100}}
,"D:\\Cursor project\\fullstack-next-cloudflare-main\\src\\modules\\creem\\schemas\\usage.schema.ts": {"lines":{"total":33,"covered":29,"skipped":0,"pct":87.87},"functions":{"total":2,"covered":0,"skipped":0,"pct":0},"statements":{"total":33,"covered":29,"skipped":0,"pct":87.87},"branches":{"total":0,"covered":0,"skipped":0,"pct":100}}
,"D:\\Cursor project\\fullstack-next-cloudflare-main\\src\\modules\\creem\\services\\billing.service.ts": {"lines":{"total":163,"covered":3,"skipped":0,"pct":1.84},"functions":{"total":4,"covered":0,"skipped":0,"pct":0},"statements":{"total":163,"covered":3,"skipped":0,"pct":1.84},"branches":{"total":0,"covered":0,"skipped":0,"pct":100}}
,"D:\\Cursor project\\fullstack-next-cloudflare-main\\src\\modules\\creem\\services\\usage.service.ts": {"lines":{"total":94,"covered":4,"skipped":0,"pct":4.25},"functions":{"total":3,"covered":0,"skipped":0,"pct":0},"statements":{"total":94,"covered":4,"skipped":0,"pct":4.25},"branches":{"total":0,"covered":0,"skipped":0,"pct":100}}
,"D:\\Cursor project\\fullstack-next-cloudflare-main\\src\\modules\\creem\\utils\\guards.ts": {"lines":{"total":25,"covered":0,"skipped":0,"pct":0},"functions":{"total":1,"covered":0,"skipped":0,"pct":0},"statements":{"total":25,"covered":0,"skipped":0,"pct":0},"branches":{"total":1,"covered":0,"skipped":0,"pct":0}}
,"D:\\Cursor project\\fullstack-next-cloudflare-main\\src\\modules\\creem\\utils\\verify-signature.ts": {"lines":{"total":63,"covered":61,"skipped":0,"pct":96.82},"functions":{"total":3,"covered":3,"skipped":0,"pct":100},"statements":{"total":63,"covered":61,"skipped":0,"pct":96.82},"branches":{"total":28,"covered":26,"skipped":0,"pct":92.85}}
,"D:\\Cursor project\\fullstack-next-cloudflare-main\\src\\modules\\dashboard\\dashboard.route.ts": {"lines":{"total":4,"covered":4,"skipped":0,"pct":100},"functions":{"total":0,"covered":0,"skipped":0,"pct":100},"statements":{"total":4,"covered":4,"skipped":0,"pct":100},"branches":{"total":0,"covered":0,"skipped":0,"pct":100}}
,"D:\\Cursor project\\fullstack-next-cloudflare-main\\src\\modules\\dashboard\\metadata.ts": {"lines":{"total":20,"covered":0,"skipped":0,"pct":0},"functions":{"total":1,"covered":0,"skipped":0,"pct":0},"statements":{"total":20,"covered":0,"skipped":0,"pct":0},"branches":{"total":1,"covered":0,"skipped":0,"pct":0}}
,"D:\\Cursor project\\fullstack-next-cloudflare-main\\src\\modules\\marketing\\components\\playground.tsx": {"lines":{"total":132,"covered":0,"skipped":0,"pct":0},"functions":{"total":1,"covered":0,"skipped":0,"pct":0},"statements":{"total":132,"covered":0,"skipped":0,"pct":0},"branches":{"total":1,"covered":0,"skipped":0,"pct":0}}
,"D:\\Cursor project\\fullstack-next-cloudflare-main\\src\\modules\\marketing\\components\\public-footer.tsx": {"lines":{"total":61,"covered":0,"skipped":0,"pct":0},"functions":{"total":1,"covered":0,"skipped":0,"pct":0},"statements":{"total":61,"covered":0,"skipped":0,"pct":0},"branches":{"total":1,"covered":0,"skipped":0,"pct":0}}
,"D:\\Cursor project\\fullstack-next-cloudflare-main\\src\\modules\\marketing\\components\\public-header.tsx": {"lines":{"total":109,"covered":0,"skipped":0,"pct":0},"functions":{"total":1,"covered":0,"skipped":0,"pct":0},"statements":{"total":109,"covered":0,"skipped":0,"pct":0},"branches":{"total":1,"covered":0,"skipped":0,"pct":0}}
,"D:\\Cursor project\\fullstack-next-cloudflare-main\\src\\modules\\marketing\\services\\sitemap.service.ts": {"lines":{"total":7,"covered":0,"skipped":0,"pct":0},"functions":{"total":1,"covered":0,"skipped":0,"pct":0},"statements":{"total":7,"covered":0,"skipped":0,"pct":0},"branches":{"total":1,"covered":0,"skipped":0,"pct":0}}
,"D:\\Cursor project\\fullstack-next-cloudflare-main\\src\\modules\\todos\\todos.route.ts": {"lines":{"total":6,"covered":6,"skipped":0,"pct":100},"functions":{"total":1,"covered":0,"skipped":0,"pct":0},"statements":{"total":6,"covered":6,"skipped":0,"pct":100},"branches":{"total":0,"covered":0,"skipped":0,"pct":100}}
,"D:\\Cursor project\\fullstack-next-cloudflare-main\\src\\modules\\todos\\actions\\create-category.action.ts": {"lines":{"total":37,"covered":36,"skipped":0,"pct":97.29},"functions":{"total":2,"covered":2,"skipped":0,"pct":100},"statements":{"total":37,"covered":36,"skipped":0,"pct":97.29},"branches":{"total":15,"covered":11,"skipped":0,"pct":73.33}}
,"D:\\Cursor project\\fullstack-next-cloudflare-main\\src\\modules\\todos\\actions\\create-todo.action.ts": {"lines":{"total":78,"covered":55,"skipped":0,"pct":70.51},"functions":{"total":1,"covered":1,"skipped":0,"pct":100},"statements":{"total":78,"covered":55,"skipped":0,"pct":70.51},"branches":{"total":17,"covered":10,"skipped":0,"pct":58.82}}
,"D:\\Cursor project\\fullstack-next-cloudflare-main\\src\\modules\\todos\\actions\\delete-todo.action.ts": {"lines":{"total":33,"covered":27,"skipped":0,"pct":81.81},"functions":{"total":1,"covered":1,"skipped":0,"pct":100},"statements":{"total":33,"covered":27,"skipped":0,"pct":81.81},"branches":{"total":5,"covered":3,"skipped":0,"pct":60}}
,"D:\\Cursor project\\fullstack-next-cloudflare-main\\src\\modules\\todos\\actions\\get-categories.action.ts": {"lines":{"total":9,"covered":9,"skipped":0,"pct":100},"functions":{"total":1,"covered":1,"skipped":0,"pct":100},"statements":{"total":9,"covered":9,"skipped":0,"pct":100},"branches":{"total":2,"covered":2,"skipped":0,"pct":100}}
,"D:\\Cursor project\\fullstack-next-cloudflare-main\\src\\modules\\todos\\actions\\get-todo-by-id.action.ts": {"lines":{"total":14,"covered":14,"skipped":0,"pct":100},"functions":{"total":1,"covered":1,"skipped":0,"pct":100},"statements":{"total":14,"covered":14,"skipped":0,"pct":100},"branches":{"total":3,"covered":3,"skipped":0,"pct":100}}
,"D:\\Cursor project\\fullstack-next-cloudflare-main\\src\\modules\\todos\\actions\\get-todos.action.ts": {"lines":{"total":15,"covered":15,"skipped":0,"pct":100},"functions":{"total":1,"covered":1,"skipped":0,"pct":100},"statements":{"total":15,"covered":15,"skipped":0,"pct":100},"branches":{"total":2,"covered":2,"skipped":0,"pct":100}}
,"D:\\Cursor project\\fullstack-next-cloudflare-main\\src\\modules\\todos\\actions\\update-todo.action.ts": {"lines":{"total":116,"covered":80,"skipped":0,"pct":68.96},"functions":{"total":2,"covered":2,"skipped":0,"pct":100},"statements":{"total":116,"covered":80,"skipped":0,"pct":68.96},"branches":{"total":23,"covered":9,"skipped":0,"pct":39.13}}
,"D:\\Cursor project\\fullstack-next-cloudflare-main\\src\\modules\\todos\\components\\add-category.tsx": {"lines":{"total":198,"covered":0,"skipped":0,"pct":0},"functions":{"total":1,"covered":0,"skipped":0,"pct":0},"statements":{"total":198,"covered":0,"skipped":0,"pct":0},"branches":{"total":1,"covered":0,"skipped":0,"pct":0}}
,"D:\\Cursor project\\fullstack-next-cloudflare-main\\src\\modules\\todos\\components\\delete-todo.tsx": {"lines":{"total":79,"covered":0,"skipped":0,"pct":0},"functions":{"total":1,"covered":0,"skipped":0,"pct":0},"statements":{"total":79,"covered":0,"skipped":0,"pct":0},"branches":{"total":1,"covered":0,"skipped":0,"pct":0}}
,"D:\\Cursor project\\fullstack-next-cloudflare-main\\src\\modules\\todos\\components\\todo-card.tsx": {"lines":{"total":167,"covered":0,"skipped":0,"pct":0},"functions":{"total":1,"covered":0,"skipped":0,"pct":0},"statements":{"total":167,"covered":0,"skipped":0,"pct":0},"branches":{"total":1,"covered":0,"skipped":0,"pct":0}}
,"D:\\Cursor project\\fullstack-next-cloudflare-main\\src\\modules\\todos\\components\\todo-form.tsx": {"lines":{"total":520,"covered":0,"skipped":0,"pct":0},"functions":{"total":1,"covered":0,"skipped":0,"pct":0},"statements":{"total":520,"covered":0,"skipped":0,"pct":0},"branches":{"total":1,"covered":0,"skipped":0,"pct":0}}
,"D:\\Cursor project\\fullstack-next-cloudflare-main\\src\\modules\\todos\\components\\toggle-complete.tsx": {"lines":{"total":49,"covered":0,"skipped":0,"pct":0},"functions":{"total":1,"covered":0,"skipped":0,"pct":0},"statements":{"total":49,"covered":0,"skipped":0,"pct":0},"branches":{"total":1,"covered":0,"skipped":0,"pct":0}}
,"D:\\Cursor project\\fullstack-next-cloudflare-main\\src\\modules\\todos\\models\\todo.enum.ts": {"lines":{"total":18,"covered":18,"skipped":0,"pct":100},"functions":{"total":0,"covered":0,"skipped":0,"pct":100},"statements":{"total":18,"covered":18,"skipped":0,"pct":100},"branches":{"total":0,"covered":0,"skipped":0,"pct":100}}
,"D:\\Cursor project\\fullstack-next-cloudflare-main\\src\\modules\\todos\\schemas\\category.schema.ts": {"lines":{"total":33,"covered":33,"skipped":0,"pct":100},"functions":{"total":1,"covered":0,"skipped":0,"pct":0},"statements":{"total":33,"covered":33,"skipped":0,"pct":100},"branches":{"total":0,"covered":0,"skipped":0,"pct":100}}
,"D:\\Cursor project\\fullstack-next-cloudflare-main\\src\\modules\\todos\\schemas\\todo.schema.ts": {"lines":{"total":68,"covered":68,"skipped":0,"pct":100},"functions":{"total":1,"covered":0,"skipped":0,"pct":0},"statements":{"total":68,"covered":68,"skipped":0,"pct":100},"branches":{"total":0,"covered":0,"skipped":0,"pct":100}}
,"D:\\Cursor project\\fullstack-next-cloudflare-main\\src\\modules\\todos\\services\\category.service.ts": {"lines":{"total":69,"covered":5,"skipped":0,"pct":7.24},"functions":{"total":4,"covered":0,"skipped":0,"pct":0},"statements":{"total":69,"covered":5,"skipped":0,"pct":7.24},"branches":{"total":0,"covered":0,"skipped":0,"pct":100}}
,"D:\\Cursor project\\fullstack-next-cloudflare-main\\src\\modules\\todos\\services\\todo.service.ts": {"lines":{"total":285,"covered":30,"skipped":0,"pct":10.52},"functions":{"total":11,"covered":0,"skipped":0,"pct":0},"statements":{"total":285,"covered":30,"skipped":0,"pct":10.52},"branches":{"total":0,"covered":0,"skipped":0,"pct":100}}
,"D:\\Cursor project\\fullstack-next-cloudflare-main\\src\\services\\summarizer.service.ts": {"lines":{"total":71,"covered":71,"skipped":0,"pct":100},"functions":{"total":3,"covered":3,"skipped":0,"pct":100},"statements":{"total":71,"covered":71,"skipped":0,"pct":100},"branches":{"total":5,"covered":4,"skipped":0,"pct":80}}
,"D:\\Cursor project\\fullstack-next-cloudflare-main\\src\\services\\translation.service.ts": {"lines":{"total":283,"covered":212,"skipped":0,"pct":74.91},"functions":{"total":11,"covered":9,"skipped":0,"pct":81.81},"statements":{"total":283,"covered":212,"skipped":0,"pct":74.91},"branches":{"total":62,"covered":48,"skipped":0,"pct":77.41}}
}
