{"D:\\Cursor project\\fullstack-next-cloudflare-main\\src\\app\\api\\health\\route.ts": {"path":"D:\\Cursor project\\fullstack-next-cloudflare-main\\src\\app\\api\\health\\route.ts","all":false,"statementMap":{"0":{"start":{"line":1,"column":0},"end":{"line":1,"column":62}},"1":{"start":{"line":2,"column":0},"end":{"line":2,"column":43}},"2":{"start":{"line":3,"column":0},"end":{"line":3,"column":43}},"3":{"start":{"line":4,"column":0},"end":{"line":4,"column":42}},"7":{"start":{"line":8,"column":0},"end":{"line":8,"column":32}},"15":{"start":{"line":16,"column":0},"end":{"line":16,"column":55}},"16":{"start":{"line":17,"column":0},"end":{"line":17,"column":54}},"17":{"start":{"line":18,"column":0},"end":{"line":18,"column":55}},"18":{"start":{"line":19,"column":0},"end":{"line":19,"column":34}},"19":{"start":{"line":20,"column":0},"end":{"line":20,"column":5}},"20":{"start":{"line":21,"column":0},"end":{"line":21,"column":55}},"21":{"start":{"line":22,"column":0},"end":{"line":22,"column":25}},"22":{"start":{"line":23,"column":0},"end":{"line":23,"column":18}},"23":{"start":{"line":24,"column":0},"end":{"line":24,"column":5}},"24":{"start":{"line":25,"column":0},"end":{"line":25,"column":64}},"25":{"start":{"line":26,"column":0},"end":{"line":26,"column":27}},"26":{"start":{"line":27,"column":0},"end":{"line":27,"column":44}},"27":{"start":{"line":28,"column":0},"end":{"line":28,"column":5}},"28":{"start":{"line":29,"column":0},"end":{"line":29,"column":32}},"29":{"start":{"line":30,"column":0},"end":{"line":30,"column":1}},"31":{"start":{"line":32,"column":0},"end":{"line":32,"column":48}},"32":{"start":{"line":33,"column":0},"end":{"line":33,"column":9}},"33":{"start":{"line":34,"column":0},"end":{"line":34,"column":33}},"35":{"start":{"line":36,"column":0},"end":{"line":36,"column":54}},"36":{"start":{"line":37,"column":0},"end":{"line":37,"column":28}},"37":{"start":{"line":38,"column":0},"end":{"line":38,"column":19}},"38":{"start":{"line":39,"column":0},"end":{"line":39,"column":69}},"39":{"start":{"line":40,"column":0},"end":{"line":40,"column":41}},"40":{"start":{"line":41,"column":0},"end":{"line":41,"column":5}},"41":{"start":{"line":42,"column":0},"end":{"line":42,"column":1}},"43":{"start":{"line":44,"column":0},"end":{"line":44,"column":71}},"44":{"start":{"line":45,"column":0},"end":{"line":45,"column":9}},"46":{"start":{"line":47,"column":0},"end":{"line":47,"column":53}},"47":{"start":{"line":48,"column":0},"end":{"line":48,"column":20}},"48":{"start":{"line":49,"column":0},"end":{"line":49,"column":26}},"49":{"start":{"line":50,"column":0},"end":{"line":50,"column":63}},"50":{"start":{"line":51,"column":0},"end":{"line":51,"column":14}},"51":{"start":{"line":52,"column":0},"end":{"line":52,"column":9}},"53":{"start":{"line":54,"column":0},"end":{"line":54,"column":73}},"54":{"start":{"line":55,"column":0},"end":{"line":55,"column":21}},"55":{"start":{"line":56,"column":0},"end":{"line":56,"column":11}},"56":{"start":{"line":57,"column":0},"end":{"line":57,"column":28}},"57":{"start":{"line":58,"column":0},"end":{"line":58,"column":19}},"58":{"start":{"line":59,"column":0},"end":{"line":59,"column":69}},"59":{"start":{"line":60,"column":0},"end":{"line":60,"column":41}},"60":{"start":{"line":61,"column":0},"end":{"line":61,"column":5}},"61":{"start":{"line":62,"column":0},"end":{"line":62,"column":1}},"63":{"start":{"line":64,"column":0},"end":{"line":64,"column":45}},"64":{"start":{"line":65,"column":0},"end":{"line":65,"column":33}},"65":{"start":{"line":66,"column":0},"end":{"line":66,"column":40}},"66":{"start":{"line":67,"column":0},"end":{"line":67,"column":25}},"67":{"start":{"line":68,"column":0},"end":{"line":68,"column":19}},"68":{"start":{"line":69,"column":0},"end":{"line":69,"column":46}},"69":{"start":{"line":70,"column":0},"end":{"line":70,"column":46}},"70":{"start":{"line":71,"column":0},"end":{"line":71,"column":14}},"71":{"start":{"line":72,"column":0},"end":{"line":72,"column":24}},"72":{"start":{"line":73,"column":0},"end":{"line":73,"column":57}},"73":{"start":{"line":74,"column":0},"end":{"line":74,"column":9}},"74":{"start":{"line":75,"column":0},"end":{"line":75,"column":30}},"75":{"start":{"line":76,"column":0},"end":{"line":76,"column":13}},"76":{"start":{"line":77,"column":0},"end":{"line":77,"column":47}},"77":{"start":{"line":78,"column":0},"end":{"line":78,"column":17}},"78":{"start":{"line":79,"column":0},"end":{"line":79,"column":22}},"79":{"start":{"line":80,"column":0},"end":{"line":80,"column":9}},"80":{"start":{"line":81,"column":0},"end":{"line":81,"column":9}},"82":{"start":{"line":83,"column":0},"end":{"line":83,"column":64}},"83":{"start":{"line":84,"column":0},"end":{"line":84,"column":64}},"84":{"start":{"line":85,"column":0},"end":{"line":85,"column":79}},"85":{"start":{"line":86,"column":0},"end":{"line":86,"column":62}},"86":{"start":{"line":87,"column":0},"end":{"line":87,"column":69}},"87":{"start":{"line":88,"column":0},"end":{"line":88,"column":40}},"88":{"start":{"line":89,"column":0},"end":{"line":89,"column":43}},"89":{"start":{"line":90,"column":0},"end":{"line":90,"column":35}},"91":{"start":{"line":92,"column":0},"end":{"line":92,"column":64}},"92":{"start":{"line":93,"column":0},"end":{"line":93,"column":70}},"93":{"start":{"line":94,"column":0},"end":{"line":94,"column":21}},"94":{"start":{"line":95,"column":0},"end":{"line":95,"column":67}},"95":{"start":{"line":96,"column":0},"end":{"line":96,"column":21}},"96":{"start":{"line":97,"column":0},"end":{"line":97,"column":37}},"97":{"start":{"line":98,"column":0},"end":{"line":98,"column":16}},"98":{"start":{"line":99,"column":0},"end":{"line":99,"column":41}},"99":{"start":{"line":100,"column":0},"end":{"line":100,"column":11}},"100":{"start":{"line":101,"column":0},"end":{"line":101,"column":12}},"101":{"start":{"line":102,"column":0},"end":{"line":102,"column":56}},"102":{"start":{"line":103,"column":0},"end":{"line":103,"column":41}},"103":{"start":{"line":104,"column":0},"end":{"line":104,"column":7}},"106":{"start":{"line":107,"column":0},"end":{"line":107,"column":32}},"107":{"start":{"line":108,"column":0},"end":{"line":108,"column":15}},"108":{"start":{"line":109,"column":0},"end":{"line":109,"column":17}},"109":{"start":{"line":110,"column":0},"end":{"line":110,"column":74}},"110":{"start":{"line":111,"column":0},"end":{"line":111,"column":26}},"111":{"start":{"line":112,"column":0},"end":{"line":112,"column":23}},"112":{"start":{"line":113,"column":0},"end":{"line":113,"column":26}},"113":{"start":{"line":114,"column":0},"end":{"line":114,"column":15}},"114":{"start":{"line":115,"column":0},"end":{"line":115,"column":17}},"115":{"start":{"line":116,"column":0},"end":{"line":116,"column":77}},"116":{"start":{"line":117,"column":0},"end":{"line":117,"column":23}},"117":{"start":{"line":118,"column":0},"end":{"line":118,"column":26}},"118":{"start":{"line":119,"column":0},"end":{"line":119,"column":15}},"119":{"start":{"line":120,"column":0},"end":{"line":120,"column":17}},"120":{"start":{"line":121,"column":0},"end":{"line":121,"column":77}},"121":{"start":{"line":122,"column":0},"end":{"line":122,"column":23}},"123":{"start":{"line":124,"column":0},"end":{"line":124,"column":65}},"124":{"start":{"line":125,"column":0},"end":{"line":125,"column":65}},"125":{"start":{"line":126,"column":0},"end":{"line":126,"column":40}},"126":{"start":{"line":127,"column":0},"end":{"line":127,"column":41}},"127":{"start":{"line":128,"column":0},"end":{"line":128,"column":22}},"128":{"start":{"line":129,"column":0},"end":{"line":129,"column":14}},"129":{"start":{"line":130,"column":0},"end":{"line":130,"column":74}},"131":{"start":{"line":132,"column":0},"end":{"line":132,"column":31}},"132":{"start":{"line":133,"column":0},"end":{"line":133,"column":49}},"133":{"start":{"line":134,"column":0},"end":{"line":134,"column":11}},"134":{"start":{"line":135,"column":0},"end":{"line":135,"column":32}},"135":{"start":{"line":136,"column":0},"end":{"line":136,"column":32}},"136":{"start":{"line":137,"column":0},"end":{"line":137,"column":35}},"137":{"start":{"line":138,"column":0},"end":{"line":138,"column":40}},"138":{"start":{"line":139,"column":0},"end":{"line":139,"column":44}},"139":{"start":{"line":140,"column":0},"end":{"line":140,"column":12}},"141":{"start":{"line":142,"column":0},"end":{"line":142,"column":18}},"142":{"start":{"line":143,"column":0},"end":{"line":143,"column":11}},"143":{"start":{"line":144,"column":0},"end":{"line":144,"column":39}},"144":{"start":{"line":145,"column":0},"end":{"line":145,"column":43}},"145":{"start":{"line":146,"column":0},"end":{"line":146,"column":39}},"146":{"start":{"line":147,"column":0},"end":{"line":147,"column":55}},"147":{"start":{"line":148,"column":0},"end":{"line":148,"column":15}},"148":{"start":{"line":149,"column":0},"end":{"line":149,"column":15}},"150":{"start":{"line":151,"column":0},"end":{"line":151,"column":31}},"151":{"start":{"line":152,"column":0},"end":{"line":152,"column":33}},"152":{"start":{"line":153,"column":0},"end":{"line":153,"column":13}},"153":{"start":{"line":154,"column":0},"end":{"line":154,"column":24}},"154":{"start":{"line":155,"column":0},"end":{"line":155,"column":24}},"155":{"start":{"line":156,"column":0},"end":{"line":156,"column":96}},"156":{"start":{"line":157,"column":0},"end":{"line":157,"column":14}},"157":{"start":{"line":158,"column":0},"end":{"line":158,"column":28}},"158":{"start":{"line":159,"column":0},"end":{"line":159,"column":10}},"159":{"start":{"line":160,"column":0},"end":{"line":160,"column":5}},"161":{"start":{"line":162,"column":0},"end":{"line":162,"column":63}},"162":{"start":{"line":163,"column":0},"end":{"line":163,"column":1}},"164":{"start":{"line":165,"column":0},"end":{"line":165,"column":35}},"165":{"start":{"line":166,"column":0},"end":{"line":166,"column":28}},"166":{"start":{"line":167,"column":0},"end":{"line":167,"column":41}},"167":{"start":{"line":168,"column":0},"end":{"line":168,"column":25}},"168":{"start":{"line":169,"column":0},"end":{"line":169,"column":9}},"169":{"start":{"line":170,"column":0},"end":{"line":170,"column":68}},"170":{"start":{"line":171,"column":0},"end":{"line":171,"column":76}},"171":{"start":{"line":172,"column":0},"end":{"line":172,"column":71}},"173":{"start":{"line":174,"column":0},"end":{"line":174,"column":80}},"174":{"start":{"line":175,"column":0},"end":{"line":175,"column":42}},"175":{"start":{"line":176,"column":0},"end":{"line":176,"column":50}},"176":{"start":{"line":177,"column":0},"end":{"line":177,"column":17}},"177":{"start":{"line":178,"column":0},"end":{"line":178,"column":70}},"178":{"start":{"line":179,"column":0},"end":{"line":179,"column":20}},"179":{"start":{"line":180,"column":0},"end":{"line":180,"column":26}},"180":{"start":{"line":181,"column":0},"end":{"line":181,"column":103}},"181":{"start":{"line":182,"column":0},"end":{"line":182,"column":14}},"182":{"start":{"line":183,"column":0},"end":{"line":183,"column":9}},"185":{"start":{"line":186,"column":0},"end":{"line":186,"column":45}},"186":{"start":{"line":187,"column":0},"end":{"line":187,"column":69}},"187":{"start":{"line":188,"column":0},"end":{"line":188,"column":55}},"188":{"start":{"line":189,"column":0},"end":{"line":189,"column":9}},"191":{"start":{"line":192,"column":0},"end":{"line":192,"column":55}},"192":{"start":{"line":193,"column":0},"end":{"line":193,"column":42}},"193":{"start":{"line":194,"column":0},"end":{"line":194,"column":24}},"194":{"start":{"line":195,"column":0},"end":{"line":195,"column":30}},"195":{"start":{"line":196,"column":0},"end":{"line":196,"column":75}},"196":{"start":{"line":197,"column":0},"end":{"line":197,"column":18}},"197":{"start":{"line":198,"column":0},"end":{"line":198,"column":13}},"198":{"start":{"line":199,"column":0},"end":{"line":199,"column":20}},"199":{"start":{"line":200,"column":0},"end":{"line":200,"column":26}},"200":{"start":{"line":201,"column":0},"end":{"line":201,"column":106}},"201":{"start":{"line":202,"column":0},"end":{"line":202,"column":14}},"202":{"start":{"line":203,"column":0},"end":{"line":203,"column":9}},"204":{"start":{"line":205,"column":0},"end":{"line":205,"column":28}},"205":{"start":{"line":206,"column":0},"end":{"line":206,"column":19}},"206":{"start":{"line":207,"column":0},"end":{"line":207,"column":69}},"207":{"start":{"line":208,"column":0},"end":{"line":208,"column":41}},"208":{"start":{"line":209,"column":0},"end":{"line":209,"column":5}},"209":{"start":{"line":210,"column":0},"end":{"line":210,"column":1}},"211":{"start":{"line":212,"column":0},"end":{"line":212,"column":28}},"212":{"start":{"line":213,"column":0},"end":{"line":213,"column":18}},"213":{"start":{"line":214,"column":0},"end":{"line":214,"column":8}},"214":{"start":{"line":215,"column":0},"end":{"line":215,"column":19}},"215":{"start":{"line":216,"column":0},"end":{"line":216,"column":4}},"219":{"start":{"line":220,"column":0},"end":{"line":220,"column":26}},"220":{"start":{"line":221,"column":0},"end":{"line":221,"column":9}},"222":{"start":{"line":223,"column":0},"end":{"line":223,"column":31}},"223":{"start":{"line":224,"column":0},"end":{"line":224,"column":64}},"224":{"start":{"line":225,"column":0},"end":{"line":225,"column":43}},"225":{"start":{"line":226,"column":0},"end":{"line":226,"column":17}},"226":{"start":{"line":227,"column":0},"end":{"line":227,"column":58}},"227":{"start":{"line":228,"column":0},"end":{"line":228,"column":20}},"229":{"start":{"line":230,"column":0},"end":{"line":230,"column":37}},"230":{"start":{"line":231,"column":0},"end":{"line":231,"column":71}},"231":{"start":{"line":232,"column":0},"end":{"line":232,"column":51}},"232":{"start":{"line":233,"column":0},"end":{"line":233,"column":35}},"233":{"start":{"line":234,"column":0},"end":{"line":234,"column":53}},"234":{"start":{"line":235,"column":0},"end":{"line":235,"column":28}},"235":{"start":{"line":236,"column":0},"end":{"line":236,"column":44}},"236":{"start":{"line":237,"column":0},"end":{"line":237,"column":79}},"237":{"start":{"line":238,"column":0},"end":{"line":238,"column":41}},"238":{"start":{"line":239,"column":0},"end":{"line":239,"column":15}},"239":{"start":{"line":240,"column":0},"end":{"line":240,"column":9}},"240":{"start":{"line":241,"column":0},"end":{"line":241,"column":20}},"241":{"start":{"line":242,"column":0},"end":{"line":242,"column":20}},"242":{"start":{"line":243,"column":0},"end":{"line":243,"column":26}},"243":{"start":{"line":244,"column":0},"end":{"line":244,"column":37}},"244":{"start":{"line":245,"column":0},"end":{"line":245,"column":54}},"245":{"start":{"line":246,"column":0},"end":{"line":246,"column":67}},"246":{"start":{"line":247,"column":0},"end":{"line":247,"column":14}},"247":{"start":{"line":248,"column":0},"end":{"line":248,"column":9}},"249":{"start":{"line":250,"column":0},"end":{"line":250,"column":13}},"250":{"start":{"line":251,"column":0},"end":{"line":251,"column":36}},"251":{"start":{"line":252,"column":0},"end":{"line":252,"column":49}},"252":{"start":{"line":253,"column":0},"end":{"line":253,"column":24}},"253":{"start":{"line":254,"column":0},"end":{"line":254,"column":30}},"254":{"start":{"line":255,"column":0},"end":{"line":255,"column":73}},"255":{"start":{"line":256,"column":0},"end":{"line":256,"column":18}},"256":{"start":{"line":257,"column":0},"end":{"line":257,"column":13}},"257":{"start":{"line":258,"column":0},"end":{"line":258,"column":21}},"258":{"start":{"line":259,"column":0},"end":{"line":259,"column":20}},"259":{"start":{"line":260,"column":0},"end":{"line":260,"column":26}},"260":{"start":{"line":261,"column":0},"end":{"line":261,"column":63}},"261":{"start":{"line":262,"column":0},"end":{"line":262,"column":14}},"262":{"start":{"line":263,"column":0},"end":{"line":263,"column":9}},"263":{"start":{"line":264,"column":0},"end":{"line":264,"column":28}},"264":{"start":{"line":265,"column":0},"end":{"line":265,"column":19}},"265":{"start":{"line":266,"column":0},"end":{"line":266,"column":69}},"266":{"start":{"line":267,"column":0},"end":{"line":267,"column":41}},"267":{"start":{"line":268,"column":0},"end":{"line":268,"column":5}},"268":{"start":{"line":269,"column":0},"end":{"line":269,"column":1}},"270":{"start":{"line":271,"column":0},"end":{"line":271,"column":37}},"271":{"start":{"line":272,"column":0},"end":{"line":272,"column":28}},"272":{"start":{"line":273,"column":0},"end":{"line":273,"column":25}},"273":{"start":{"line":274,"column":0},"end":{"line":274,"column":9}},"274":{"start":{"line":275,"column":0},"end":{"line":275,"column":28}},"275":{"start":{"line":276,"column":0},"end":{"line":276,"column":80}},"276":{"start":{"line":277,"column":0},"end":{"line":277,"column":17}},"277":{"start":{"line":278,"column":0},"end":{"line":278,"column":20}},"279":{"start":{"line":280,"column":0},"end":{"line":280,"column":32}},"280":{"start":{"line":281,"column":0},"end":{"line":281,"column":9}},"281":{"start":{"line":282,"column":0},"end":{"line":282,"column":30}},"282":{"start":{"line":283,"column":0},"end":{"line":283,"column":80}},"283":{"start":{"line":284,"column":0},"end":{"line":284,"column":17}},"285":{"start":{"line":286,"column":0},"end":{"line":286,"column":22}},"286":{"start":{"line":287,"column":0},"end":{"line":287,"column":32}},"287":{"start":{"line":288,"column":0},"end":{"line":288,"column":9}},"288":{"start":{"line":289,"column":0},"end":{"line":289,"column":51}},"289":{"start":{"line":290,"column":0},"end":{"line":290,"column":51}},"291":{"start":{"line":292,"column":0},"end":{"line":292,"column":54}},"292":{"start":{"line":293,"column":0},"end":{"line":293,"column":65}},"294":{"start":{"line":295,"column":0},"end":{"line":295,"column":31}},"295":{"start":{"line":296,"column":0},"end":{"line":296,"column":73}},"296":{"start":{"line":297,"column":0},"end":{"line":297,"column":53}},"297":{"start":{"line":298,"column":0},"end":{"line":298,"column":71}},"298":{"start":{"line":299,"column":0},"end":{"line":299,"column":17}},"299":{"start":{"line":300,"column":0},"end":{"line":300,"column":46}},"300":{"start":{"line":301,"column":0},"end":{"line":301,"column":27}},"301":{"start":{"line":302,"column":0},"end":{"line":302,"column":28}},"302":{"start":{"line":303,"column":0},"end":{"line":303,"column":46}},"303":{"start":{"line":304,"column":0},"end":{"line":304,"column":19}},"304":{"start":{"line":305,"column":0},"end":{"line":305,"column":27}},"305":{"start":{"line":306,"column":0},"end":{"line":306,"column":23}},"306":{"start":{"line":307,"column":0},"end":{"line":307,"column":33}},"307":{"start":{"line":308,"column":0},"end":{"line":308,"column":13}},"308":{"start":{"line":309,"column":0},"end":{"line":309,"column":10}},"310":{"start":{"line":311,"column":0},"end":{"line":311,"column":42}},"311":{"start":{"line":312,"column":0},"end":{"line":312,"column":51}},"312":{"start":{"line":313,"column":0},"end":{"line":313,"column":17}},"313":{"start":{"line":314,"column":0},"end":{"line":314,"column":54}},"314":{"start":{"line":315,"column":0},"end":{"line":315,"column":63}},"315":{"start":{"line":316,"column":0},"end":{"line":316,"column":53}},"316":{"start":{"line":317,"column":0},"end":{"line":317,"column":17}},"318":{"start":{"line":319,"column":0},"end":{"line":319,"column":39}},"319":{"start":{"line":320,"column":0},"end":{"line":320,"column":40}},"320":{"start":{"line":321,"column":0},"end":{"line":321,"column":17}},"321":{"start":{"line":322,"column":0},"end":{"line":322,"column":30}},"323":{"start":{"line":324,"column":0},"end":{"line":324,"column":13}},"324":{"start":{"line":325,"column":0},"end":{"line":325,"column":9}},"326":{"start":{"line":327,"column":0},"end":{"line":327,"column":75}},"327":{"start":{"line":328,"column":0},"end":{"line":328,"column":19}},"328":{"start":{"line":329,"column":0},"end":{"line":329,"column":69}},"329":{"start":{"line":330,"column":0},"end":{"line":330,"column":41}},"330":{"start":{"line":331,"column":0},"end":{"line":331,"column":5}},"331":{"start":{"line":332,"column":0},"end":{"line":332,"column":1}}},"s":{"0":1,"1":1,"2":1,"3":1,"7":1,"15":3,"16":3,"17":3,"18":3,"19":3,"20":0,"21":0,"22":0,"23":0,"24":0,"25":3,"26":0,"27":0,"28":0,"29":0,"31":2,"32":2,"33":2,"35":2,"36":1,"37":1,"38":1,"39":1,"40":1,"41":2,"43":3,"44":3,"46":3,"47":0,"48":0,"49":0,"50":0,"51":0,"53":3,"54":3,"55":3,"56":3,"57":3,"58":0,"59":0,"60":0,"61":3,"63":3,"64":3,"65":3,"66":3,"67":3,"68":3,"69":2,"70":2,"71":3,"72":3,"73":3,"74":3,"75":3,"76":3,"77":3,"78":0,"79":0,"80":3,"82":3,"83":3,"84":3,"85":3,"86":3,"87":3,"88":3,"89":0,"91":3,"92":3,"93":3,"94":3,"95":3,"96":3,"97":3,"98":3,"99":3,"100":3,"101":1,"102":2,"103":3,"106":3,"107":1,"108":2,"109":2,"110":0,"111":2,"112":3,"113":1,"114":2,"115":2,"116":2,"117":3,"118":1,"119":2,"120":2,"121":2,"123":3,"124":3,"125":3,"126":3,"127":0,"128":3,"129":3,"131":3,"132":3,"133":0,"134":0,"135":0,"136":0,"137":0,"138":0,"139":0,"141":3,"142":3,"143":3,"144":3,"145":3,"146":3,"147":3,"148":3,"150":3,"151":0,"152":0,"153":0,"154":0,"155":0,"156":0,"157":0,"158":0,"159":0,"161":3,"162":3,"164":3,"165":3,"166":3,"167":3,"168":3,"169":3,"170":3,"171":3,"173":3,"174":3,"175":3,"176":3,"177":3,"178":0,"179":0,"180":0,"181":0,"182":0,"185":3,"186":3,"187":0,"188":0,"191":3,"192":0,"193":0,"194":0,"195":0,"196":0,"197":0,"198":0,"199":0,"200":0,"201":0,"202":0,"204":3,"205":3,"206":0,"207":0,"208":0,"209":3,"211":3,"212":3,"213":3,"214":3,"215":3,"219":3,"220":3,"222":3,"223":3,"224":3,"225":3,"226":3,"227":3,"229":0,"230":0,"231":0,"232":0,"233":0,"234":0,"235":0,"236":0,"237":0,"238":0,"239":0,"240":3,"241":0,"242":0,"243":0,"244":0,"245":0,"246":0,"247":0,"249":3,"250":3,"251":3,"252":0,"253":0,"254":0,"255":0,"256":0,"257":3,"258":0,"259":0,"260":0,"261":0,"262":0,"263":3,"264":3,"265":0,"266":0,"267":0,"268":3,"270":2,"271":2,"272":2,"273":2,"274":2,"275":2,"276":2,"277":2,"279":0,"280":0,"281":2,"282":2,"283":2,"285":2,"286":1,"287":1,"288":1,"289":1,"291":1,"292":1,"294":1,"295":1,"296":2,"297":2,"298":2,"299":2,"300":2,"301":2,"302":2,"303":2,"304":2,"305":2,"306":2,"307":2,"308":2,"310":1,"311":1,"312":1,"313":1,"314":1,"315":1,"316":1,"318":1,"319":1,"320":1,"321":1,"323":0,"324":1,"326":0,"327":0,"328":0,"329":0,"330":0,"331":2},"branchMap":{"0":{"type":"branch","line":16,"loc":{"start":{"line":16,"column":0},"end":{"line":30,"column":1}},"locations":[{"start":{"line":16,"column":0},"end":{"line":30,"column":1}}]},"1":{"type":"branch","line":20,"loc":{"start":{"line":20,"column":4},"end":{"line":26,"column":26}},"locations":[{"start":{"line":20,"column":4},"end":{"line":26,"column":26}}]},"2":{"type":"branch","line":26,"loc":{"start":{"line":26,"column":26},"end":{"line":30,"column":1}},"locations":[{"start":{"line":26,"column":26},"end":{"line":30,"column":1}}]},"3":{"type":"branch","line":32,"loc":{"start":{"line":32,"column":0},"end":{"line":42,"column":1}},"locations":[{"start":{"line":32,"column":0},"end":{"line":42,"column":1}}]},"4":{"type":"branch","line":36,"loc":{"start":{"line":36,"column":52},"end":{"line":41,"column":5}},"locations":[{"start":{"line":36,"column":52},"end":{"line":41,"column":5}}]},"5":{"type":"branch","line":39,"loc":{"start":{"line":39,"column":47},"end":{"line":39,"column":69}},"locations":[{"start":{"line":39,"column":47},"end":{"line":39,"column":69}}]},"6":{"type":"branch","line":44,"loc":{"start":{"line":44,"column":0},"end":{"line":62,"column":1}},"locations":[{"start":{"line":44,"column":0},"end":{"line":62,"column":1}}]},"7":{"type":"branch","line":47,"loc":{"start":{"line":47,"column":52},"end":{"line":52,"column":9}},"locations":[{"start":{"line":47,"column":52},"end":{"line":52,"column":9}}]},"8":{"type":"branch","line":58,"loc":{"start":{"line":58,"column":4},"end":{"line":61,"column":5}},"locations":[{"start":{"line":58,"column":4},"end":{"line":61,"column":5}}]},"9":{"type":"branch","line":64,"loc":{"start":{"line":64,"column":0},"end":{"line":163,"column":1}},"locations":[{"start":{"line":64,"column":0},"end":{"line":163,"column":1}}]},"10":{"type":"branch","line":85,"loc":{"start":{"line":85,"column":45},"end":{"line":85,"column":70}},"locations":[{"start":{"line":85,"column":45},"end":{"line":85,"column":70}}]},"11":{"type":"branch","line":89,"loc":{"start":{"line":89,"column":28},"end":{"line":90,"column":35}},"locations":[{"start":{"line":89,"column":28},"end":{"line":90,"column":35}}]},"12":{"type":"branch","line":93,"loc":{"start":{"line":93,"column":8},"end":{"line":93,"column":60}},"locations":[{"start":{"line":93,"column":8},"end":{"line":93,"column":60}}]},"13":{"type":"branch","line":93,"loc":{"start":{"line":93,"column":56},"end":{"line":93,"column":70}},"locations":[{"start":{"line":93,"column":56},"end":{"line":93,"column":70}}]},"14":{"type":"branch","line":101,"loc":{"start":{"line":101,"column":8},"end":{"line":102,"column":56}},"locations":[{"start":{"line":101,"column":8},"end":{"line":102,"column":56}}]},"15":{"type":"branch","line":102,"loc":{"start":{"line":102,"column":55},"end":{"line":103,"column":41}},"locations":[{"start":{"line":102,"column":55},"end":{"line":103,"column":41}}]},"16":{"type":"branch","line":107,"loc":{"start":{"line":107,"column":28},"end":{"line":108,"column":15}},"locations":[{"start":{"line":107,"column":28},"end":{"line":108,"column":15}}]},"17":{"type":"branch","line":108,"loc":{"start":{"line":108,"column":10},"end":{"line":112,"column":23}},"locations":[{"start":{"line":108,"column":10},"end":{"line":112,"column":23}}]},"18":{"type":"branch","line":110,"loc":{"start":{"line":110,"column":25},"end":{"line":111,"column":26}},"locations":[{"start":{"line":110,"column":25},"end":{"line":111,"column":26}}]},"19":{"type":"branch","line":113,"loc":{"start":{"line":113,"column":22},"end":{"line":114,"column":15}},"locations":[{"start":{"line":113,"column":22},"end":{"line":114,"column":15}}]},"20":{"type":"branch","line":114,"loc":{"start":{"line":114,"column":10},"end":{"line":117,"column":23}},"locations":[{"start":{"line":114,"column":10},"end":{"line":117,"column":23}}]},"21":{"type":"branch","line":116,"loc":{"start":{"line":116,"column":25},"end":{"line":116,"column":77}},"locations":[{"start":{"line":116,"column":25},"end":{"line":116,"column":77}}]},"22":{"type":"branch","line":118,"loc":{"start":{"line":118,"column":22},"end":{"line":119,"column":15}},"locations":[{"start":{"line":118,"column":22},"end":{"line":119,"column":15}}]},"23":{"type":"branch","line":119,"loc":{"start":{"line":119,"column":10},"end":{"line":122,"column":23}},"locations":[{"start":{"line":119,"column":10},"end":{"line":122,"column":23}}]},"24":{"type":"branch","line":121,"loc":{"start":{"line":121,"column":25},"end":{"line":121,"column":77}},"locations":[{"start":{"line":121,"column":25},"end":{"line":121,"column":77}}]},"25":{"type":"branch","line":124,"loc":{"start":{"line":124,"column":38},"end":{"line":124,"column":59}},"locations":[{"start":{"line":124,"column":38},"end":{"line":124,"column":59}}]},"26":{"type":"branch","line":124,"loc":{"start":{"line":124,"column":54},"end":{"line":124,"column":65}},"locations":[{"start":{"line":124,"column":54},"end":{"line":124,"column":65}}]},"27":{"type":"branch","line":125,"loc":{"start":{"line":125,"column":38},"end":{"line":125,"column":59}},"locations":[{"start":{"line":125,"column":38},"end":{"line":125,"column":59}}]},"28":{"type":"branch","line":125,"loc":{"start":{"line":125,"column":54},"end":{"line":125,"column":65}},"locations":[{"start":{"line":125,"column":54},"end":{"line":125,"column":65}}]},"29":{"type":"branch","line":127,"loc":{"start":{"line":127,"column":11},"end":{"line":127,"column":41}},"locations":[{"start":{"line":127,"column":11},"end":{"line":127,"column":41}}]},"30":{"type":"branch","line":127,"loc":{"start":{"line":127,"column":39},"end":{"line":128,"column":22}},"locations":[{"start":{"line":127,"column":39},"end":{"line":128,"column":22}}]},"31":{"type":"branch","line":130,"loc":{"start":{"line":130,"column":8},"end":{"line":130,"column":34}},"locations":[{"start":{"line":130,"column":8},"end":{"line":130,"column":34}}]},"32":{"type":"branch","line":130,"loc":{"start":{"line":130,"column":21},"end":{"line":130,"column":45}},"locations":[{"start":{"line":130,"column":21},"end":{"line":130,"column":45}}]},"33":{"type":"branch","line":130,"loc":{"start":{"line":130,"column":39},"end":{"line":130,"column":58}},"locations":[{"start":{"line":130,"column":39},"end":{"line":130,"column":58}}]},"34":{"type":"branch","line":130,"loc":{"start":{"line":130,"column":52},"end":{"line":130,"column":74}},"locations":[{"start":{"line":130,"column":52},"end":{"line":130,"column":74}}]},"35":{"type":"branch","line":133,"loc":{"start":{"line":133,"column":48},"end":{"line":140,"column":12}},"locations":[{"start":{"line":133,"column":48},"end":{"line":140,"column":12}}]},"36":{"type":"branch","line":146,"loc":{"start":{"line":146,"column":14},"end":{"line":146,"column":30}},"locations":[{"start":{"line":146,"column":14},"end":{"line":146,"column":30}}]},"37":{"type":"branch","line":146,"loc":{"start":{"line":146,"column":21},"end":{"line":146,"column":39}},"locations":[{"start":{"line":146,"column":21},"end":{"line":146,"column":39}}]},"38":{"type":"branch","line":147,"loc":{"start":{"line":147,"column":36},"end":{"line":147,"column":55}},"locations":[{"start":{"line":147,"column":36},"end":{"line":147,"column":55}}]},"39":{"type":"branch","line":151,"loc":{"start":{"line":151,"column":9},"end":{"line":151,"column":30}},"locations":[{"start":{"line":151,"column":9},"end":{"line":151,"column":30}}]},"40":{"type":"branch","line":151,"loc":{"start":{"line":151,"column":30},"end":{"line":160,"column":5}},"locations":[{"start":{"line":151,"column":30},"end":{"line":160,"column":5}}]},"41":{"type":"branch","line":162,"loc":{"start":{"line":162,"column":45},"end":{"line":162,"column":56}},"locations":[{"start":{"line":162,"column":45},"end":{"line":162,"column":56}}]},"42":{"type":"branch","line":162,"loc":{"start":{"line":162,"column":50},"end":{"line":162,"column":60}},"locations":[{"start":{"line":162,"column":50},"end":{"line":162,"column":60}}]},"43":{"type":"branch","line":67,"loc":{"start":{"line":67,"column":18},"end":{"line":74,"column":7}},"locations":[{"start":{"line":67,"column":18},"end":{"line":74,"column":7}}]},"44":{"type":"branch","line":69,"loc":{"start":{"line":69,"column":42},"end":{"line":70,"column":46}},"locations":[{"start":{"line":69,"column":42},"end":{"line":70,"column":46}}]},"45":{"type":"branch","line":70,"loc":{"start":{"line":70,"column":42},"end":{"line":71,"column":14}},"locations":[{"start":{"line":70,"column":42},"end":{"line":71,"column":14}}]},"46":{"type":"branch","line":73,"loc":{"start":{"line":73,"column":21},"end":{"line":73,"column":44}},"locations":[{"start":{"line":73,"column":21},"end":{"line":73,"column":44}}]},"47":{"type":"branch","line":73,"loc":{"start":{"line":73,"column":34},"end":{"line":73,"column":57}},"locations":[{"start":{"line":73,"column":34},"end":{"line":73,"column":57}}]},"48":{"type":"branch","line":75,"loc":{"start":{"line":75,"column":23},"end":{"line":81,"column":7}},"locations":[{"start":{"line":75,"column":23},"end":{"line":81,"column":7}}]},"49":{"type":"branch","line":78,"loc":{"start":{"line":78,"column":8},"end":{"line":80,"column":9}},"locations":[{"start":{"line":78,"column":8},"end":{"line":80,"column":9}}]},"50":{"type":"branch","line":165,"loc":{"start":{"line":165,"column":0},"end":{"line":210,"column":1}},"locations":[{"start":{"line":165,"column":0},"end":{"line":210,"column":1}}]},"51":{"type":"branch","line":178,"loc":{"start":{"line":178,"column":69},"end":{"line":183,"column":9}},"locations":[{"start":{"line":178,"column":69},"end":{"line":183,"column":9}}]},"52":{"type":"branch","line":187,"loc":{"start":{"line":187,"column":68},"end":{"line":189,"column":9}},"locations":[{"start":{"line":187,"column":68},"end":{"line":189,"column":9}}]},"53":{"type":"branch","line":192,"loc":{"start":{"line":192,"column":54},"end":{"line":203,"column":9}},"locations":[{"start":{"line":192,"column":54},"end":{"line":203,"column":9}}]},"54":{"type":"branch","line":206,"loc":{"start":{"line":206,"column":4},"end":{"line":209,"column":5}},"locations":[{"start":{"line":206,"column":4},"end":{"line":209,"column":5}}]},"55":{"type":"branch","line":172,"loc":{"start":{"line":172,"column":47},"end":{"line":172,"column":69}},"locations":[{"start":{"line":172,"column":47},"end":{"line":172,"column":69}}]},"56":{"type":"branch","line":212,"loc":{"start":{"line":212,"column":0},"end":{"line":269,"column":1}},"locations":[{"start":{"line":212,"column":0},"end":{"line":269,"column":1}}]},"57":{"type":"branch","line":225,"loc":{"start":{"line":225,"column":17},"end":{"line":225,"column":43}},"locations":[{"start":{"line":225,"column":17},"end":{"line":225,"column":43}}]},"58":{"type":"branch","line":227,"loc":{"start":{"line":227,"column":19},"end":{"line":227,"column":58}},"locations":[{"start":{"line":227,"column":19},"end":{"line":227,"column":58}}]},"59":{"type":"branch","line":227,"loc":{"start":{"line":227,"column":37},"end":{"line":227,"column":56}},"locations":[{"start":{"line":227,"column":37},"end":{"line":227,"column":56}}]},"60":{"type":"branch","line":228,"loc":{"start":{"line":228,"column":19},"end":{"line":240,"column":9}},"locations":[{"start":{"line":228,"column":19},"end":{"line":240,"column":9}}]},"61":{"type":"branch","line":241,"loc":{"start":{"line":241,"column":19},"end":{"line":248,"column":9}},"locations":[{"start":{"line":241,"column":19},"end":{"line":248,"column":9}}]},"62":{"type":"branch","line":252,"loc":{"start":{"line":252,"column":48},"end":{"line":257,"column":13}},"locations":[{"start":{"line":252,"column":48},"end":{"line":257,"column":13}}]},"63":{"type":"branch","line":258,"loc":{"start":{"line":258,"column":8},"end":{"line":263,"column":9}},"locations":[{"start":{"line":258,"column":8},"end":{"line":263,"column":9}}]},"64":{"type":"branch","line":265,"loc":{"start":{"line":265,"column":4},"end":{"line":268,"column":5}},"locations":[{"start":{"line":265,"column":4},"end":{"line":268,"column":5}}]},"65":{"type":"branch","line":271,"loc":{"start":{"line":271,"column":0},"end":{"line":332,"column":1}},"locations":[{"start":{"line":271,"column":0},"end":{"line":332,"column":1}}]},"66":{"type":"branch","line":276,"loc":{"start":{"line":276,"column":60},"end":{"line":276,"column":80}},"locations":[{"start":{"line":276,"column":60},"end":{"line":276,"column":80}}]},"67":{"type":"branch","line":278,"loc":{"start":{"line":278,"column":19},"end":{"line":281,"column":9}},"locations":[{"start":{"line":278,"column":19},"end":{"line":281,"column":9}}]},"68":{"type":"branch","line":283,"loc":{"start":{"line":283,"column":60},"end":{"line":283,"column":80}},"locations":[{"start":{"line":283,"column":60},"end":{"line":283,"column":80}}]},"69":{"type":"branch","line":286,"loc":{"start":{"line":286,"column":21},"end":{"line":325,"column":9}},"locations":[{"start":{"line":286,"column":21},"end":{"line":325,"column":9}}]},"70":{"type":"branch","line":315,"loc":{"start":{"line":315,"column":35},"end":{"line":315,"column":62}},"locations":[{"start":{"line":315,"column":35},"end":{"line":315,"column":62}}]},"71":{"type":"branch","line":322,"loc":{"start":{"line":322,"column":12},"end":{"line":324,"column":13}},"locations":[{"start":{"line":322,"column":12},"end":{"line":324,"column":13}}]},"72":{"type":"branch","line":325,"loc":{"start":{"line":325,"column":8},"end":{"line":331,"column":5}},"locations":[{"start":{"line":325,"column":8},"end":{"line":331,"column":5}}]},"73":{"type":"branch","line":296,"loc":{"start":{"line":296,"column":25},"end":{"line":309,"column":10}},"locations":[{"start":{"line":296,"column":25},"end":{"line":309,"column":10}}]}},"b":{"0":[3],"1":[0],"2":[0],"3":[2],"4":[1],"5":[0],"6":[3],"7":[0],"8":[0],"9":[3],"10":[0],"11":[0],"12":[1],"13":[2],"14":[1],"15":[2],"16":[1],"17":[2],"18":[0],"19":[1],"20":[2],"21":[0],"22":[1],"23":[2],"24":[0],"25":[1],"26":[0],"27":[0],"28":[0],"29":[2],"30":[0],"31":[2],"32":[2],"33":[2],"34":[2],"35":[0],"36":[1],"37":[2],"38":[0],"39":[0],"40":[0],"41":[2],"42":[1],"43":[3],"44":[2],"45":[2],"46":[2],"47":[2],"48":[3],"49":[0],"50":[3],"51":[0],"52":[0],"53":[0],"54":[0],"55":[6],"56":[3],"57":[2],"58":[2],"59":[0],"60":[0],"61":[0],"62":[0],"63":[0],"64":[0],"65":[2],"66":[0],"67":[0],"68":[1],"69":[1],"70":[0],"71":[0],"72":[0],"73":[2]},"fnMap":{"0":{"name":"extractAccessToken","decl":{"start":{"line":16,"column":0},"end":{"line":30,"column":1}},"loc":{"start":{"line":16,"column":0},"end":{"line":30,"column":1}},"line":16},"1":{"name":"checkDb","decl":{"start":{"line":32,"column":0},"end":{"line":42,"column":1}},"loc":{"start":{"line":32,"column":0},"end":{"line":42,"column":1}},"line":32},"2":{"name":"checkR2","decl":{"start":{"line":44,"column":0},"end":{"line":62,"column":1}},"loc":{"start":{"line":44,"column":0},"end":{"line":62,"column":1}},"line":44},"3":{"name":"GET","decl":{"start":{"line":64,"column":0},"end":{"line":163,"column":1}},"loc":{"start":{"line":64,"column":0},"end":{"line":163,"column":1}},"line":64},"4":{"name":"checkEnvAndBindings","decl":{"start":{"line":165,"column":0},"end":{"line":210,"column":1}},"loc":{"start":{"line":165,"column":0},"end":{"line":210,"column":1}},"line":165},"5":{"name":"checkAppUrl","decl":{"start":{"line":212,"column":0},"end":{"line":269,"column":1}},"loc":{"start":{"line":212,"column":0},"end":{"line":269,"column":1}},"line":212},"6":{"name":"checkExternalServices","decl":{"start":{"line":271,"column":0},"end":{"line":332,"column":1}},"loc":{"start":{"line":271,"column":0},"end":{"line":332,"column":1}},"line":271},"7":{"name":"tryFetch","decl":{"start":{"line":296,"column":25},"end":{"line":309,"column":10}},"loc":{"start":{"line":296,"column":25},"end":{"line":309,"column":10}},"line":296}},"f":{"0":3,"1":2,"2":3,"3":3,"4":3,"5":3,"6":2,"7":2}}
,"D:\\Cursor project\\fullstack-next-cloudflare-main\\src\\lib\\api-error.ts": {"path":"D:\\Cursor project\\fullstack-next-cloudflare-main\\src\\lib\\api-error.ts","all":false,"statementMap":{"0":{"start":{"line":1,"column":0},"end":{"line":1,"column":27}},"2":{"start":{"line":3,"column":0},"end":{"line":3,"column":56}},"3":{"start":{"line":4,"column":0},"end":{"line":4,"column":38}},"4":{"start":{"line":5,"column":0},"end":{"line":5,"column":43}},"5":{"start":{"line":6,"column":0},"end":{"line":6,"column":28}},"6":{"start":{"line":7,"column":0},"end":{"line":7,"column":28}},"7":{"start":{"line":8,"column":0},"end":{"line":8,"column":31}},"8":{"start":{"line":9,"column":0},"end":{"line":9,"column":42}},"9":{"start":{"line":10,"column":0},"end":{"line":10,"column":49}},"10":{"start":{"line":11,"column":0},"end":{"line":11,"column":15}},"11":{"start":{"line":12,"column":0},"end":{"line":12,"column":13}},"12":{"start":{"line":13,"column":0},"end":{"line":13,"column":28}},"13":{"start":{"line":14,"column":0},"end":{"line":14,"column":64}},"14":{"start":{"line":15,"column":0},"end":{"line":15,"column":14}},"15":{"start":{"line":16,"column":0},"end":{"line":16,"column":10}},"16":{"start":{"line":17,"column":0},"end":{"line":17,"column":5}},"19":{"start":{"line":20,"column":0},"end":{"line":20,"column":39}},"20":{"start":{"line":21,"column":0},"end":{"line":21,"column":28}},"21":{"start":{"line":22,"column":0},"end":{"line":22,"column":28}},"22":{"start":{"line":23,"column":0},"end":{"line":23,"column":31}},"23":{"start":{"line":24,"column":0},"end":{"line":24,"column":45}},"24":{"start":{"line":25,"column":0},"end":{"line":25,"column":15}},"25":{"start":{"line":26,"column":0},"end":{"line":26,"column":13}},"26":{"start":{"line":27,"column":0},"end":{"line":27,"column":28}},"27":{"start":{"line":28,"column":0},"end":{"line":28,"column":64}},"28":{"start":{"line":29,"column":0},"end":{"line":29,"column":14}},"29":{"start":{"line":30,"column":0},"end":{"line":30,"column":10}},"30":{"start":{"line":31,"column":0},"end":{"line":31,"column":5}},"33":{"start":{"line":34,"column":0},"end":{"line":34,"column":19}},"34":{"start":{"line":35,"column":0},"end":{"line":35,"column":73}},"35":{"start":{"line":36,"column":0},"end":{"line":36,"column":24}},"36":{"start":{"line":37,"column":0},"end":{"line":37,"column":24}},"37":{"start":{"line":38,"column":0},"end":{"line":38,"column":27}},"38":{"start":{"line":39,"column":0},"end":{"line":39,"column":27}},"39":{"start":{"line":40,"column":0},"end":{"line":40,"column":11}},"40":{"start":{"line":41,"column":0},"end":{"line":41,"column":9}},"41":{"start":{"line":42,"column":0},"end":{"line":42,"column":24}},"42":{"start":{"line":43,"column":0},"end":{"line":43,"column":60}},"43":{"start":{"line":44,"column":0},"end":{"line":44,"column":10}},"44":{"start":{"line":45,"column":0},"end":{"line":45,"column":6}},"45":{"start":{"line":46,"column":0},"end":{"line":46,"column":1}}},"s":{"0":1,"2":4,"3":4,"4":1,"5":1,"6":1,"7":1,"8":1,"9":1,"10":1,"11":1,"12":1,"13":1,"14":1,"15":1,"16":1,"19":4,"20":1,"21":1,"22":1,"23":1,"24":1,"25":1,"26":1,"27":1,"28":1,"29":1,"30":1,"33":2,"34":4,"35":4,"36":4,"37":4,"38":4,"39":4,"40":4,"41":4,"42":4,"43":4,"44":4,"45":4},"branchMap":{"0":{"type":"branch","line":3,"loc":{"start":{"line":3,"column":0},"end":{"line":46,"column":1}},"locations":[{"start":{"line":3,"column":0},"end":{"line":46,"column":1}}]},"1":{"type":"branch","line":4,"loc":{"start":{"line":4,"column":37},"end":{"line":17,"column":5}},"locations":[{"start":{"line":4,"column":37},"end":{"line":17,"column":5}}]},"2":{"type":"branch","line":17,"loc":{"start":{"line":17,"column":4},"end":{"line":20,"column":38}},"locations":[{"start":{"line":17,"column":4},"end":{"line":20,"column":38}}]},"3":{"type":"branch","line":20,"loc":{"start":{"line":20,"column":38},"end":{"line":31,"column":5}},"locations":[{"start":{"line":20,"column":38},"end":{"line":31,"column":5}}]},"4":{"type":"branch","line":31,"loc":{"start":{"line":31,"column":4},"end":{"line":35,"column":33}},"locations":[{"start":{"line":31,"column":4},"end":{"line":35,"column":33}}]},"5":{"type":"branch","line":35,"loc":{"start":{"line":35,"column":25},"end":{"line":35,"column":49}},"locations":[{"start":{"line":35,"column":25},"end":{"line":35,"column":49}}]},"6":{"type":"branch","line":35,"loc":{"start":{"line":35,"column":39},"end":{"line":35,"column":73}},"locations":[{"start":{"line":35,"column":39},"end":{"line":35,"column":73}}]}},"b":{"0":[4],"1":[1],"2":[3],"3":[1],"4":[2],"5":[1],"6":[1]},"fnMap":{"0":{"name":"handleApiError","decl":{"start":{"line":3,"column":0},"end":{"line":46,"column":1}},"loc":{"start":{"line":3,"column":0},"end":{"line":46,"column":1}},"line":3}},"f":{"0":4}}
,"D:\\Cursor project\\fullstack-next-cloudflare-main\\src\\lib\\r2.ts": {"path":"D:\\Cursor project\\fullstack-next-cloudflare-main\\src\\lib\\r2.ts","all":false,"statementMap":{"0":{"start":{"line":1,"column":0},"end":{"line":1,"column":62}},"1":{"start":{"line":2,"column":0},"end":{"line":2,"column":50}},"3":{"start":{"line":4,"column":0},"end":{"line":4,"column":36}},"4":{"start":{"line":5,"column":0},"end":{"line":5,"column":16}},"5":{"start":{"line":6,"column":0},"end":{"line":6,"column":17}},"6":{"start":{"line":7,"column":0},"end":{"line":7,"column":17}},"7":{"start":{"line":8,"column":0},"end":{"line":8,"column":16}},"8":{"start":{"line":9,"column":0},"end":{"line":9,"column":20}},"9":{"start":{"line":10,"column":0},"end":{"line":10,"column":22}},"10":{"start":{"line":11,"column":0},"end":{"line":11,"column":17}},"11":{"start":{"line":12,"column":0},"end":{"line":12,"column":15}},"12":{"start":{"line":13,"column":0},"end":{"line":13,"column":20}},"13":{"start":{"line":14,"column":0},"end":{"line":14,"column":2}},"15":{"start":{"line":16,"column":0},"end":{"line":16,"column":62}},"53":{"start":{"line":54,"column":0},"end":{"line":54,"column":54}},"54":{"start":{"line":55,"column":0},"end":{"line":55,"column":78}},"55":{"start":{"line":56,"column":0},"end":{"line":56,"column":35}},"56":{"start":{"line":57,"column":0},"end":{"line":57,"column":1}},"58":{"start":{"line":59,"column":0},"end":{"line":59,"column":27}},"59":{"start":{"line":60,"column":0},"end":{"line":60,"column":8}},"60":{"start":{"line":61,"column":0},"end":{"line":61,"column":51}},"61":{"start":{"line":62,"column":0},"end":{"line":62,"column":58}},"62":{"start":{"line":63,"column":0},"end":{"line":63,"column":7}},"63":{"start":{"line":64,"column":0},"end":{"line":64,"column":46}},"64":{"start":{"line":65,"column":0},"end":{"line":65,"column":5}},"65":{"start":{"line":66,"column":0},"end":{"line":66,"column":51}},"66":{"start":{"line":67,"column":0},"end":{"line":67,"column":1}},"68":{"start":{"line":69,"column":0},"end":{"line":69,"column":46}},"69":{"start":{"line":70,"column":0},"end":{"line":70,"column":42}},"70":{"start":{"line":71,"column":0},"end":{"line":71,"column":24}},"71":{"start":{"line":72,"column":0},"end":{"line":72,"column":64}},"72":{"start":{"line":73,"column":0},"end":{"line":73,"column":40}},"73":{"start":{"line":74,"column":0},"end":{"line":74,"column":1}},"75":{"start":{"line":76,"column":0},"end":{"line":76,"column":57}},"76":{"start":{"line":77,"column":0},"end":{"line":77,"column":26}},"77":{"start":{"line":78,"column":0},"end":{"line":78,"column":20}},"78":{"start":{"line":79,"column":0},"end":{"line":79,"column":5}},"80":{"start":{"line":81,"column":0},"end":{"line":81,"column":42}},"81":{"start":{"line":82,"column":0},"end":{"line":82,"column":41}},"82":{"start":{"line":83,"column":0},"end":{"line":83,"column":52}},"83":{"start":{"line":84,"column":0},"end":{"line":84,"column":43}},"84":{"start":{"line":85,"column":0},"end":{"line":85,"column":9}},"85":{"start":{"line":86,"column":0},"end":{"line":86,"column":36}},"86":{"start":{"line":87,"column":0},"end":{"line":87,"column":7}},"87":{"start":{"line":88,"column":0},"end":{"line":88,"column":1}},"89":{"start":{"line":90,"column":0},"end":{"line":90,"column":39}},"90":{"start":{"line":91,"column":0},"end":{"line":91,"column":54}},"91":{"start":{"line":92,"column":0},"end":{"line":92,"column":1}},"93":{"start":{"line":94,"column":0},"end":{"line":94,"column":46}},"95":{"start":{"line":96,"column":0},"end":{"line":96,"column":48}},"96":{"start":{"line":97,"column":0},"end":{"line":97,"column":46}},"97":{"start":{"line":98,"column":0},"end":{"line":98,"column":17}},"98":{"start":{"line":99,"column":0},"end":{"line":99,"column":1}},"100":{"start":{"line":101,"column":0},"end":{"line":101,"column":33}},"101":{"start":{"line":102,"column":0},"end":{"line":102,"column":15}},"102":{"start":{"line":103,"column":0},"end":{"line":103,"column":31}},"103":{"start":{"line":104,"column":0},"end":{"line":104,"column":40}},"104":{"start":{"line":105,"column":0},"end":{"line":105,"column":26}},"105":{"start":{"line":106,"column":0},"end":{"line":106,"column":9}},"106":{"start":{"line":107,"column":0},"end":{"line":107,"column":32}},"107":{"start":{"line":108,"column":0},"end":{"line":108,"column":71}},"108":{"start":{"line":109,"column":0},"end":{"line":109,"column":28}},"109":{"start":{"line":110,"column":0},"end":{"line":110,"column":68}},"110":{"start":{"line":111,"column":0},"end":{"line":111,"column":75}},"111":{"start":{"line":112,"column":0},"end":{"line":112,"column":46}},"112":{"start":{"line":113,"column":0},"end":{"line":113,"column":48}},"114":{"start":{"line":115,"column":0},"end":{"line":115,"column":39}},"115":{"start":{"line":116,"column":0},"end":{"line":116,"column":20}},"116":{"start":{"line":117,"column":0},"end":{"line":117,"column":31}},"117":{"start":{"line":118,"column":0},"end":{"line":118,"column":82}},"118":{"start":{"line":119,"column":0},"end":{"line":119,"column":14}},"119":{"start":{"line":120,"column":0},"end":{"line":120,"column":9}},"121":{"start":{"line":122,"column":0},"end":{"line":122,"column":69}},"122":{"start":{"line":123,"column":0},"end":{"line":123,"column":61}},"123":{"start":{"line":124,"column":0},"end":{"line":124,"column":20}},"124":{"start":{"line":125,"column":0},"end":{"line":125,"column":31}},"125":{"start":{"line":126,"column":0},"end":{"line":126,"column":52}},"126":{"start":{"line":127,"column":0},"end":{"line":127,"column":14}},"127":{"start":{"line":128,"column":0},"end":{"line":128,"column":9}},"129":{"start":{"line":130,"column":0},"end":{"line":130,"column":24}},"130":{"start":{"line":131,"column":0},"end":{"line":131,"column":59}},"131":{"start":{"line":132,"column":0},"end":{"line":132,"column":43}},"132":{"start":{"line":133,"column":0},"end":{"line":133,"column":49}},"133":{"start":{"line":134,"column":0},"end":{"line":134,"column":59}},"134":{"start":{"line":135,"column":0},"end":{"line":135,"column":75}},"135":{"start":{"line":136,"column":0},"end":{"line":136,"column":15}},"137":{"start":{"line":138,"column":0},"end":{"line":138,"column":39}},"138":{"start":{"line":139,"column":0},"end":{"line":139,"column":24}},"139":{"start":{"line":140,"column":0},"end":{"line":140,"column":35}},"140":{"start":{"line":141,"column":0},"end":{"line":141,"column":77}},"141":{"start":{"line":142,"column":0},"end":{"line":142,"column":18}},"142":{"start":{"line":143,"column":0},"end":{"line":143,"column":13}},"143":{"start":{"line":144,"column":0},"end":{"line":144,"column":9}},"145":{"start":{"line":146,"column":0},"end":{"line":146,"column":57}},"146":{"start":{"line":147,"column":0},"end":{"line":147,"column":40}},"148":{"start":{"line":149,"column":0},"end":{"line":149,"column":67}},"149":{"start":{"line":150,"column":0},"end":{"line":150,"column":49}},"150":{"start":{"line":151,"column":0},"end":{"line":151,"column":24}},"151":{"start":{"line":152,"column":0},"end":{"line":152,"column":35}},"152":{"start":{"line":153,"column":0},"end":{"line":153,"column":86}},"153":{"start":{"line":154,"column":0},"end":{"line":154,"column":18}},"154":{"start":{"line":155,"column":0},"end":{"line":155,"column":13}},"155":{"start":{"line":156,"column":0},"end":{"line":156,"column":17}},"156":{"start":{"line":157,"column":0},"end":{"line":157,"column":60}},"157":{"start":{"line":158,"column":0},"end":{"line":158,"column":38}},"158":{"start":{"line":159,"column":0},"end":{"line":159,"column":28}},"159":{"start":{"line":160,"column":0},"end":{"line":160,"column":39}},"160":{"start":{"line":161,"column":0},"end":{"line":161,"column":30}},"161":{"start":{"line":162,"column":0},"end":{"line":162,"column":48}},"162":{"start":{"line":163,"column":0},"end":{"line":163,"column":64}},"163":{"start":{"line":164,"column":0},"end":{"line":164,"column":22}},"164":{"start":{"line":165,"column":0},"end":{"line":165,"column":17}},"165":{"start":{"line":166,"column":0},"end":{"line":166,"column":38}},"166":{"start":{"line":167,"column":0},"end":{"line":167,"column":45}},"167":{"start":{"line":168,"column":0},"end":{"line":168,"column":29}},"168":{"start":{"line":169,"column":0},"end":{"line":169,"column":70}},"169":{"start":{"line":170,"column":0},"end":{"line":170,"column":24}},"170":{"start":{"line":171,"column":0},"end":{"line":171,"column":35}},"171":{"start":{"line":172,"column":0},"end":{"line":172,"column":26}},"172":{"start":{"line":173,"column":0},"end":{"line":173,"column":46}},"173":{"start":{"line":174,"column":0},"end":{"line":174,"column":43}},"174":{"start":{"line":175,"column":0},"end":{"line":175,"column":66}},"175":{"start":{"line":176,"column":0},"end":{"line":176,"column":18}},"176":{"start":{"line":177,"column":0},"end":{"line":177,"column":13}},"177":{"start":{"line":178,"column":0},"end":{"line":178,"column":9}},"179":{"start":{"line":180,"column":0},"end":{"line":180,"column":68}},"181":{"start":{"line":182,"column":0},"end":{"line":182,"column":37}},"182":{"start":{"line":183,"column":0},"end":{"line":183,"column":42}},"183":{"start":{"line":184,"column":0},"end":{"line":184,"column":65}},"184":{"start":{"line":185,"column":0},"end":{"line":185,"column":57}},"185":{"start":{"line":186,"column":0},"end":{"line":186,"column":79}},"187":{"start":{"line":188,"column":0},"end":{"line":188,"column":53}},"189":{"start":{"line":190,"column":0},"end":{"line":190,"column":75}},"190":{"start":{"line":191,"column":0},"end":{"line":191,"column":27}},"191":{"start":{"line":192,"column":0},"end":{"line":192,"column":42}},"192":{"start":{"line":193,"column":0},"end":{"line":193,"column":67}},"193":{"start":{"line":194,"column":0},"end":{"line":194,"column":55}},"194":{"start":{"line":195,"column":0},"end":{"line":195,"column":23}},"195":{"start":{"line":196,"column":0},"end":{"line":196,"column":90}},"196":{"start":{"line":197,"column":0},"end":{"line":197,"column":40}},"197":{"start":{"line":198,"column":0},"end":{"line":198,"column":31}},"198":{"start":{"line":199,"column":0},"end":{"line":199,"column":23}},"199":{"start":{"line":200,"column":0},"end":{"line":200,"column":26}},"200":{"start":{"line":201,"column":0},"end":{"line":201,"column":14}},"201":{"start":{"line":202,"column":0},"end":{"line":202,"column":29}},"202":{"start":{"line":203,"column":0},"end":{"line":203,"column":40}},"203":{"start":{"line":204,"column":0},"end":{"line":204,"column":53}},"204":{"start":{"line":205,"column":0},"end":{"line":205,"column":43}},"205":{"start":{"line":206,"column":0},"end":{"line":206,"column":27}},"206":{"start":{"line":207,"column":0},"end":{"line":207,"column":61}},"207":{"start":{"line":208,"column":0},"end":{"line":208,"column":14}},"208":{"start":{"line":209,"column":0},"end":{"line":209,"column":11}},"210":{"start":{"line":211,"column":0},"end":{"line":211,"column":22}},"211":{"start":{"line":212,"column":0},"end":{"line":212,"column":20}},"212":{"start":{"line":213,"column":0},"end":{"line":213,"column":31}},"213":{"start":{"line":214,"column":0},"end":{"line":214,"column":39}},"214":{"start":{"line":215,"column":0},"end":{"line":215,"column":14}},"215":{"start":{"line":216,"column":0},"end":{"line":216,"column":9}},"217":{"start":{"line":218,"column":0},"end":{"line":218,"column":51}},"218":{"start":{"line":219,"column":0},"end":{"line":219,"column":38}},"219":{"start":{"line":220,"column":0},"end":{"line":220,"column":46}},"220":{"start":{"line":221,"column":0},"end":{"line":221,"column":24}},"222":{"start":{"line":223,"column":0},"end":{"line":223,"column":16}},"223":{"start":{"line":224,"column":0},"end":{"line":224,"column":26}},"224":{"start":{"line":225,"column":0},"end":{"line":225,"column":21}},"225":{"start":{"line":226,"column":0},"end":{"line":226,"column":20}},"226":{"start":{"line":227,"column":0},"end":{"line":227,"column":31}},"227":{"start":{"line":228,"column":0},"end":{"line":228,"column":42}},"228":{"start":{"line":229,"column":0},"end":{"line":229,"column":32}},"229":{"start":{"line":230,"column":0},"end":{"line":230,"column":23}},"230":{"start":{"line":231,"column":0},"end":{"line":231,"column":39}},"231":{"start":{"line":232,"column":0},"end":{"line":232,"column":52}},"232":{"start":{"line":233,"column":0},"end":{"line":233,"column":18}},"233":{"start":{"line":234,"column":0},"end":{"line":234,"column":14}},"234":{"start":{"line":235,"column":0},"end":{"line":235,"column":10}},"235":{"start":{"line":236,"column":0},"end":{"line":236,"column":21}},"236":{"start":{"line":237,"column":0},"end":{"line":237,"column":49}},"237":{"start":{"line":238,"column":0},"end":{"line":238,"column":16}},"238":{"start":{"line":239,"column":0},"end":{"line":239,"column":27}},"239":{"start":{"line":240,"column":0},"end":{"line":240,"column":76}},"240":{"start":{"line":241,"column":0},"end":{"line":241,"column":10}},"241":{"start":{"line":242,"column":0},"end":{"line":242,"column":5}},"242":{"start":{"line":243,"column":0},"end":{"line":243,"column":1}},"244":{"start":{"line":245,"column":0},"end":{"line":245,"column":72}},"245":{"start":{"line":246,"column":0},"end":{"line":246,"column":9}},"246":{"start":{"line":247,"column":0},"end":{"line":247,"column":68}},"247":{"start":{"line":248,"column":0},"end":{"line":248,"column":47}},"248":{"start":{"line":249,"column":0},"end":{"line":249,"column":21}},"249":{"start":{"line":250,"column":0},"end":{"line":250,"column":59}},"250":{"start":{"line":251,"column":0},"end":{"line":251,"column":20}},"251":{"start":{"line":252,"column":0},"end":{"line":252,"column":5}},"252":{"start":{"line":253,"column":0},"end":{"line":253,"column":1}},"254":{"start":{"line":255,"column":0},"end":{"line":255,"column":38}}},"s":{"0":1,"1":1,"3":1,"4":1,"5":1,"6":1,"7":1,"8":1,"9":1,"10":1,"11":1,"12":1,"13":1,"15":1,"53":4,"54":4,"55":4,"56":4,"58":4,"59":4,"60":4,"61":4,"62":4,"63":4,"64":4,"65":0,"66":0,"68":4,"69":4,"70":4,"71":4,"72":4,"73":4,"75":9,"76":9,"77":0,"78":0,"80":9,"81":26,"82":0,"83":0,"84":0,"85":26,"86":9,"87":9,"89":1,"90":1,"91":1,"93":4,"95":4,"96":4,"97":3,"98":3,"100":10,"101":10,"102":10,"103":10,"104":10,"105":10,"106":10,"107":10,"108":10,"109":10,"110":10,"111":10,"112":10,"114":10,"115":1,"116":1,"117":1,"118":1,"119":1,"121":10,"122":10,"123":1,"124":1,"125":1,"126":1,"127":1,"129":10,"130":1,"131":1,"132":1,"133":1,"134":1,"135":1,"137":1,"138":1,"139":1,"140":1,"141":1,"142":1,"143":1,"145":7,"146":7,"148":10,"149":3,"150":1,"151":1,"152":1,"153":1,"154":1,"155":2,"156":2,"157":3,"158":1,"159":1,"160":1,"161":1,"162":0,"163":1,"164":1,"165":1,"166":1,"167":3,"168":0,"169":0,"170":0,"171":0,"172":0,"173":0,"174":0,"175":0,"176":0,"177":3,"179":5,"181":4,"182":4,"183":10,"184":10,"185":10,"187":10,"189":4,"190":4,"191":4,"192":4,"193":4,"194":1,"195":1,"196":1,"197":1,"198":1,"199":3,"200":10,"201":10,"202":10,"203":10,"204":10,"205":10,"206":10,"207":10,"208":10,"210":10,"211":1,"212":1,"213":1,"214":1,"215":1,"217":3,"218":3,"219":3,"220":0,"222":10,"223":10,"224":10,"225":10,"226":10,"227":10,"228":10,"229":10,"230":10,"231":10,"232":10,"233":10,"234":10,"235":10,"236":1,"237":1,"238":1,"239":1,"240":1,"241":1,"242":10,"244":2,"245":2,"246":2,"247":1,"248":1,"249":1,"250":1,"251":1,"252":2,"254":0},"branchMap":{"0":{"type":"branch","line":54,"loc":{"start":{"line":54,"column":0},"end":{"line":57,"column":1}},"locations":[{"start":{"line":54,"column":0},"end":{"line":57,"column":1}}]},"1":{"type":"branch","line":55,"loc":{"start":{"line":55,"column":24},"end":{"line":55,"column":45}},"locations":[{"start":{"line":55,"column":24},"end":{"line":55,"column":45}}]},"2":{"type":"branch","line":56,"loc":{"start":{"line":56,"column":11},"end":{"line":56,"column":35}},"locations":[{"start":{"line":56,"column":11},"end":{"line":56,"column":35}}]},"3":{"type":"branch","line":59,"loc":{"start":{"line":59,"column":0},"end":{"line":67,"column":1}},"locations":[{"start":{"line":59,"column":0},"end":{"line":67,"column":1}}]},"4":{"type":"branch","line":65,"loc":{"start":{"line":65,"column":4},"end":{"line":67,"column":1}},"locations":[{"start":{"line":65,"column":4},"end":{"line":67,"column":1}}]},"5":{"type":"branch","line":69,"loc":{"start":{"line":69,"column":0},"end":{"line":74,"column":1}},"locations":[{"start":{"line":69,"column":0},"end":{"line":74,"column":1}}]},"6":{"type":"branch","line":71,"loc":{"start":{"line":71,"column":14},"end":{"line":71,"column":24}},"locations":[{"start":{"line":71,"column":14},"end":{"line":71,"column":24}}]},"7":{"type":"branch","line":73,"loc":{"start":{"line":73,"column":32},"end":{"line":73,"column":40}},"locations":[{"start":{"line":73,"column":32},"end":{"line":73,"column":40}}]},"8":{"type":"branch","line":76,"loc":{"start":{"line":76,"column":0},"end":{"line":88,"column":1}},"locations":[{"start":{"line":76,"column":0},"end":{"line":88,"column":1}}]},"9":{"type":"branch","line":77,"loc":{"start":{"line":77,"column":25},"end":{"line":79,"column":5}},"locations":[{"start":{"line":77,"column":25},"end":{"line":79,"column":5}}]},"10":{"type":"branch","line":81,"loc":{"start":{"line":81,"column":24},"end":{"line":87,"column":5}},"locations":[{"start":{"line":81,"column":24},"end":{"line":87,"column":5}}]},"11":{"type":"branch","line":82,"loc":{"start":{"line":82,"column":40},"end":{"line":85,"column":9}},"locations":[{"start":{"line":82,"column":40},"end":{"line":85,"column":9}}]},"12":{"type":"branch","line":90,"loc":{"start":{"line":90,"column":0},"end":{"line":92,"column":1}},"locations":[{"start":{"line":90,"column":0},"end":{"line":92,"column":1}}]},"13":{"type":"branch","line":94,"loc":{"start":{"line":94,"column":0},"end":{"line":99,"column":1}},"locations":[{"start":{"line":94,"column":0},"end":{"line":99,"column":1}}]},"14":{"type":"branch","line":96,"loc":{"start":{"line":96,"column":36},"end":{"line":96,"column":48}},"locations":[{"start":{"line":96,"column":36},"end":{"line":96,"column":48}}]},"15":{"type":"branch","line":96,"loc":{"start":{"line":96,"column":43},"end":{"line":97,"column":41}},"locations":[{"start":{"line":96,"column":43},"end":{"line":97,"column":41}}]},"16":{"type":"branch","line":97,"loc":{"start":{"line":97,"column":34},"end":{"line":97,"column":46}},"locations":[{"start":{"line":97,"column":34},"end":{"line":97,"column":46}}]},"17":{"type":"branch","line":97,"loc":{"start":{"line":97,"column":41},"end":{"line":99,"column":1}},"locations":[{"start":{"line":97,"column":41},"end":{"line":99,"column":1}}]},"18":{"type":"branch","line":101,"loc":{"start":{"line":101,"column":0},"end":{"line":243,"column":1}},"locations":[{"start":{"line":101,"column":0},"end":{"line":243,"column":1}}]},"19":{"type":"branch","line":111,"loc":{"start":{"line":111,"column":47},"end":{"line":111,"column":75}},"locations":[{"start":{"line":111,"column":47},"end":{"line":111,"column":75}}]},"20":{"type":"branch","line":115,"loc":{"start":{"line":115,"column":38},"end":{"line":120,"column":9}},"locations":[{"start":{"line":115,"column":38},"end":{"line":120,"column":9}}]},"21":{"type":"branch","line":120,"loc":{"start":{"line":120,"column":8},"end":{"line":122,"column":42}},"locations":[{"start":{"line":120,"column":8},"end":{"line":122,"column":42}}]},"22":{"type":"branch","line":122,"loc":{"start":{"line":122,"column":34},"end":{"line":122,"column":69}},"locations":[{"start":{"line":122,"column":34},"end":{"line":122,"column":69}}]},"23":{"type":"branch","line":123,"loc":{"start":{"line":123,"column":60},"end":{"line":128,"column":9}},"locations":[{"start":{"line":123,"column":60},"end":{"line":128,"column":9}}]},"24":{"type":"branch","line":128,"loc":{"start":{"line":128,"column":8},"end":{"line":130,"column":23}},"locations":[{"start":{"line":128,"column":8},"end":{"line":130,"column":23}}]},"25":{"type":"branch","line":130,"loc":{"start":{"line":130,"column":23},"end":{"line":144,"column":9}},"locations":[{"start":{"line":130,"column":23},"end":{"line":144,"column":9}}]},"26":{"type":"branch","line":135,"loc":{"start":{"line":135,"column":35},"end":{"line":135,"column":75}},"locations":[{"start":{"line":135,"column":35},"end":{"line":135,"column":75}}]},"27":{"type":"branch","line":141,"loc":{"start":{"line":141,"column":37},"end":{"line":141,"column":77}},"locations":[{"start":{"line":141,"column":37},"end":{"line":141,"column":77}}]},"28":{"type":"branch","line":144,"loc":{"start":{"line":144,"column":8},"end":{"line":149,"column":34}},"locations":[{"start":{"line":144,"column":8},"end":{"line":149,"column":34}}]},"29":{"type":"branch","line":149,"loc":{"start":{"line":149,"column":12},"end":{"line":149,"column":66}},"locations":[{"start":{"line":149,"column":12},"end":{"line":149,"column":66}}]},"30":{"type":"branch","line":149,"loc":{"start":{"line":149,"column":66},"end":{"line":178,"column":9}},"locations":[{"start":{"line":149,"column":66},"end":{"line":178,"column":9}}]},"31":{"type":"branch","line":150,"loc":{"start":{"line":150,"column":48},"end":{"line":155,"column":13}},"locations":[{"start":{"line":150,"column":48},"end":{"line":155,"column":13}}]},"32":{"type":"branch","line":155,"loc":{"start":{"line":155,"column":12},"end":{"line":158,"column":37}},"locations":[{"start":{"line":155,"column":12},"end":{"line":158,"column":37}}]},"33":{"type":"branch","line":158,"loc":{"start":{"line":158,"column":37},"end":{"line":168,"column":21}},"locations":[{"start":{"line":158,"column":37},"end":{"line":168,"column":21}}]},"34":{"type":"branch","line":162,"loc":{"start":{"line":162,"column":40},"end":{"line":163,"column":64}},"locations":[{"start":{"line":162,"column":40},"end":{"line":163,"column":64}}]},"35":{"type":"branch","line":168,"loc":{"start":{"line":168,"column":12},"end":{"line":177,"column":13}},"locations":[{"start":{"line":168,"column":12},"end":{"line":177,"column":13}}]},"36":{"type":"branch","line":178,"loc":{"start":{"line":178,"column":8},"end":{"line":180,"column":68}},"locations":[{"start":{"line":178,"column":8},"end":{"line":180,"column":68}}]},"37":{"type":"branch","line":180,"loc":{"start":{"line":180,"column":66},"end":{"line":184,"column":58}},"locations":[{"start":{"line":180,"column":66},"end":{"line":184,"column":58}}]},"38":{"type":"branch","line":184,"loc":{"start":{"line":184,"column":53},"end":{"line":184,"column":65}},"locations":[{"start":{"line":184,"column":53},"end":{"line":184,"column":65}}]},"39":{"type":"branch","line":188,"loc":{"start":{"line":188,"column":51},"end":{"line":194,"column":55}},"locations":[{"start":{"line":188,"column":51},"end":{"line":194,"column":55}}]},"40":{"type":"branch","line":194,"loc":{"start":{"line":194,"column":54},"end":{"line":199,"column":23}},"locations":[{"start":{"line":194,"column":54},"end":{"line":199,"column":23}}]},"41":{"type":"branch","line":199,"loc":{"start":{"line":199,"column":22},"end":{"line":200,"column":26}},"locations":[{"start":{"line":199,"column":22},"end":{"line":200,"column":26}}]},"42":{"type":"branch","line":207,"loc":{"start":{"line":207,"column":20},"end":{"line":207,"column":57}},"locations":[{"start":{"line":207,"column":20},"end":{"line":207,"column":57}}]},"43":{"type":"branch","line":207,"loc":{"start":{"line":207,"column":53},"end":{"line":207,"column":61}},"locations":[{"start":{"line":207,"column":53},"end":{"line":207,"column":61}}]},"44":{"type":"branch","line":209,"loc":{"start":{"line":209,"column":9},"end":{"line":211,"column":21}},"locations":[{"start":{"line":209,"column":9},"end":{"line":211,"column":21}}]},"45":{"type":"branch","line":211,"loc":{"start":{"line":211,"column":21},"end":{"line":216,"column":9}},"locations":[{"start":{"line":211,"column":21},"end":{"line":216,"column":9}}]},"46":{"type":"branch","line":216,"loc":{"start":{"line":216,"column":8},"end":{"line":220,"column":46}},"locations":[{"start":{"line":216,"column":8},"end":{"line":220,"column":46}}]},"47":{"type":"branch","line":220,"loc":{"start":{"line":220,"column":44},"end":{"line":221,"column":24}},"locations":[{"start":{"line":220,"column":44},"end":{"line":221,"column":24}}]},"48":{"type":"branch","line":232,"loc":{"start":{"line":232,"column":24},"end":{"line":232,"column":48}},"locations":[{"start":{"line":232,"column":24},"end":{"line":232,"column":48}}]},"49":{"type":"branch","line":232,"loc":{"start":{"line":232,"column":44},"end":{"line":232,"column":52}},"locations":[{"start":{"line":232,"column":44},"end":{"line":232,"column":52}}]},"50":{"type":"branch","line":236,"loc":{"start":{"line":236,"column":4},"end":{"line":242,"column":5}},"locations":[{"start":{"line":236,"column":4},"end":{"line":242,"column":5}}]},"51":{"type":"branch","line":240,"loc":{"start":{"line":240,"column":50},"end":{"line":240,"column":76}},"locations":[{"start":{"line":240,"column":50},"end":{"line":240,"column":76}}]},"52":{"type":"branch","line":245,"loc":{"start":{"line":245,"column":0},"end":{"line":253,"column":1}},"locations":[{"start":{"line":245,"column":0},"end":{"line":253,"column":1}}]},"53":{"type":"branch","line":247,"loc":{"start":{"line":247,"column":66},"end":{"line":252,"column":5}},"locations":[{"start":{"line":247,"column":66},"end":{"line":252,"column":5}}]}},"b":{"0":[4],"1":[0],"2":[0],"3":[4],"4":[0],"5":[4],"6":[0],"7":[0],"8":[9],"9":[0],"10":[26],"11":[0],"12":[1],"13":[4],"14":[1],"15":[3],"16":[0],"17":[3],"18":[10],"19":[8],"20":[1],"21":[9],"22":[0],"23":[1],"24":[8],"25":[1],"26":[0],"27":[0],"28":[7],"29":[5],"30":[3],"31":[1],"32":[2],"33":[1],"34":[0],"35":[0],"36":[5],"37":[4],"38":[0],"39":[4],"40":[1],"41":[3],"42":[1],"43":[3],"44":[4],"45":[1],"46":[3],"47":[0],"48":[1],"49":[2],"50":[1],"51":[0],"52":[2],"53":[1]},"fnMap":{"0":{"name":"normalizeFolder","decl":{"start":{"line":54,"column":0},"end":{"line":57,"column":1}},"loc":{"start":{"line":54,"column":0},"end":{"line":57,"column":1}},"line":54},"1":{"name":"createRandomId","decl":{"start":{"line":59,"column":0},"end":{"line":67,"column":1}},"loc":{"start":{"line":59,"column":0},"end":{"line":67,"column":1}},"line":59},"2":{"name":"sanitizeExtension","decl":{"start":{"line":69,"column":0},"end":{"line":74,"column":1}},"loc":{"start":{"line":69,"column":0},"end":{"line":74,"column":1}},"line":69},"3":{"name":"isMimeAllowed","decl":{"start":{"line":76,"column":0},"end":{"line":88,"column":1}},"loc":{"start":{"line":76,"column":0},"end":{"line":88,"column":1}},"line":76},"4":{"name":"formatMaxSize","decl":{"start":{"line":90,"column":0},"end":{"line":92,"column":1}},"loc":{"start":{"line":90,"column":0},"end":{"line":92,"column":1}},"line":90},"5":{"name":"shouldForceAttachment","decl":{"start":{"line":94,"column":0},"end":{"line":99,"column":1}},"loc":{"start":{"line":94,"column":0},"end":{"line":99,"column":1}},"line":94},"6":{"name":"uploadToR2","decl":{"start":{"line":101,"column":0},"end":{"line":243,"column":1}},"loc":{"start":{"line":101,"column":0},"end":{"line":243,"column":1}},"line":101},"7":{"name":"getFromR2","decl":{"start":{"line":245,"column":0},"end":{"line":253,"column":1}},"loc":{"start":{"line":245,"column":0},"end":{"line":253,"column":1}},"line":245},"8":{"name":"listR2Files","decl":{"start":{"line":255,"column":0},"end":{"line":255,"column":38}},"loc":{"start":{"line":255,"column":0},"end":{"line":255,"column":38}},"line":255}},"f":{"0":4,"1":4,"2":4,"3":9,"4":1,"5":4,"6":10,"7":2,"8":0}}
,"D:\\Cursor project\\fullstack-next-cloudflare-main\\src\\lib\\seo.ts": {"path":"D:\\Cursor project\\fullstack-next-cloudflare-main\\src\\lib\\seo.ts","all":false,"statementMap":{"1":{"start":{"line":2,"column":0},"end":{"line":2,"column":55}},"4":{"start":{"line":5,"column":0},"end":{"line":5,"column":50}},"11":{"start":{"line":12,"column":0},"end":{"line":12,"column":64}},"12":{"start":{"line":13,"column":0},"end":{"line":13,"column":9}},"13":{"start":{"line":14,"column":0},"end":{"line":14,"column":28}},"14":{"start":{"line":15,"column":0},"end":{"line":15,"column":38}},"17":{"start":{"line":18,"column":0},"end":{"line":18,"column":26}},"18":{"start":{"line":19,"column":0},"end":{"line":19,"column":77}},"19":{"start":{"line":20,"column":0},"end":{"line":20,"column":30}},"20":{"start":{"line":21,"column":0},"end":{"line":21,"column":9}},"21":{"start":{"line":22,"column":0},"end":{"line":22,"column":21}},"22":{"start":{"line":23,"column":0},"end":{"line":23,"column":68}},"23":{"start":{"line":24,"column":0},"end":{"line":24,"column":16}},"24":{"start":{"line":25,"column":0},"end":{"line":25,"column":18}},"25":{"start":{"line":26,"column":0},"end":{"line":26,"column":11}},"26":{"start":{"line":27,"column":0},"end":{"line":27,"column":5}},"27":{"start":{"line":28,"column":0},"end":{"line":28,"column":21}},"28":{"start":{"line":29,"column":0},"end":{"line":29,"column":1}},"30":{"start":{"line":31,"column":0},"end":{"line":31,"column":50}},"31":{"start":{"line":32,"column":0},"end":{"line":32,"column":16}},"32":{"start":{"line":33,"column":0},"end":{"line":33,"column":125}},"33":{"start":{"line":34,"column":0},"end":{"line":34,"column":7}},"34":{"start":{"line":35,"column":0},"end":{"line":35,"column":23}},"35":{"start":{"line":36,"column":0},"end":{"line":36,"column":44}},"36":{"start":{"line":37,"column":0},"end":{"line":37,"column":5}},"37":{"start":{"line":38,"column":0},"end":{"line":38,"column":1}},"47":{"start":{"line":48,"column":0},"end":{"line":48,"column":65}},"48":{"start":{"line":49,"column":0},"end":{"line":49,"column":21}},"49":{"start":{"line":50,"column":0},"end":{"line":50,"column":14}},"50":{"start":{"line":51,"column":0},"end":{"line":51,"column":16}},"51":{"start":{"line":52,"column":0},"end":{"line":52,"column":16}},"52":{"start":{"line":53,"column":0},"end":{"line":53,"column":15}},"53":{"start":{"line":54,"column":0},"end":{"line":54,"column":22}},"54":{"start":{"line":55,"column":0},"end":{"line":55,"column":16}},"55":{"start":{"line":56,"column":0},"end":{"line":56,"column":25}},"56":{"start":{"line":57,"column":0},"end":{"line":57,"column":20}},"57":{"start":{"line":58,"column":0},"end":{"line":58,"column":22}},"58":{"start":{"line":59,"column":0},"end":{"line":59,"column":20}},"59":{"start":{"line":60,"column":0},"end":{"line":60,"column":23}},"60":{"start":{"line":61,"column":0},"end":{"line":61,"column":19}},"61":{"start":{"line":62,"column":0},"end":{"line":62,"column":20}},"62":{"start":{"line":63,"column":0},"end":{"line":63,"column":7}},"63":{"start":{"line":64,"column":0},"end":{"line":64,"column":76}},"64":{"start":{"line":65,"column":0},"end":{"line":65,"column":19}},"65":{"start":{"line":66,"column":0},"end":{"line":66,"column":14}},"66":{"start":{"line":67,"column":0},"end":{"line":67,"column":15}},"67":{"start":{"line":68,"column":0},"end":{"line":68,"column":13}},"68":{"start":{"line":69,"column":0},"end":{"line":69,"column":15}},"69":{"start":{"line":70,"column":0},"end":{"line":70,"column":16}},"70":{"start":{"line":71,"column":0},"end":{"line":71,"column":16}},"71":{"start":{"line":72,"column":0},"end":{"line":72,"column":22}},"72":{"start":{"line":73,"column":0},"end":{"line":73,"column":25}},"73":{"start":{"line":74,"column":0},"end":{"line":74,"column":24}},"74":{"start":{"line":75,"column":0},"end":{"line":75,"column":16}},"75":{"start":{"line":76,"column":0},"end":{"line":76,"column":16}},"76":{"start":{"line":77,"column":0},"end":{"line":77,"column":7}},"77":{"start":{"line":78,"column":0},"end":{"line":78,"column":39}},"78":{"start":{"line":79,"column":0},"end":{"line":79,"column":24}},"79":{"start":{"line":80,"column":0},"end":{"line":80,"column":2}},"81":{"start":{"line":82,"column":0},"end":{"line":82,"column":63}},"83":{"start":{"line":84,"column":0},"end":{"line":84,"column":40}},"84":{"start":{"line":85,"column":0},"end":{"line":85,"column":41}},"85":{"start":{"line":86,"column":0},"end":{"line":86,"column":34}},"87":{"start":{"line":88,"column":0},"end":{"line":88,"column":61}},"88":{"start":{"line":89,"column":0},"end":{"line":89,"column":14}},"89":{"start":{"line":90,"column":0},"end":{"line":90,"column":14}},"90":{"start":{"line":91,"column":0},"end":{"line":91,"column":14}},"91":{"start":{"line":92,"column":0},"end":{"line":92,"column":14}},"92":{"start":{"line":93,"column":0},"end":{"line":93,"column":2}},"94":{"start":{"line":95,"column":0},"end":{"line":95,"column":66}},"95":{"start":{"line":96,"column":0},"end":{"line":96,"column":21}},"96":{"start":{"line":97,"column":0},"end":{"line":97,"column":25}},"97":{"start":{"line":98,"column":0},"end":{"line":98,"column":5}},"98":{"start":{"line":99,"column":0},"end":{"line":99,"column":37}},"99":{"start":{"line":100,"column":0},"end":{"line":100,"column":19}},"100":{"start":{"line":101,"column":0},"end":{"line":101,"column":25}},"101":{"start":{"line":102,"column":0},"end":{"line":102,"column":5}},"102":{"start":{"line":103,"column":0},"end":{"line":103,"column":53}},"103":{"start":{"line":104,"column":0},"end":{"line":104,"column":17}},"104":{"start":{"line":105,"column":0},"end":{"line":105,"column":60}},"105":{"start":{"line":106,"column":0},"end":{"line":106,"column":9}},"106":{"start":{"line":107,"column":0},"end":{"line":107,"column":41}},"107":{"start":{"line":108,"column":0},"end":{"line":108,"column":29}},"108":{"start":{"line":109,"column":0},"end":{"line":109,"column":21}},"109":{"start":{"line":110,"column":0},"end":{"line":110,"column":75}},"110":{"start":{"line":111,"column":0},"end":{"line":111,"column":25}},"111":{"start":{"line":112,"column":0},"end":{"line":112,"column":5}},"112":{"start":{"line":113,"column":0},"end":{"line":113,"column":1}},"114":{"start":{"line":115,"column":0},"end":{"line":115,"column":30}},"115":{"start":{"line":116,"column":0},"end":{"line":116,"column":42}},"116":{"start":{"line":117,"column":0},"end":{"line":117,"column":39}},"117":{"start":{"line":118,"column":0},"end":{"line":118,"column":11}},"118":{"start":{"line":119,"column":0},"end":{"line":119,"column":64}},"119":{"start":{"line":120,"column":0},"end":{"line":120,"column":21}},"120":{"start":{"line":121,"column":0},"end":{"line":121,"column":26}},"121":{"start":{"line":122,"column":0},"end":{"line":122,"column":5}},"122":{"start":{"line":123,"column":0},"end":{"line":123,"column":21}},"123":{"start":{"line":124,"column":0},"end":{"line":124,"column":73}},"124":{"start":{"line":125,"column":0},"end":{"line":125,"column":55}},"125":{"start":{"line":126,"column":0},"end":{"line":126,"column":19}},"126":{"start":{"line":127,"column":0},"end":{"line":127,"column":24}},"127":{"start":{"line":128,"column":0},"end":{"line":128,"column":5}},"128":{"start":{"line":129,"column":0},"end":{"line":129,"column":45}},"129":{"start":{"line":130,"column":0},"end":{"line":130,"column":54}},"130":{"start":{"line":131,"column":0},"end":{"line":131,"column":6}},"131":{"start":{"line":132,"column":0},"end":{"line":132,"column":26}},"132":{"start":{"line":133,"column":0},"end":{"line":133,"column":65}},"133":{"start":{"line":134,"column":0},"end":{"line":134,"column":37}},"134":{"start":{"line":135,"column":0},"end":{"line":135,"column":47}},"135":{"start":{"line":136,"column":0},"end":{"line":136,"column":38}},"136":{"start":{"line":137,"column":0},"end":{"line":137,"column":11}},"137":{"start":{"line":138,"column":0},"end":{"line":138,"column":31}},"138":{"start":{"line":139,"column":0},"end":{"line":139,"column":5}},"139":{"start":{"line":140,"column":0},"end":{"line":140,"column":46}},"140":{"start":{"line":141,"column":0},"end":{"line":141,"column":34}},"141":{"start":{"line":142,"column":0},"end":{"line":142,"column":33}},"142":{"start":{"line":143,"column":0},"end":{"line":143,"column":43}},"143":{"start":{"line":144,"column":0},"end":{"line":144,"column":7}},"144":{"start":{"line":145,"column":0},"end":{"line":145,"column":16}},"145":{"start":{"line":146,"column":0},"end":{"line":146,"column":1}},"147":{"start":{"line":148,"column":0},"end":{"line":148,"column":75}},"148":{"start":{"line":149,"column":0},"end":{"line":149,"column":34}},"149":{"start":{"line":150,"column":0},"end":{"line":150,"column":19}},"150":{"start":{"line":151,"column":0},"end":{"line":151,"column":23}},"151":{"start":{"line":152,"column":0},"end":{"line":152,"column":5}},"152":{"start":{"line":153,"column":0},"end":{"line":153,"column":43}},"153":{"start":{"line":154,"column":0},"end":{"line":154,"column":23}},"154":{"start":{"line":155,"column":0},"end":{"line":155,"column":5}},"155":{"start":{"line":156,"column":0},"end":{"line":156,"column":48}},"156":{"start":{"line":157,"column":0},"end":{"line":157,"column":34}},"157":{"start":{"line":158,"column":0},"end":{"line":158,"column":5}},"158":{"start":{"line":159,"column":0},"end":{"line":159,"column":64}},"159":{"start":{"line":160,"column":0},"end":{"line":160,"column":9}},"160":{"start":{"line":161,"column":0},"end":{"line":161,"column":48}},"161":{"start":{"line":162,"column":0},"end":{"line":162,"column":63}},"162":{"start":{"line":163,"column":0},"end":{"line":163,"column":9}},"163":{"start":{"line":164,"column":0},"end":{"line":164,"column":65}},"164":{"start":{"line":165,"column":0},"end":{"line":165,"column":21}},"165":{"start":{"line":166,"column":0},"end":{"line":166,"column":73}},"166":{"start":{"line":167,"column":0},"end":{"line":167,"column":23}},"167":{"start":{"line":168,"column":0},"end":{"line":168,"column":5}},"168":{"start":{"line":169,"column":0},"end":{"line":16
[...]
:231,"column":0},"end":{"line":231,"column":53}},"231":{"start":{"line":232,"column":0},"end":{"line":232,"column":23}},"232":{"start":{"line":233,"column":0},"end":{"line":233,"column":17}},"233":{"start":{"line":234,"column":0},"end":{"line":234,"column":35}},"234":{"start":{"line":235,"column":0},"end":{"line":235,"column":43}},"235":{"start":{"line":236,"column":0},"end":{"line":236,"column":37}},"236":{"start":{"line":237,"column":0},"end":{"line":237,"column":37}},"237":{"start":{"line":238,"column":0},"end":{"line":238,"column":31}},"238":{"start":{"line":239,"column":0},"end":{"line":239,"column":29}},"239":{"start":{"line":240,"column":0},"end":{"line":240,"column":22}},"240":{"start":{"line":241,"column":0},"end":{"line":241,"column":18}},"241":{"start":{"line":242,"column":0},"end":{"line":242,"column":17}},"242":{"start":{"line":243,"column":0},"end":{"line":243,"column":33}},"243":{"start":{"line":244,"column":0},"end":{"line":244,"column":54}},"244":{"start":{"line":245,"column":0},"end":{"line":245,"column":18}},"245":{"start":{"line":246,"column":0},"end":{"line":246,"column":14}},"246":{"start":{"line":247,"column":0},"end":{"line":247,"column":44}},"248":{"start":{"line":249,"column":0},"end":{"line":249,"column":74}},"249":{"start":{"line":250,"column":0},"end":{"line":250,"column":27}},"250":{"start":{"line":251,"column":0},"end":{"line":251,"column":22}},"251":{"start":{"line":252,"column":0},"end":{"line":252,"column":51}},"252":{"start":{"line":253,"column":0},"end":{"line":253,"column":55}},"253":{"start":{"line":254,"column":0},"end":{"line":254,"column":14}},"254":{"start":{"line":255,"column":0},"end":{"line":255,"column":39}},"255":{"start":{"line":256,"column":0},"end":{"line":256,"column":11}},"257":{"start":{"line":258,"column":0},"end":{"line":258,"column":27}},"258":{"start":{"line":259,"column":0},"end":{"line":259,"column":39}},"259":{"start":{"line":260,"column":0},"end":{"line":260,"column":87}},"260":{"start":{"line":261,"column":0},"end":{"line":261,"column":14}},"261":{"start":{"line":262,"column":0},"end":{"line":262,"column":9}},"263":{"start":{"line":264,"column":0},"end":{"line":264,"column":52}},"266":{"start":{"line":267,"column":0},"end":{"line":267,"column":68}},"268":{"start":{"line":269,"column":0},"end":{"line":269,"column":20}},"269":{"start":{"line":270,"column":0},"end":{"line":270,"column":77}},"270":{"start":{"line":271,"column":0},"end":{"line":271,"column":9}},"272":{"start":{"line":273,"column":0},"end":{"line":273,"column":47}},"273":{"start":{"line":274,"column":0},"end":{"line":274,"column":40}},"274":{"start":{"line":275,"column":0},"end":{"line":275,"column":27}},"275":{"start":{"line":276,"column":0},"end":{"line":276,"column":60}},"276":{"start":{"line":277,"column":0},"end":{"line":277,"column":12}},"277":{"start":{"line":278,"column":0},"end":{"line":278,"column":5}},"278":{"start":{"line":279,"column":0},"end":{"line":279,"column":1}},"293":{"start":{"line":294,"column":0},"end":{"line":294,"column":48}},"294":{"start":{"line":295,"column":0},"end":{"line":295,"column":19}},"295":{"start":{"line":296,"column":0},"end":{"line":296,"column":46}},"296":{"start":{"line":297,"column":0},"end":{"line":297,"column":26}},"297":{"start":{"line":298,"column":0},"end":{"line":298,"column":24}},"298":{"start":{"line":299,"column":0},"end":{"line":299,"column":29}},"299":{"start":{"line":300,"column":0},"end":{"line":300,"column":76}},"300":{"start":{"line":301,"column":0},"end":{"line":301,"column":17}},"302":{"start":{"line":303,"column":0},"end":{"line":303,"column":36}},"303":{"start":{"line":304,"column":0},"end":{"line":304,"column":70}},"304":{"start":{"line":305,"column":0},"end":{"line":305,"column":22}},"305":{"start":{"line":306,"column":0},"end":{"line":306,"column":39}},"306":{"start":{"line":307,"column":0},"end":{"line":307,"column":77}},"307":{"start":{"line":308,"column":0},"end":{"line":308,"column":14}},"308":{"start":{"line":309,"column":0},"end":{"line":309,"column":9}},"309":{"start":{"line":310,"column":0},"end":{"line":310,"column":21}},"310":{"start":{"line":311,"column":0},"end":{"line":311,"column":80}},"311":{"start":{"line":312,"column":0},"end":{"line":312,"column":38}},"312":{"start":{"line":313,"column":0},"end":{"line":313,"column":57}},"313":{"start":{"line":314,"column":0},"end":{"line":314,"column":10}},"314":{"start":{"line":315,"column":0},"end":{"line":315,"column":5}},"316":{"start":{"line":317,"column":0},"end":{"line":317,"column":33}},"317":{"start":{"line":318,"column":0},"end":{"line":318,"column":70}},"318":{"start":{"line":319,"column":0},"end":{"line":319,"column":22}},"319":{"start":{"line":320,"column":0},"end":{"line":320,"column":39}},"320":{"start":{"line":321,"column":0},"end":{"line":321,"column":74}},"321":{"start":{"line":322,"column":0},"end":{"line":322,"column":14}},"322":{"start":{"line":323,"column":0},"end":{"line":323,"column":9}},"323":{"start":{"line":324,"column":0},"end":{"line":324,"column":21}},"324":{"start":{"line":325,"column":0},"end":{"line":325,"column":38}},"325":{"start":{"line":326,"column":0},"end":{"line":326,"column":43}},"326":{"start":{"line":327,"column":0},"end":{"line":327,"column":33}},"327":{"start":{"line":328,"column":0},"end":{"line":328,"column":23}},"328":{"start":{"line":329,"column":0},"end":{"line":329,"column":40}},"329":{"start":{"line":330,"column":0},"end":{"line":330,"column":34}},"330":{"start":{"line":331,"column":0},"end":{"line":331,"column":40}},"331":{"start":{"line":332,"column":0},"end":{"line":332,"column":38}},"332":{"start":{"line":333,"column":0},"end":{"line":333,"column":66}},"333":{"start":{"line":334,"column":0},"end":{"line":334,"column":10}},"334":{"start":{"line":335,"column":0},"end":{"line":335,"column":5}},"336":{"start":{"line":337,"column":0},"end":{"line":337,"column":31}},"337":{"start":{"line":338,"column":0},"end":{"line":338,"column":60}},"338":{"start":{"line":339,"column":0},"end":{"line":339,"column":6}},"339":{"start":{"line":340,"column":0},"end":{"line":340,"column":2}},"341":{"start":{"line":342,"column":0},"end":{"line":342,"column":37}},"342":{"start":{"line":343,"column":0},"end":{"line":343,"column":10}},"343":{"start":{"line":344,"column":0},"end":{"line":344,"column":23}},"344":{"start":{"line":345,"column":0},"end":{"line":345,"column":17}},"345":{"start":{"line":346,"column":0},"end":{"line":346,"column":2}}},"s":{"27":1,"28":1,"29":8,"30":8,"31":8,"32":8,"33":8,"34":8,"35":1,"37":1,"39":1,"40":1,"42":1,"43":5,"44":5,"45":5,"46":1,"47":1,"49":4,"50":4,"52":5,"53":10,"54":10,"55":10,"56":8,"57":8,"58":8,"59":2,"60":2,"61":6,"62":6,"63":6,"64":6,"65":10,"67":2,"68":2,"69":2,"70":2,"71":5,"72":1,"76":1,"77":1,"79":1,"80":4,"81":4,"82":4,"83":4,"84":4,"90":4,"93":1,"94":4,"95":4,"96":4,"97":4,"98":4,"99":4,"100":4,"101":4,"102":4,"103":4,"104":4,"105":4,"106":4,"108":4,"109":4,"111":1,"112":1,"113":1,"115":1,"116":1,"117":1,"118":1,"119":1,"120":1,"122":1,"123":2,"124":2,"125":2,"126":2,"127":2,"129":0,"130":0,"131":0,"132":0,"133":0,"135":1,"136":1,"137":0,"138":0,"139":0,"141":1,"142":0,"143":0,"144":0,"145":0,"146":0,"147":0,"148":0,"149":0,"150":0,"151":0,"152":0,"153":0,"154":0,"156":0,"157":0,"158":0,"159":0,"160":0,"161":0,"162":0,"163":0,"164":0,"165":0,"166":0,"167":0,"168":0,"169":0,"170":0,"171":0,"173":0,"174":0,"175":0,"176":0,"177":0,"178":0,"179":0,"181":0,"182":0,"183":0,"184":0,"185":0,"187":0,"192":0,"193":0,"194":0,"195":0,"196":0,"198":0,"199":0,"200":0,"202":0,"203":0,"204":0,"205":0,"206":0,"207":0,"208":1,"210":1,"211":1,"212":2,"213":2,"214":2,"215":2,"217":1,"218":4,"219":4,"220":4,"221":4,"222":4,"223":4,"224":4,"225":4,"226":4,"227":4,"228":4,"229":4,"230":4,"231":4,"232":4,"233":4,"234":4,"235":4,"236":4,"237":4,"238":4,"239":4,"240":4,"241":4,"242":4,"243":4,"244":4,"245":4,"246":4,"248":4,"249":4,"250":4,"251":4,"252":4,"253":4,"254":4,"255":4,"257":4,"258":3,"259":3,"260":3,"261":3,"263":1,"266":4,"268":4,"269":0,"270":0,"272":1,"273":1,"274":1,"275":1,"276":1,"277":4,"278":1,"293":1,"294":5,"295":5,"296":5,"297":5,"298":5,"299":0,"300":0,"302":5,"303":1,"304":1,"305":1,"306":1,"307":1,"308":1,"309":0,"310":1,"311":1,"312":1,"313":1,"314":1,"316":5,"317":3,"318":3,"319":1,"320":1,"321":1,"322":1,"323":2,"324":3,"325":2,"326":2,"327":3,"328":3,"329":2,"330":2,"331":3,"332":3,"333":3,"334":3,"336":1,"337":1,"338":1,"339":1,"341":1,"342":1,"343":1,"344":1,"345":1},"branchMap":{"0":{"type":"branch","line":29,"loc":{"start":{"line":29,"column":4},"end":{"line":35,"column":5}},"locations":[{"start":{"line":29,"column":4},"end":{"line":35,"column":5}}]},"1":{"type":"branch","line":41,"loc":{"start":{"line":41,"column":4},"end":{"line":41,"column":66}},"locations":[{"start":{"line":41,"column":4},"end":{"line":41,"column":66}}]},"2":{"type":"branch","line":43,"loc":{"start":{"line":43,"column":4},"end":{"line":72,"column":5}},"locations":[{"start":{"line":43,"column":4},"end":{"line":72,"column":5}}]},"3":{"type":"branch","line":46,"loc":{"start":{"line":46,"column":42},"end":{"line":48,"column":9}},"locations":[{"start":{"line":46,"column":42},"end":{"line":48,"column":9}}]},"4":{"type":"branch","line":48,"loc":{"start":{"line":48,"column":8},"end":{"line":53,"column":50}},"locations":[{"start":{"line":48,"column":8},"end":{"line":53,"column":50}}]},"5":{"type":"branch","line":53,"loc":{"start":{"line":53,"column":50},"end":{"line":66,"column":9}},"locations":[{"start":{"line":53,"column":50},"end":{"line":66,"column":9}}]},"6":{"type":"branch","line":56,"loc":{"start":{"line":56,"column":12},"end":{"line":65,"column":13}},"locations":[{"start":{"line":56,"column":12},"end":{"line":65,"column":13}}]},"7":{"type":"branch","line":59,"loc":{"start":{"line":59,"column":54},"end":{"line":61,"column":17}},"locations":[{"start":{"line":59,"column":54},"end":{"line":61,"column":17}}]},"8":{"type":"branch","line":61,"loc":{"start":{"line":61,"column":16},"end":{"line":65,"column":13}},"locations":[{"start":{"line":61,"column":16},"end":{"line":65,"column":13}}]},"9":{"type":"branch","line":66,"loc":{"start":{"line":66,"column":8},"end":{"line":71,"column":10}},"locations":[{"start":{"line":66,"column":8},"end":{"line":71,"column":10}}]},"10":{"type":"branch","line":62,"loc":{"start":{"line":62,"column":34},"end":{"line":63,"column":55}},"locations":[{"start":{"line":62,"column":34},"end":{"line":63,"column":55}}]},"11":{"type":"branch","line":80,"loc":{"start":{"line":80,"column":22},"end":{"line":91,"column":78}},"locations":[{"start":{"line":80,"column":22},"end":{"line":91,"column":78}}]},"12":{"type":"branch","line":94,"loc":{"start":{"line":94,"column":24},"end":{"line":110,"column":2}},"locations":[{"start":{"line":94,"column":24},"end":{"line":110,"column":2}}]},"13":{"type":"branch","line":96,"loc":{"start":{"line":96,"column":13},"end":{"line":100,"column":10}},"locations":[{"start":{"line":96,"column":13},"end":{"line":100,"column":10}}]},"14":{"type":"branch","line":101,"loc":{"start":{"line":101,"column":13},"end":{"line":106,"column":14}},"locations":[{"start":{"line":101,"column":13},"end":{"line":106,"column":14}}]},"15":{"type":"branch","line":104,"loc":{"start":{"line":104,"column":20},"end":{"line":104,"column":71}},"locations":[{"start":{"line":104,"column":20},"end":{"line":104,"column":71}}]},"16":{"type":"branch","line":104,"loc":{"start":{"line":104,"column":45},"end":{"line":104,"column":71}},"locations":[{"start":{"line":104,"column":45},"end":{"line":104,"column":71}}]},"17":{"type":"branch","line":112,"loc":{"start":{"line":112,"column":26},"end":{"line":134,"column":2}},"locations":[{"start":{"line":112,"column":26},"end":{"line":134,"column":2}}]},"18":{"type":"branch","line":123,"loc":{"start":{"line":123,"column":40},"end":{"line":128,"column":5}},"locations":[{"start":{"line":123,"column":40},"end":{"line":128,"column":5}}]},"19":{"type":"branch","line":127,"loc":{"start":{"line":127,"column":8},"end":{"line":127,"column":27}},"locations":[{"start":{"line":127,"column":8},"end":{"line":127,"column":27}}]},"20":{"type":"branch","line":128,"loc":{"start":{"line":128,"column":4},"end":{"line":134,"column":2}},"locations":[{"start":{"line":128,"column":4},"end":{"line":134,"column":2}}]},"21":{"type":"branch","line":212,"loc":{"start":{"line":212,"column":4},"end":{"line":216,"column":8}},"locations":[{"start":{"line":212,"column":4},"end":{"line":216,"column":8}}]},"22":{"type":"branch","line":218,"loc":{"start":{"line":218,"column":4},"end":{"line":278,"column":5}},"locations":[{"start":{"line":218,"column":4},"end":{"line":278,"column":5}}]},"23":{"type":"branch","line":258,"loc":{"start":{"line":258,"column":26},"end":{"line":262,"column":9}},"locations":[{"start":{"line":258,"column":26},"end":{"line":262,"column":9}}]},"24":{"type":"branch","line":262,"loc":{"start":{"line":262,"column":8},"end":{"line":267,"column":66}},"locations":[{"start":{"line":262,"column":8},"end":{"line":267,"column":66}}]},"25":{"type":"branch","line":269,"loc":{"start":{"line":269,"column":19},"end":{"line":271,"column":9}},"locations":[{"start":{"line":269,"column":19},"end":{"line":271,"column":9}}]},"26":{"type":"branch","line":271,"loc":{"start":{"line":271,"column":8},"end":{"line":277,"column":12}},"locations":[{"start":{"line":271,"column":8},"end":{"line":277,"column":12}}]},"27":{"type":"branch","line":274,"loc":{"start":{"line":274,"column":27},"end":{"line":277,"column":10}},"locations":[{"start":{"line":274,"column":27},"end":{"line":277,"column":10}}]},"28":{"type":"branch","line":276,"loc":{"start":{"line":276,"column":44},"end":{"line":276,"column":60}},"locations":[{"start":{"line":276,"column":44},"end":{"line":276,"column":60}}]},"29":{"type":"branch","line":294,"loc":{"start":{"line":294,"column":47},"end":{"line":340,"column":2}},"locations":[{"start":{"line":294,"column":47},"end":{"line":340,"column":2}}]},"30":{"type":"branch","line":299,"loc":{"start":{"line":299,"column":18},"end":{"line":300,"column":76}},"locations":[{"start":{"line":299,"column":18},"end":{"line":300,"column":76}}]},"31":{"type":"branch","line":300,"loc":{"start":{"line":300,"column":13},"end":{"line":301,"column":17}},"locations":[{"start":{"line":300,"column":13},"end":{"line":301,"column":17}}]},"32":{"type":"branch","line":303,"loc":{"start":{"line":303,"column":35},"end":{"line":315,"column":5}},"locations":[{"start":{"line":303,"column":35},"end":{"line":315,"column":5}}]},"33":{"type":"branch","line":304,"loc":{"start":{"line":304,"column":33},"end":{"line":304,"column":51}},"locations":[{"start":{"line":304,"column":33},"end":{"line":304,"column":51}}]},"34":{"type":"branch","line":309,"loc":{"start":{"line":309,"column":8},"end":{"line":311,"column":39}},"locations":[{"start":{"line":309,"column":8},"end":{"line":311,"column":39}}]},"35":{"type":"branch","line":311,"loc":{"start":{"line":311,"column":30},"end":{"line":311,"column":59}},"locations":[{"start":{"line":311,"column":30},"end":{"line":311,"column":59}}]},"36":{"type":"branch","line":311,"loc":{"start":{"line":311,"column":43},"end":{"line":311,"column":80}},"locations":[{"start":{"line":311,"column":43},"end":{"line":311,"column":80}}]},"37":{"type":"branch","line":315,"loc":{"start":{"line":315,"column":4},"end":{"line":317,"column":32}},"locations":[{"start":{"line":315,"column":4},"end":{"line":317,"column":32}}]},"38":{"type":"branch","line":317,"loc":{"start":{"line":317,"column":32},"end":{"line":335,"column":5}},"locations":[{"start":{"line":317,"column":32},"end":{"line":335,"column":5}}]},"39":{"type":"branch","line":318,"loc":{"start":{"line":318,"column":33},"end":{"line":318,"column":51}},"locations":[{"start":{"line":318,"column":33},"end":{"line":318,"column":51}}]},"40":{"type":"branch","line":319,"loc":{"start":{"line":319,"column":21},"end":{"line":323,"column":9}},"locations":[{"start":{"line":319,"column":21},"end":{"line":323,"column":9}}]},"41":{"type":"branch","line":323,"loc":{"start":{"line":323,"column":8},"end":{"line":325,"column":30}},"locations":[{"start":{"line":323,"column":8},"end":{"line":325,"column":30}}]},"42":{"type":"branch","line":325,"loc":{"start":{"line":325,"column":22},"end":{"line":325,"column":38}},"locations":[{"start":{"line":325,"column":22},"end":{"line":325,"column":38}}]},"43":{"type":"branch","line":325,"loc":{"start":{"line":325,"column":30},"end":{"line":326,"column":43}},"locations":[{"start":{"line":325,"column":30},"end":{"line":326,"column":43}}]},"44":{"type":"branch","line":326,"loc":{"start":{"line":326,"column":16},"end":{"line":327,"column":33}},"locations":[{"start":{"line":326,"column":16},"end":{"line":327,"column":33}}]},"45":{"type":"branch","line":329,"loc":{"start":{"line":329,"column":22},"end":{"line":329,"column":40}},"locations":[{"start":{"line":329,"column":22},"end":{"line":329,"column":40}}]},"46":{"type":"branch","line":329,"loc":{"start":{"line":329,"column":30},"end":{"line":330,"column":34}},"locations":[{"start":{"line":329,"column":30},"end":{"line":330,"column":34}}]},"47":{"type":"branch","line":330,"loc":{"start":{"line":330,"column":16},"end":{"line":331,"column":40}},"locations":[{"start":{"line":330,"column":16},"end":{"line":331,"column":40}}]},"48":{"type":"branch","line":335,"loc":{"start":{"line":335,"column":4},"end":{"line":340,"column":2}},"locations":[{"start":{"line":335,"column":4},"end":{"line":340,"column":2}}]}},"b":{"0":[8],"1":[5],"2":[5],"3":[1],"4":[4],"5":[10],"6":[8],"7":[2],"8":[6],"9":[2],"10":[6],"11":[4],"12":[4],"13":[4],"14":[4],"15":[12],"16":[8],"17":[1],"18":[2],"19":[1],"20":[0],"21":[2],"22":[4],"23":[3],"24":[1],"25":[0],"26":[1],"27":[1],"28":[0],"29":[5],"30":[0],"31":[0],"32":[1],"33":[0],"34":[0],"35":[0],"36":[0],"37":[4],"38":[3],"39":[0],"40":[1],"41":[2],"42":[0],"43":[2],"44":[2],"45":[0],"46":[2],"47":[2],"48":[1]},"fnMap":{"0":{"name":"TranslationError","decl":{"start":{"line":29,"column":4},"end":{"line":35,"column":5}},"loc":{"start":{"line":29,"column":4},"end":{"line":35,"column":5}},"line":29},"1":{"name":"TranslationService","decl":{"start":{"line":41,"column":4},"end":{"line":41,"column":66}},"loc":{"start":{"line":41,"column":4},"end":{"line":41,"column":66}},"line":41},"2":{"name":"translateBatch","decl":{"start":{"line":43,"column":4},"end":{"line":72,"column":5}},"loc":{"start":{"line":43,"column":4},"end":{"line":72,"column":5}},"line":43},"3":{"name":"SYSTEM_PROMPT","decl":{"start":{"line":80,"column":22},"end":{"line":91,"column":78}},"loc":{"start":{"line":80,"column":22},"end":{"line":91,"column":78}},"line":80},"4":{"name":"buildUserPrompt","decl":{"start":{"line":94,"column":24},"end":{"line":110,"column":2}},"loc":{"start":{"line":94,"column":24},"end":{"line":110,"column":2}},"line":94},"5":{"name":"parseJsonResponse","decl":{"start":{"line":112,"column":26},"end":{"line":134,"column":2}},"loc":{"start":{"line":112,"column":26},"end":{"line":134,"column":2}},"line":112},"6":{"name":"GeminiTranslationProvider","decl":{"start":{"line":137,"column":4},"end":{"line":140,"column":8}},"loc":{"start":{"line":137,"column":4},"end":{"line":140,"column":8}},"line":137},"7":{"name":"translateBatch","decl":{"start":{"line":142,"column":4},"end":{"line":208,"column":5}},"loc":{"start":{"line":142,"column":4},"end":{"line":208,"column":5}},"line":142},"8":{"name":"OpenAiTranslationProvider","decl":{"start":{"line":212,"column":4},"end":{"line":216,"column":8}},"loc":{"start":{"line":212,"column":4},"end":{"line":216,"column":8}},"line":212},"9":{"name":"translateBatch","decl":{"start":{"line":218,"column":4},"end":{"line":278,"column":5}},"loc":{"start":{"line":218,"column":4},"end":{"line":278,"column":5}},"line":218},"10":{"name":"createTranslationServiceFromEnv","decl":{"start":{"line":294,"column":47},"end":{"line":340,"column":2}},"loc":{"start":{"line":294,"column":47},"end":{"line":340,"column":2}},"line":294}},"f":{"0":8,"1":5,"2":5,"3":4,"4":4,"5":1,"6":0,"7":0,"8":2,"9":4,"10":5}}
}
