{"total": {"lines":{"total":10008,"covered":2863,"skipped":0,"pct":28.6},"statements":{"total":10008,"covered":2863,"skipped":0,"pct":28.6},"functions":{"total":248,"covered":157,"skipped":0,"pct":63.3},"branches":{"total":710,"covered":489,"skipped":0,"pct":68.87},"branchesTrue":{"total":0,"covered":0,"skipped":0,"pct":100}}
,"/workspace/changan-penpen/src/app/(admin)/admin/access/[token]/route.ts": {"lines":{"total":52,"covered":0,"skipped":0,"pct":0},"functions":{"total":1,"covered":0,"skipped":0,"pct":0},"statements":{"total":52,"covered":0,"skipped":0,"pct":0},"branches":{"total":1,"covered":0,"skipped":0,"pct":0}}
,"/workspace/changan-penpen/src/app/api/admin/audit-logs/route.ts": {"lines":{"total":14,"covered":0,"skipped":0,"pct":0},"functions":{"total":1,"covered":0,"skipped":0,"pct":0},"statements":{"total":14,"covered":0,"skipped":0,"pct":0},"branches":{"total":1,"covered":0,"skipped":0,"pct":0}}
,"/workspace/changan-penpen/src/app/api/admin/categories/route.ts": {"lines":{"total":15,"covered":0,"skipped":0,"pct":0},"functions":{"total":1,"covered":0,"skipped":0,"pct":0},"statements":{"total":15,"covered":0,"skipped":0,"pct":0},"branches":{"total":1,"covered":0,"skipped":0,"pct":0}}
,"/workspace/changan-penpen/src/app/api/admin/content-pages/route.ts": {"lines":{"total":22,"covered":0,"skipped":0,"pct":0},"functions":{"total":1,"covered":0,"skipped":0,"pct":0},"statements":{"total":22,"covered":0,"skipped":0,"pct":0},"branches":{"total":1,"covered":0,"skipped":0,"pct":0}}
,"/workspace/changan-penpen/src/app/api/admin/content-pages/[id]/route.ts": {"lines":{"total":64,"covered":0,"skipped":0,"pct":0},"functions":{"total":1,"covered":0,"skipped":0,"pct":0},"statements":{"total":64,"covered":0,"skipped":0,"pct":0},"branches":{"total":1,"covered":0,"skipped":0,"pct":0}}
,"/workspace/changan-penpen/src/app/api/admin/coupons/route.ts": {"lines":{"total":22,"covered":0,"skipped":0,"pct":0},"functions":{"total":1,"covered":0,"skipped":0,"pct":0},"statements":{"total":22,"covered":0,"skipped":0,"pct":0},"branches":{"total":1,"covered":0,"skipped":0,"pct":0}}
,"/workspace/changan-penpen/src/app/api/admin/coupons/[id]/route.ts": {"lines":{"total":64,"covered":0,"skipped":0,"pct":0},"functions":{"total":1,"covered":0,"skipped":0,"pct":0},"statements":{"total":64,"covered":0,"skipped":0,"pct":0},"branches":{"total":1,"covered":0,"skipped":0,"pct":0}}
,"/workspace/changan-penpen/src/app/api/admin/credits-history/route.ts": {"lines":{"total":19,"covered":0,"skipped":0,"pct":0},"functions":{"total":1,"covered":0,"skipped":0,"pct":0},"statements":{"total":19,"covered":0,"skipped":0,"pct":0},"branches":{"total":1,"covered":0,"skipped":0,"pct":0}}
,"/workspace/changan-penpen/src/app/api/admin/dashboard/route.ts": {"lines":{"total":17,"covered":0,"skipped":0,"pct":0},"functions":{"total":1,"covered":0,"skipped":0,"pct":0},"statements":{"total":17,"covered":0,"skipped":0,"pct":0},"branches":{"total":1,"covered":0,"skipped":0,"pct":0}}
,"/workspace/changan-penpen/src/app/api/admin/orders/route.ts": {"lines":{"total":19,"covered":0,"skipped":0,"pct":0},"functions":{"total":1,"covered":0,"skipped":0,"pct":0},"statements":{"total":19,"covered":0,"skipped":0,"pct":0},"branches":{"total":1,"covered":0,"skipped":0,"pct":0}}
,"/workspace/changan-penpen/src/app/api/admin/orders/[id]/route.ts": {"lines":{"total":26,"covered":0,"skipped":0,"pct":0},"functions":{"total":1,"covered":0,"skipped":0,"pct":0},"statements":{"total":26,"covered":0,"skipped":0,"pct":0},"branches":{"total":1,"covered":0,"skipped":0,"pct":0}}
,"/workspace/changan-penpen/src/app/api/admin/products/route.ts": {"lines":{"total":22,"covered":0,"skipped":0,"pct":0},"functions":{"total":1,"covered":0,"skipped":0,"pct":0},"statements":{"total":22,"covered":0,"skipped":0,"pct":0},"branches":{"total":1,"covered":0,"skipped":0,"pct":0}}
,"/workspace/changan-penpen/src/app/api/admin/products/[id]/route.ts": {"lines":{"total":64,"covered":0,"skipped":0,"pct":0},"functions":{"total":1,"covered":0,"skipped":0,"pct":0},"statements":{"total":64,"covered":0,"skipped":0,"pct":0},"branches":{"total":1,"covered":0,"skipped":0,"pct":0}}
,"/workspace/changan-penpen/src/app/api/admin/reports/route.ts": {"lines":{"total":25,"covered":0,"skipped":0,"pct":0},"functions":{"total":1,"covered":0,"skipped":0,"pct":0},"statements":{"total":25,"covered":0,"skipped":0,"pct":0},"branches":{"total":1,"covered":0,"skipped":0,"pct":0}}
,"/workspace/changan-penpen/src/app/api/admin/session/route.ts": {"lines":{"total":17,"covered":0,"skipped":0,"pct":0},"functions":{"total":1,"covered":0,"skipped":0,"pct":0},"statements":{"total":17,"covered":0,"skipped":0,"pct":0},"branches":{"total":1,"covered":0,"skipped":0,"pct":0}}
,"/workspace/changan-penpen/src/app/api/admin/site-settings/route.ts": {"lines":{"total":25,"covered":0,"skipped":0,"pct":0},"functions":{"total":1,"covered":0,"skipped":0,"pct":0},"statements":{"total":25,"covered":0,"skipped":0,"pct":0},"branches":{"total":1,"covered":0,"skipped":0,"pct":0}}
,"/workspace/changan-penpen/src/app/api/admin/tenants/route.ts": {"lines":{"total":19,"covered":0,"skipped":0,"pct":0},"functions":{"total":1,"covered":0,"skipped":0,"pct":0},"statements":{"total":19,"covered":0,"skipped":0,"pct":0},"branches":{"total":1,"covered":0,"skipped":0,"pct":0}}
,"/workspace/changan-penpen/src/app/api/admin/tenants/[id]/route.ts": {"lines":{"total":26,"covered":0,"skipped":0,"pct":0},"functions":{"total":1,"covered":0,"skipped":0,"pct":0},"statements":{"total":26,"covered":0,"skipped":0,"pct":0},"branches":{"total":1,"covered":0,"skipped":0,"pct":0}}
,"/workspace/changan-penpen/src/app/api/admin/todos/route.ts": {"lines":{"total":59,"covered":0,"skipped":0,"pct":0},"functions":{"total":1,"covered":0,"skipped":0,"pct":0},"statements":{"total":59,"covered":0,"skipped":0,"pct":0},"branches":{"total":1,"covered":0,"skipped":0,"pct":0}}
,"/workspace/changan-penpen/src/app/api/admin/todos/[id]/route.ts": {"lines":{"total":116,"covered":0,"skipped":0,"pct":0},"functions":{"total":1,"covered":0,"skipped":0,"pct":0},"statements":{"total":116,"covered":0,"skipped":0,"pct":0},"branches":{"total":1,"covered":0,"skipped":0,"pct":0}}
,"/workspace/changan-penpen/src/app/api/admin/usage/route.ts": {"lines":{"total":21,"covered":0,"skipped":0,"pct":0},"functions":{"total":1,"covered":0,"skipped":0,"pct":0},"statements":{"total":21,"covered":0,"skipped":0,"pct":0},"branches":{"total":1,"covered":0,"skipped":0,"pct":0}}
,"/workspace/changan-penpen/src/app/api/auth/[...all]/route.ts": {"lines":{"total":19,"covered":0,"skipped":0,"pct":0},"functions":{"total":1,"covered":0,"skipped":0,"pct":0},"statements":{"total":19,"covered":0,"skipped":0,"pct":0},"branches":{"total":1,"covered":0,"skipped":0,"pct":0}}
,"/workspace/changan-penpen/src/app/api/creem/create-checkout/route.ts": {"lines":{"total":365,"covered":0,"skipped":0,"pct":0},"functions":{"total":1,"covered":0,"skipped":0,"pct":0},"statements":{"total":365,"covered":0,"skipped":0,"pct":0},"branches":{"total":1,"covered":0,"skipped":0,"pct":0}}
,"/workspace/changan-penpen/src/app/api/creem/customer-portal/route.ts": {"lines":{"total":170,"covered":0,"skipped":0,"pct":0},"functions":{"total":1,"covered":0,"skipped":0,"pct":0},"statements":{"total":170,"covered":0,"skipped":0,"pct":0},"branches":{"total":1,"covered":0,"skipped":0,"pct":0}}
,"/workspace/changan-penpen/src/app/api/health/route.ts": {"lines":{"total":370,"covered":249,"skipped":0,"pct":67.29},"functions":{"total":16,"covered":16,"skipped":0,"pct":100},"statements":{"total":370,"covered":249,"skipped":0,"pct":67.29},"branches":{"total":84,"covered":43,"skipped":0,"pct":51.19}}
,"/workspace/changan-penpen/src/app/api/summarize/route.ts": {"lines":{"total":77,"covered":0,"skipped":0,"pct":0},"functions":{"total":1,"covered":0,"skipped":0,"pct":0},"statements":{"total":77,"covered":0,"skipped":0,"pct":0},"branches":{"total":1,"covered":0,"skipped":0,"pct":0}}
,"/workspace/changan-penpen/src/app/api/webhooks/creem/route.ts": {"lines":{"total":172,"covered":0,"skipped":0,"pct":0},"functions":{"total":1,"covered":0,"skipped":0,"pct":0},"statements":{"total":172,"covered":0,"skipped":0,"pct":0},"branches":{"total":1,"covered":0,"skipped":0,"pct":0}}
,"/workspace/changan-penpen/src/lib/api-error.ts": {"lines":{"total":41,"covered":41,"skipped":0,"pct":100},"functions":{"total":1,"covered":1,"skipped":0,"pct":100},"statements":{"total":41,"covered":41,"skipped":0,"pct":100},"branches":{"total":7,"covered":7,"skipped":0,"pct":100}}
,"/workspace/changan-penpen/src/lib/auth.ts": {"lines":{"total":49,"covered":0,"skipped":0,"pct":0},"functions":{"total":1,"covered":1,"skipped":0,"pct":100},"statements":{"total":49,"covered":0,"skipped":0,"pct":0},"branches":{"total":1,"covered":1,"skipped":0,"pct":100}}
,"/workspace/changan-penpen/src/lib/http.ts": {"lines":{"total":6,"covered":0,"skipped":0,"pct":0},"functions":{"total":1,"covered":0,"skipped":0,"pct":0},"statements":{"total":6,"covered":0,"skipped":0,"pct":0},"branches":{"total":1,"covered":0,"skipped":0,"pct":0}}
,"/workspace/changan-penpen/src/lib/r2.ts": {"lines":{"total":286,"covered":232,"skipped":0,"pct":81.11},"functions":{"total":16,"covered":15,"skipped":0,"pct":93.75},"statements":{"total":286,"covered":232,"skipped":0,"pct":81.11},"branches":{"total":71,"covered":50,"skipped":0,"pct":70.42}}
,"/workspace/changan-penpen/src/lib/rate-limit.ts": {"lines":{"total":270,"covered":0,"skipped":0,"pct":0},"functions":{"total":1,"covered":0,"skipped":0,"pct":0},"statements":{"total":270,"covered":0,"skipped":0,"pct":0},"branches":{"total":1,"covered":0,"skipped":0,"pct":0}}
,"/workspace/changan-penpen/src/lib/seo-metadata.ts": {"lines":{"total":155,"covered":0,"skipped":0,"pct":0},"functions":{"total":1,"covered":1,"skipped":0,"pct":100},"statements":{"total":155,"covered":0,"skipped":0,"pct":0},"branches":{"total":1,"covered":1,"skipped":0,"pct":100}}
,"/workspace/changan-penpen/src/lib/seo.ts": {"lines":{"total":609,"covered":372,"skipped":0,"pct":61.08},"functions":{"total":29,"covered":19,"skipped":0,"pct":65.51},"statements":{"total":609,"covered":372,"skipped":0,"pct":61.08},"branches":{"total":151,"covered":122,"skipped":0,"pct":80.79}}
,"/workspace/changan-penpen/src/lib/sitemap.ts": {"lines":{"total":25,"covered":0,"skipped":0,"pct":0},"functions":{"total":1,"covered":1,"skipped":0,"pct":100},"statements":{"total":25,"covered":0,"skipped":0,"pct":0},"branches":{"total":1,"covered":1,"skipped":0,"pct":100}}
,"/workspace/changan-penpen/src/lib/utils.ts": {"lines":{"total":5,"covered":5,"skipped":0,"pct":100},"functions":{"total":1,"covered":1,"skipped":0,"pct":100},"statements":{"total":5,"covered":5,"skipped":0,"pct":100},"branches":{"total":1,"covered":1,"skipped":0,"pct":100}}
,"/workspace/changan-penpen/src/modules/admin/metadata.ts": {"lines":{"total":22,"covered":0,"skipped":0,"pct":0},"functions":{"total":1,"covered":1,"skipped":0,"pct":100},"statements":{"total":22,"covered":0,"skipped":0,"pct":0},"branches":{"total":1,"covered":1,"skipped":0,"pct":100}}
,"/workspace/changan-penpen/src/modules/admin/catalog/components/content-page-form.tsx": {"lines":{"total":160,"covered":0,"skipped":0,"pct":0},"functions":{"total":1,"covered":1,"skipped":0,"pct":100},"statements":{"total":160,"covered":0,"skipped":0,"pct":0},"branches":{"total":1,"covered":1,"skipped":0,"pct":100}}
,"/workspace/changan-penpen/src/modules/admin/catalog/components/coupon-form.tsx": {"lines":{"total":180,"covered":0,"skipped":0,"pct":0},"functions":{"total":1,"covered":1,"skipped":0,"pct":100},"statements":{"total":180,"covered":0,"skipped":0,"pct":0},"branches":{"total":1,"covered":1,"skipped":0,"pct":100}}
,"/workspace/changan-penpen/src/modules/admin/catalog/components/product-form.tsx": {"lines":{"total":177,"covered":0,"skipped":0,"pct":0},"functions":{"total":1,"covered":1,"skipped":0,"pct":100},"statements":{"total":177,"covered":0,"skipped":0,"pct":0},"branches":{"total":1,"covered":1,"skipped":0,"pct":100}}
,"/workspace/changan-penpen/src/modules/admin/components/admin-refine-app.tsx": {"lines":{"total":143,"covered":0,"skipped":0,"pct":0},"functions":{"total":1,"covered":1,"skipped":0,"pct":100},"statements":{"total":143,"covered":0,"skipped":0,"pct":0},"branches":{"total":1,"covered":1,"skipped":0,"pct":100}}
,"/workspace/changan-penpen/src/modules/admin/components/admin-shell.tsx": {"lines":{"total":91,"covered":0,"skipped":0,"pct":0},"functions":{"total":1,"covered":1,"skipped":0,"pct":100},"statements":{"total":91,"covered":0,"skipped":0,"pct":0},"branches":{"total":1,"covered":1,"skipped":0,"pct":100}}
,"/workspace/changan-penpen/src/modules/admin/dashboard/components/usage-sparkline.tsx": {"lines":{"total":33,"covered":0,"skipped":0,"pct":0},"functions":{"total":1,"covered":1,"skipped":0,"pct":100},"statements":{"total":33,"covered":0,"skipped":0,"pct":0},"branches":{"total":1,"covered":1,"skipped":0,"pct":100}}
,"/workspace/changan-penpen/src/modules/admin/providers/auth-provider.ts": {"lines":{"total":58,"covered":56,"skipped":0,"pct":96.55},"functions":{"total":7,"covered":6,"skipped":0,"pct":85.71},"statements":{"total":58,"covered":56,"skipped":0,"pct":96.55},"branches":{"total":14,"covered":12,"skipped":0,"pct":85.71}}
,"/workspace/changan-penpen/src/modules/admin/providers/data-provider.ts": {"lines":{"total":195,"covered":183,"skipped":0,"pct":93.84},"functions":{"total":9,"covered":8,"skipped":0,"pct":88.88},"statements":{"total":195,"covered":183,"skipped":0,"pct":93.84},"branches":{"total":43,"covered":22,"skipped":0,"pct":51.16}}
,"/workspace/changan-penpen/src/modules/admin/providers/notification-provider.tsx": {"lines":{"total":27,"covered":0,"skipped":0,"pct":0},"functions":{"total":1,"covered":1,"skipped":0,"pct":100},"statements":{"total":27,"covered":0,"skipped":0,"pct":0},"branches":{"total":1,"covered":1,"skipped":0,"pct":100}}
,"/workspace/changan-penpen/src/modules/admin/routes/admin.routes.ts": {"lines":{"total":37,"covered":37,"skipped":0,"pct":100},"functions":{"total":2,"covered":2,"skipped":0,"pct":100},"statements":{"total":37,"covered":37,"skipped":0,"pct":100},"branches":{"total":2,"covered":2,"skipped":0,"pct":100}}
,"/workspace/changan-penpen/src/modules/admin/schemas/catalog.schema.ts": {"lines":{"total":60,"covered":52,"skipped":0,"pct":86.66},"functions":{"total":0,"covered":0,"skipped":0,"pct":100},"statements":{"total":60,"covered":52,"skipped":0,"pct":86.66},"branches":{"total":0,"covered":0,"skipped":0,"pct":100}}
,"/workspace/changan-penpen/src/modules/admin/schemas/orders.schema.ts": {"lines":{"total":14,"covered":14,"skipped":0,"pct":100},"functions":{"total":1,"covered":0,"skipped":0,"pct":0},"statements":{"total":14,"covered":14,"skipped":0,"pct":100},"branches":{"total":0,"covered":0,"skipped":0,"pct":100}}
,"/workspace/changan-penpen/src/modules/admin/schemas/reporting.schema.ts": {"lines":{"total":19,"covered":19,"skipped":0,"pct":100},"functions":{"total":0,"covered":0,"skipped":0,"pct":100},"statements":{"total":19,"covered":19,"skipped":0,"pct":100},"branches":{"total":0,"covered":0,"skipped":0,"pct":100}}
,"/workspace/changan-penpen/src/modules/admin/schemas/site-settings.schema.ts": {"lines":{"total":24,"covered":24,"skipped":0,"pct":100},"functions":{"total":0,"covered":0,"skipped":0,"pct":100},"statements":{"total":24,"covered":24,"skipped":0,"pct":100},"branches":{"total":0,"covered":0,"skipped":0,"pct":100}}
,"/workspace/changan-penpen/src/modules/admin/services/analytics.service.ts": {"lines":{"total":138,"covered":0,"skipped":0,"pct":0},"functions":{"total":1,"covered":0,"skipped":0,"pct":0},"statements":{"total":138,"covered":0,"skipped":0,"pct":0},"branches":{"total":1,"covered":0,"skipped":0,"pct":0}}
,"/workspace/changan-penpen/src/modules/admin/services/billing.service.ts": {"lines":{"total":95,"covered":0,"skipped":0,"pct":0},"functions":{"total":1,"covered":0,"skipped":0,"pct":0},"statements":{"total":95,"covered":0,"skipped":0,"pct":0},"branches":{"total":1,"covered":0,"skipped":0,"pct":0}}
,"/workspace/changan-penpen/src/modules/admin/services/catalog.service.ts": {"lines":{"total":247,"covered":0,"skipped":0,"pct":0},"functions":{"total":1,"covered":0,"skipped":0,"pct":0},"statements":{"total":247,"covered":0,"skipped":0,"pct":0},"branches":{"total":1,"covered":0,"skipped":0,"pct":0}}
,"/workspace/changan-penpen/src/modules/admin/services/report.service.ts": {"lines":{"total":174,"covered":0,"skipped":0,"pct":0},"functions":{"total":1,"covered":0,"skipped":0,"pct":0},"statements":{"total":174,"covered":0,"skipped":0,"pct":0},"branches":{"total":1,"covered":0,"skipped":0,"pct":0}}
,"/workspace/changan-penpen/src/modules/admin/services/site-settings-cache.ts": {"lines":{"total":21,"covered":0,"skipped":0,"pct":0},"functions":{"total":1,"covered":1,"skipped":0,"pct":100},"statements":{"total":21,"covered":0,"skipped":0,"pct":0},"branches":{"total":1,"covered":1,"skipped":0,"pct":100}}
,"/workspace/changan-penpen/src/modules/admin/services/site-settings.service.ts": {"lines":{"total":218,"covered":0,"skipped":0,"pct":0},"functions":{"total":1,"covered":0,"skipped":0,"pct":0},"statements":{"total":218,"covered":0,"skipped":0,"pct":0},"branches":{"total":1,"covered":0,"skipped":0,"pct":0}}
,"/workspace/changan-penpen/src/modules/admin/services/system-audit.service.ts": {"lines":{"total":36,"covered":0,"skipped":0,"pct":0},"functions":{"total":1,"covered":0,"skipped":0,"pct":0},"statements":{"total":36,"covered":0,"skipped":0,"pct":0},"branches":{"total":1,"covered":0,"skipped":0,"pct":0}}
,"/workspace/changan-penpen/src/modules/admin/services/tenant.service.ts": {"lines":{"total":163,"covered":0,"skipped":0,"pct":0},"functions":{"total":1,"covered":0,"skipped":0,"pct":0},"statements":{"total":163,"covered":0,"skipped":0,"pct":0},"branches":{"total":1,"covered":0,"skipped":0,"pct":0}}
,"/workspace/changan-penpen/src/modules/admin/services/usage-overview.service.ts": {"lines":{"total":55,"covered":0,"skipped":0,"pct":0},"functions":{"total":1,"covered":0,"skipped":0,"pct":0},"statements":{"total":55,"covered":0,"skipped":0,"pct":0},"branches":{"total":1,"covered":0,"skipped":0,"pct":0}}
,"/workspace/changan-penpen/src/modules/admin/todos/components/todo-form.tsx": {"lines":{"total":335,"covered":0,"skipped":0,"pct":0},"functions":{"total":1,"covered":1,"skipped":0,"pct":100},"statements":{"total":335,"covered":0,"skipped":0,"pct":0},"branches":{"total":1,"covered":1,"skipped":0,"pct":100}}
,"/workspace/changan-penpen/src/modules/admin/types/resource.types.ts": {"lines":{"total":0,"covered":0,"skipped":0,"pct":100},"functions":{"total":1,"covered":1,"skipped":0,"pct":100},"statements":{"total":0,"covered":0,"skipped":0,"pct":100},"branches":{"total":1,"covered":1,"skipped":0,"pct":100}}
,"/workspace/changan-penpen/src/modules/admin/utils/admin-access.ts": {"lines":{"total":135,"covered":117,"skipped":0,"pct":86.66},"functions":{"total":10,"covered":10,"skipped":0,"pct":100},"statements":{"total":135,"covered":117,"skipped":0,"pct":86.66},"branches":{"total":39,"covered":29,"skipped":0,"pct":74.35}}
,"/workspace/changan-penpen/src/modules/admin/utils/api-guard.ts": {"lines":{"total":29,"covered":0,"skipped":0,"pct":0},"functions":{"total":1,"covered":0,"skipped":0,"pct":0},"statements":{"total":29,"covered":0,"skipped":0,"pct":0},"branches":{"total":1,"covered":0,"skipped":0,"pct":0}}
,"/workspace/changan-penpen/src/modules/admin/utils/pagination.ts": {"lines":{"total":32,"covered":32,"skipped":0,"pct":100},"functions":{"total":2,"covered":2,"skipped":0,"pct":100},"statements":{"total":32,"covered":32,"skipped":0,"pct":100},"branches":{"total":14,"covered":14,"skipped":0,"pct":100}}
,"/workspace/changan-penpen/src/modules/auth/auth.route.ts": {"lines":{"total":5,"covered":5,"skipped":0,"pct":100},"functions":{"total":0,"covered":0,"skipped":0,"pct":100},"statements":{"total":5,"covered":5,"skipped":0,"pct":100},"branches":{"total":0,"covered":0,"skipped":0,"pct":100}}
,"/workspace/changan-penpen/src/modules/auth/actions/auth.action.ts": {"lines":{"total":80,"covered":0,"skipped":0,"pct":0},"functions":{"total":1,"covered":1,"skipped":0,"pct":100},"statements":{"total":80,"covered":0,"skipped":0,"pct":0},"branches":{"total":1,"covered":1,"skipped":0,"pct":100}}
,"/workspace/changan-penpen/src/modules/auth/components/login-form.tsx": {"lines":{"total":189,"covered":174,"skipped":0,"pct":92.06},"functions":{"total":6,"covered":5,"skipped":0,"pct":83.33},"statements":{"total":189,"covered":174,"skipped":0,"pct":92.06},"branches":{"total":7,"covered":5,"skipped":0,"pct":71.42}}
,"/workspace/changan-penpen/src/modules/auth/components/logout-button.tsx": {"lines":{"total":30,"covered":28,"skipped":0,"pct":93.33},"functions":{"total":2,"covered":2,"skipped":0,"pct":100},"statements":{"total":30,"covered":28,"skipped":0,"pct":93.33},"branches":{"total":3,"covered":2,"skipped":0,"pct":66.66}}
,"/workspace/changan-penpen/src/modules/auth/components/signup-form.tsx": {"lines":{"total":200,"covered":185,"skipped":0,"pct":92.5},"functions":{"total":6,"covered":5,"skipped":0,"pct":83.33},"statements":{"total":200,"covered":185,"skipped":0,"pct":92.5},"branches":{"total":7,"covered":5,"skipped":0,"pct":71.42}}
,"/workspace/changan-penpen/src/modules/auth/models/auth.model.ts": {"lines":{"total":24,"covered":24,"skipped":0,"pct":100},"functions":{"total":3,"covered":3,"skipped":0,"pct":100},"statements":{"total":24,"covered":24,"skipped":0,"pct":100},"branches":{"total":3,"covered":3,"skipped":0,"pct":100}}
,"/workspace/changan-penpen/src/modules/auth/models/user.model.ts": {"lines":{"total":0,"covered":0,"skipped":0,"pct":100},"functions":{"total":1,"covered":1,"skipped":0,"pct":100},"statements":{"total":0,"covered":0,"skipped":0,"pct":100},"branches":{"total":1,"covered":1,"skipped":0,"pct":100}}
,"/workspace/changan-penpen/src/modules/auth/schemas/auth.schema.ts": {"lines":{"total":71,"covered":71,"skipped":0,"pct":100},"functions":{"total":2,"covered":0,"skipped":0,"pct":0},"statements":{"total":71,"covered":71,"skipped":0,"pct":100},"branches":{"total":0,"covered":0,"skipped":0,"pct":100}}
,"/workspace/changan-penpen/src/modules/auth/utils/auth-client.ts": {"lines":{"total":9,"covered":7,"skipped":0,"pct":77.77},"functions":{"total":0,"covered":0,"skipped":0,"pct":100},"statements":{"total":9,"covered":7,"skipped":0,"pct":77.77},"branches":{"total":2,"covered":0,"skipped":0,"pct":0}}
,"/workspace/changan-penpen/src/modules/auth/utils/auth-utils.ts": {"lines":{"total":91,"covered":87,"skipped":0,"pct":95.6},"functions":{"total":6,"covered":6,"skipped":0,"pct":100},"statements":{"total":91,"covered":87,"skipped":0,"pct":95.6},"branches":{"total":23,"covered":22,"skipped":0,"pct":95.65}}
,"/workspace/changan-penpen/src/modules/auth/utils/guards.ts": {"lines":{"total":13,"covered":0,"skipped":0,"pct":0},"functions":{"total":1,"covered":0,"skipped":0,"pct":0},"statements":{"total":13,"covered":0,"skipped":0,"pct":0},"branches":{"total":1,"covered":0,"skipped":0,"pct":0}}
,"/workspace/changan-penpen/src/modules/creem/components/billing-actions.tsx": {"lines":{"total":107,"covered":0,"skipped":0,"pct":0},"functions":{"total":1,"covered":1,"skipped":0,"pct":100},"statements":{"total":107,"covered":0,"skipped":0,"pct":0},"branches":{"total":1,"covered":1,"skipped":0,"pct":100}}
,"/workspace/changan-penpen/src/modules/creem/components/pricing-grid.tsx": {"lines":{"total":189,"covered":0,"skipped":0,"pct":0},"functions":{"total":1,"covered":1,"skipped":0,"pct":100},"statements":{"total":189,"covered":0,"skipped":0,"pct":0},"branches":{"total":1,"covered":1,"skipped":0,"pct":100}}
,"/workspace/changan-penpen/src/modules/creem/config/subscriptions.ts": {"lines":{"total":103,"covered":0,"skipped":0,"pct":0},"functions":{"total":1,"covered":1,"skipped":0,"pct":100},"statements":{"total":103,"covered":0,"skipped":0,"pct":0},"branches":{"total":1,"covered":1,"skipped":0,"pct":100}}
,"/workspace/changan-penpen/src/modules/creem/models/creem.types.ts": {"lines":{"total":0,"covered":0,"skipped":0,"pct":100},"functions":{"total":1,"covered":1,"skipped":0,"pct":100},"statements":{"total":0,"covered":0,"skipped":0,"pct":100},"branches":{"total":1,"covered":1,"skipped":0,"pct":100}}
,"/workspace/changan-penpen/src/modules/creem/schemas/billing.schema.ts": {"lines":{"total":68,"covered":53,"skipped":0,"pct":77.94},"functions":{"total":3,"covered":0,"skipped":0,"pct":0},"statements":{"total":68,"covered":53,"skipped":0,"pct":77.94},"branches":{"total":0,"covered":0,"skipped":0,"pct":100}}
,"/workspace/changan-penpen/src/modules/creem/schemas/usage.schema.ts": {"lines":{"total":33,"covered":29,"skipped":0,"pct":87.87},"functions":{"total":2,"covered":0,"skipped":0,"pct":0},"statements":{"total":33,"covered":29,"skipped":0,"pct":87.87},"branches":{"total":0,"covered":0,"skipped":0,"pct":100}}
,"/workspace/changan-penpen/src/modules/creem/services/billing.service.ts": {"lines":{"total":163,"covered":3,"skipped":0,"pct":1.84},"functions":{"total":4,"covered":0,"skipped":0,"pct":0},"statements":{"total":163,"covered":3,"skipped":0,"pct":1.84},"branches":{"total":0,"covered":0,"skipped":0,"pct":100}}
,"/workspace/changan-penpen/src/modules/creem/services/usage.service.ts": {"lines":{"total":94,"covered":4,"skipped":0,"pct":4.25},"functions":{"total":3,"covered":0,"skipped":0,"pct":0},"statements":{"total":94,"covered":4,"skipped":0,"pct":4.25},"branches":{"total":0,"covered":0,"skipped":0,"pct":100}}
,"/workspace/changan-penpen/src/modules/creem/utils/guards.ts": {"lines":{"total":23,"covered":0,"skipped":0,"pct":0},"functions":{"total":1,"covered":0,"skipped":0,"pct":0},"statements":{"total":23,"covered":0,"skipped":0,"pct":0},"branches":{"total":1,"covered":0,"skipped":0,"pct":0}}
,"/workspace/changan-penpen/src/modules/creem/utils/verify-signature.ts": {"lines":{"total":63,"covered":61,"skipped":0,"pct":96.82},"functions":{"total":3,"covered":3,"skipped":0,"pct":100},"statements":{"total":63,"covered":61,"skipped":0,"pct":96.82},"branches":{"total":28,"covered":26,"skipped":0,"pct":92.85}}
,"/workspace/changan-penpen/src/modules/dashboard/dashboard.route.ts": {"lines":{"total":4,"covered":4,"skipped":0,"pct":100},"functions":{"total":0,"covered":0,"skipped":0,"pct":100},"statements":{"total":4,"covered":4,"skipped":0,"pct":100},"branches":{"total":0,"covered":0,"skipped":0,"pct":100}}
,"/workspace/changan-penpen/src/modules/dashboard/metadata.ts": {"lines":{"total":15,"covered":0,"skipped":0,"pct":0},"functions":{"total":1,"covered":1,"skipped":0,"pct":100},"statements":{"total":15,"covered":0,"skipped":0,"pct":0},"branches":{"total":1,"covered":1,"skipped":0,"pct":100}}
,"/workspace/changan-penpen/src/modules/marketing/components/playground.tsx": {"lines":{"total":116,"covered":0,"skipped":0,"pct":0},"functions":{"total":1,"covered":1,"skipped":0,"pct":100},"statements":{"total":116,"covered":0,"skipped":0,"pct":0},"branches":{"total":1,"covered":1,"skipped":0,"pct":100}}
,"/workspace/changan-penpen/src/modules/marketing/components/public-footer.tsx": {"lines":{"total":59,"covered":0,"skipped":0,"pct":0},"functions":{"total":1,"covered":0,"skipped":0,"pct":0},"statements":{"total":59,"covered":0,"skipped":0,"pct":0},"branches":{"total":1,"covered":0,"skipped":0,"pct":0}}
,"/workspace/changan-penpen/src/modules/marketing/components/public-header.tsx": {"lines":{"total":96,"covered":0,"skipped":0,"pct":0},"functions":{"total":1,"covered":1,"skipped":0,"pct":100},"statements":{"total":96,"covered":0,"skipped":0,"pct":0},"branches":{"total":1,"covered":1,"skipped":0,"pct":100}}
,"/workspace/changan-penpen/src/modules/marketing/services/sitemap.service.ts": {"lines":{"total":4,"covered":0,"skipped":0,"pct":0},"functions":{"total":1,"covered":1,"skipped":0,"pct":100},"statements":{"total":4,"covered":0,"skipped":0,"pct":0},"branches":{"total":1,"covered":1,"skipped":0,"pct":100}}
,"/workspace/changan-penpen/src/modules/todos/todos.route.ts": {"lines":{"total":6,"covered":6,"skipped":0,"pct":100},"functions":{"total":1,"covered":0,"skipped":0,"pct":0},"statements":{"total":6,"covered":6,"skipped":0,"pct":100},"branches":{"total":0,"covered":0,"skipped":0,"pct":100}}
,"/workspace/changan-penpen/src/modules/todos/actions/create-category.action.ts": {"lines":{"total":37,"covered":36,"skipped":0,"pct":97.29},"functions":{"total":2,"covered":2,"skipped":0,"pct":100},"statements":{"total":37,"covered":36,"skipped":0,"pct":97.29},"branches":{"total":15,"covered":11,"skipped":0,"pct":73.33}}
,"/workspace/changan-penpen/src/modules/todos/actions/create-todo.action.ts": {"lines":{"total":77,"covered":63,"skipped":0,"pct":81.81},"functions":{"total":3,"covered":3,"skipped":0,"pct":100},"statements":{"total":77,"covered":63,"skipped":0,"pct":81.81},"branches":{"total":21,"covered":12,"skipped":0,"pct":57.14}}
,"/workspace/changan-penpen/src/modules/todos/actions/delete-todo.action.ts": {"lines":{"total":33,"covered":27,"skipped":0,"pct":81.81},"functions":{"total":1,"covered":1,"skipped":0,"pct":100},"statements":{"total":33,"covered":27,"skipped":0,"pct":81.81},"branches":{"total":5,"covered":3,"skipped":0,"pct":60}}
,"/workspace/changan-penpen/src/modules/todos/actions/get-categories.action.ts": {"lines":{"total":9,"covered":9,"skipped":0,"pct":100},"functions":{"total":1,"covered":1,"skipped":0,"pct":100},"statements":{"total":9,"covered":9,"skipped":0,"pct":100},"branches":{"total":2,"covered":2,"skipped":0,"pct":100}}
,"/workspace/changan-penpen/src/modules/todos/actions/get-todo-by-id.action.ts": {"lines":{"total":14,"covered":14,"skipped":0,"pct":100},"functions":{"total":1,"covered":1,"skipped":0,"pct":100},"statements":{"total":14,"covered":14,"skipped":0,"pct":100},"branches":{"total":3,"covered":3,"skipped":0,"pct":100}}
,"/workspace/changan-penpen/src/modules/todos/actions/get-todos.action.ts": {"lines":{"total":15,"covered":15,"skipped":0,"pct":100},"functions":{"total":1,"covered":1,"skipped":0,"pct":100},"statements":{"total":15,"covered":15,"skipped":0,"pct":100},"branches":{"total":2,"covered":2,"skipped":0,"pct":100}}
,"/workspace/changan-penpen/src/modules/todos/actions/update-todo.action.ts": {"lines":{"total":117,"covered":88,"skipped":0,"pct":75.21},"functions":{"total":4,"covered":4,"skipped":0,"pct":100},"statements":{"total":117,"covered":88,"skipped":0,"pct":75.21},"branches":{"total":27,"covered":11,"skipped":0,"pct":40.74}}
,"/workspace/changan-penpen/src/modules/todos/components/add-category.tsx": {"lines":{"total":144,"covered":0,"skipped":0,"pct":0},"functions":{"total":1,"covered":1,"skipped":0,"pct":100},"statements":{"total":144,"covered":0,"skipped":0,"pct":0},"branches":{"total":1,"covered":1,"skipped":0,"pct":100}}
,"/workspace/changan-penpen/src/modules/todos/components/delete-todo.tsx": {"lines":{"total":52,"covered":0,"skipped":0,"pct":0},"functions":{"total":1,"covered":1,"skipped":0,"pct":100},"statements":{"total":52,"covered":0,"skipped":0,"pct":0},"branches":{"total":1,"covered":1,"skipped":0,"pct":100}}
,"/workspace/changan-penpen/src/modules/todos/components/todo-card.tsx": {"lines":{"total":124,"covered":0,"skipped":0,"pct":0},"functions":{"total":1,"covered":0,"skipped":0,"pct":0},"statements":{"total":124,"covered":0,"skipped":0,"pct":0},"branches":{"total":1,"covered":0,"skipped":0,"pct":0}}
,"/workspace/changan-penpen/src/modules/todos/components/todo-form.tsx": {"lines":{"total":406,"covered":0,"skipped":0,"pct":0},"functions":{"total":1,"covered":1,"skipped":0,"pct":100},"statements":{"total":406,"covered":0,"skipped":0,"pct":0},"branches":{"total":1,"covered":1,"skipped":0,"pct":100}}
,"/workspace/changan-penpen/src/modules/todos/components/toggle-complete.tsx": {"lines":{"total":33,"covered":0,"skipped":0,"pct":0},"functions":{"total":1,"covered":1,"skipped":0,"pct":100},"statements":{"total":33,"covered":0,"skipped":0,"pct":0},"branches":{"total":1,"covered":1,"skipped":0,"pct":100}}
,"/workspace/changan-penpen/src/modules/todos/models/todo.enum.ts": {"lines":{"total":18,"covered":18,"skipped":0,"pct":100},"functions":{"total":0,"covered":0,"skipped":0,"pct":100},"statements":{"total":18,"covered":18,"skipped":0,"pct":100},"branches":{"total":0,"covered":0,"skipped":0,"pct":100}}
,"/workspace/changan-penpen/src/modules/todos/schemas/category.schema.ts": {"lines":{"total":33,"covered":33,"skipped":0,"pct":100},"functions":{"total":1,"covered":0,"skipped":0,"pct":0},"statements":{"total":33,"covered":33,"skipped":0,"pct":100},"branches":{"total":0,"covered":0,"skipped":0,"pct":100}}
,"/workspace/changan-penpen/src/modules/todos/schemas/todo.schema.ts": {"lines":{"total":68,"covered":68,"skipped":0,"pct":100},"functions":{"total":1,"covered":0,"skipped":0,"pct":0},"statements":{"total":68,"covered":68,"skipped":0,"pct":100},"branches":{"total":0,"covered":0,"skipped":0,"pct":100}}
,"/workspace/changan-penpen/src/modules/todos/services/category.service.ts": {"lines":{"total":69,"covered":5,"skipped":0,"pct":7.24},"functions":{"total":4,"covered":0,"skipped":0,"pct":0},"statements":{"total":69,"covered":5,"skipped":0,"pct":7.24},"branches":{"total":0,"covered":0,"skipped":0,"pct":100}}
,"/workspace/changan-penpen/src/modules/todos/services/todo.service.ts": {"lines":{"total":285,"covered":30,"skipped":0,"pct":10.52},"functions":{"total":11,"covered":0,"skipped":0,"pct":0},"statements":{"total":285,"covered":30,"skipped":0,"pct":10.52},"branches":{"total":0,"covered":0,"skipped":0,"pct":100}}
,"/workspace/changan-penpen/src/services/summarizer.service.ts": {"lines":{"total":71,"covered":71,"skipped":0,"pct":100},"functions":{"total":3,"covered":3,"skipped":0,"pct":100},"statements":{"total":71,"covered":71,"skipped":0,"pct":100},"branches":{"total":5,"covered":4,"skipped":0,"pct":80}}
,"/workspace/changan-penpen/src/services/translation.service.ts": {"lines":{"total":283,"covered":212,"skipped":0,"pct":74.91},"functions":{"total":11,"covered":9,"skipped":0,"pct":81.81},"statements":{"total":283,"covered":212,"skipped":0,"pct":74.91},"branches":{"total":62,"covered":48,"skipped":0,"pct":77.41}}
}
